2024-03-16 15:59:45,648 - Start pre-training
2024-03-16 16:01:56,527 - 1/10, PSNR: 25.69203758239746
2024-03-16 16:01:56,712 - 2/10, PSNR: 26.636899948120117
2024-03-16 16:01:59,657 - 3/10, PSNR: 27.51561164855957
2024-03-16 16:02:01,965 - 4/10, PSNR: 23.44990348815918
2024-03-16 16:02:02,172 - 5/10, PSNR: 25.529016494750977
2024-03-16 16:02:02,355 - 6/10, PSNR: 24.687028884887695
2024-03-16 16:02:04,547 - 7/10, PSNR: 18.5374698638916
2024-03-16 16:02:04,730 - 8/10, PSNR: 23.55674934387207
2024-03-16 16:02:04,913 - 9/10, PSNR: 27.632944107055664
2024-03-16 16:02:05,119 - 10/10, PSNR: 24.92140007019043
2024-03-16 16:02:05,127 - 1000/10000: loss = 509.346, PSNR = 24.815907 (138.69s)
2024-03-16 16:03:49,428 - 1/10, PSNR: 26.32100486755371
2024-03-16 16:03:49,612 - 2/10, PSNR: 28.471004486083984
2024-03-16 16:03:49,817 - 3/10, PSNR: 29.229642868041992
2024-03-16 16:03:49,980 - 4/10, PSNR: 24.16278839111328
2024-03-16 16:03:50,185 - 5/10, PSNR: 26.063133239746094
2024-03-16 16:03:50,367 - 6/10, PSNR: 25.108455657958984
2024-03-16 16:03:50,520 - 7/10, PSNR: 18.907201766967773
2024-03-16 16:03:50,703 - 8/10, PSNR: 24.16550636291504
2024-03-16 16:03:50,885 - 9/10, PSNR: 28.307939529418945
2024-03-16 16:03:51,091 - 10/10, PSNR: 25.206214904785156
2024-03-16 16:03:51,095 - 2000/10000: loss = 314.444, PSNR = 25.594290 (105.57s)
2024-03-16 16:05:35,409 - 1/10, PSNR: 26.493770599365234
2024-03-16 16:05:35,593 - 2/10, PSNR: 29.94293975830078
2024-03-16 16:05:35,799 - 3/10, PSNR: 29.780912399291992
2024-03-16 16:05:35,961 - 4/10, PSNR: 24.40082550048828
2024-03-16 16:05:36,167 - 5/10, PSNR: 26.147613525390625
2024-03-16 16:05:36,349 - 6/10, PSNR: 25.33884620666504
2024-03-16 16:05:36,502 - 7/10, PSNR: 19.056976318359375
2024-03-16 16:05:36,685 - 8/10, PSNR: 24.37144660949707
2024-03-16 16:05:36,867 - 9/10, PSNR: 28.965877532958984
2024-03-16 16:05:37,073 - 10/10, PSNR: 25.340059280395508
2024-03-16 16:05:37,077 - 3000/10000: loss = 284.675, PSNR = 25.983927 (105.68s)
2024-03-16 16:07:21,276 - 1/10, PSNR: 26.692609786987305
2024-03-16 16:07:21,460 - 2/10, PSNR: 29.936298370361328
2024-03-16 16:07:21,666 - 3/10, PSNR: 30.85926628112793
2024-03-16 16:07:21,829 - 4/10, PSNR: 24.496334075927734
2024-03-16 16:07:22,035 - 5/10, PSNR: 26.19395637512207
2024-03-16 16:07:22,218 - 6/10, PSNR: 25.45427131652832
2024-03-16 16:07:22,372 - 7/10, PSNR: 19.133045196533203
2024-03-16 16:07:22,555 - 8/10, PSNR: 24.283891677856445
2024-03-16 16:07:22,737 - 9/10, PSNR: 29.126846313476562
2024-03-16 16:07:22,943 - 10/10, PSNR: 25.377836227416992
2024-03-16 16:07:22,948 - 4000/10000: loss = 272.367, PSNR = 26.155437 (105.57s)
2024-03-16 16:09:07,433 - 1/10, PSNR: 26.756620407104492
2024-03-16 16:09:07,617 - 2/10, PSNR: 30.769601821899414
2024-03-16 16:09:07,823 - 3/10, PSNR: 31.157106399536133
2024-03-16 16:09:07,985 - 4/10, PSNR: 24.700395584106445
2024-03-16 16:09:08,190 - 5/10, PSNR: 26.353601455688477
2024-03-16 16:09:08,373 - 6/10, PSNR: 25.690940856933594
2024-03-16 16:09:08,526 - 7/10, PSNR: 19.218944549560547
2024-03-16 16:09:08,709 - 8/10, PSNR: 24.99930191040039
2024-03-16 16:09:08,892 - 9/10, PSNR: 29.130701065063477
2024-03-16 16:09:09,097 - 10/10, PSNR: 25.405710220336914
2024-03-16 16:09:09,102 - 5000/10000: loss = 262.670, PSNR = 26.418293 (105.84s)
2024-03-16 16:10:53,410 - 1/10, PSNR: 26.766572952270508
2024-03-16 16:10:53,594 - 2/10, PSNR: 30.179203033447266
2024-03-16 16:10:53,800 - 3/10, PSNR: 31.692663192749023
2024-03-16 16:10:53,963 - 4/10, PSNR: 24.914257049560547
2024-03-16 16:10:54,168 - 5/10, PSNR: 26.426517486572266
2024-03-16 16:10:54,351 - 6/10, PSNR: 25.588504791259766
2024-03-16 16:10:54,504 - 7/10, PSNR: 19.19488525390625
2024-03-16 16:10:54,686 - 8/10, PSNR: 25.033628463745117
2024-03-16 16:10:54,869 - 9/10, PSNR: 29.234569549560547
2024-03-16 16:10:55,074 - 10/10, PSNR: 25.3756160736084
2024-03-16 16:10:55,079 - 6000/10000: loss = 254.717, PSNR = 26.440643 (105.67s)
2024-03-16 16:12:39,629 - 1/10, PSNR: 26.444393157958984
2024-03-16 16:12:39,813 - 2/10, PSNR: 30.051799774169922
2024-03-16 16:12:40,019 - 3/10, PSNR: 30.58916664123535
2024-03-16 16:12:40,181 - 4/10, PSNR: 24.6700496673584
2024-03-16 16:12:40,387 - 5/10, PSNR: 25.841398239135742
2024-03-16 16:12:40,569 - 6/10, PSNR: 25.516489028930664
2024-03-16 16:12:40,722 - 7/10, PSNR: 19.22199058532715
2024-03-16 16:12:40,905 - 8/10, PSNR: 24.72088050842285
2024-03-16 16:12:41,087 - 9/10, PSNR: 28.693744659423828
2024-03-16 16:12:41,293 - 10/10, PSNR: 25.124319076538086
2024-03-16 16:12:41,298 - 7000/10000: loss = 252.224, PSNR = 26.087423 (105.90s)
2024-03-16 16:14:25,555 - 1/10, PSNR: 25.94536590576172
2024-03-16 16:14:25,739 - 2/10, PSNR: 27.64554786682129
2024-03-16 16:14:25,945 - 3/10, PSNR: 28.945411682128906
2024-03-16 16:14:26,107 - 4/10, PSNR: 24.231884002685547
2024-03-16 16:14:26,313 - 5/10, PSNR: 25.672348022460938
2024-03-16 16:14:26,495 - 6/10, PSNR: 24.915786743164062
2024-03-16 16:14:26,648 - 7/10, PSNR: 18.974641799926758
2024-03-16 16:14:26,831 - 8/10, PSNR: 23.739585876464844
2024-03-16 16:14:27,014 - 9/10, PSNR: 28.09248161315918
2024-03-16 16:14:27,219 - 10/10, PSNR: 24.874691009521484
2024-03-16 16:14:27,224 - 8000/10000: loss = 268.079, PSNR = 25.303772 (105.62s)
2024-03-16 16:16:11,415 - 1/10, PSNR: 26.984094619750977
2024-03-16 16:16:11,599 - 2/10, PSNR: 30.755399703979492
2024-03-16 16:16:11,805 - 3/10, PSNR: 32.195892333984375
2024-03-16 16:16:11,967 - 4/10, PSNR: 25.119369506835938
2024-03-16 16:16:12,172 - 5/10, PSNR: 26.44097900390625
2024-03-16 16:16:12,356 - 6/10, PSNR: 25.790790557861328
2024-03-16 16:16:12,509 - 7/10, PSNR: 19.280235290527344
2024-03-16 16:16:12,692 - 8/10, PSNR: 25.233707427978516
2024-03-16 16:16:12,874 - 9/10, PSNR: 29.496267318725586
2024-03-16 16:16:13,079 - 10/10, PSNR: 25.423858642578125
2024-03-16 16:16:13,084 - 9000/10000: loss = 259.963, PSNR = 26.672062 (105.56s)
2024-03-16 16:17:57,534 - 1/10, PSNR: 27.012990951538086
2024-03-16 16:17:57,718 - 2/10, PSNR: 31.344417572021484
2024-03-16 16:17:57,923 - 3/10, PSNR: 32.375648498535156
2024-03-16 16:17:58,086 - 4/10, PSNR: 25.166996002197266
2024-03-16 16:17:58,291 - 5/10, PSNR: 26.551279067993164
2024-03-16 16:17:58,474 - 6/10, PSNR: 25.932903289794922
2024-03-16 16:17:58,627 - 7/10, PSNR: 19.322731018066406
2024-03-16 16:17:58,810 - 8/10, PSNR: 25.264514923095703
2024-03-16 16:17:58,992 - 9/10, PSNR: 29.557086944580078
2024-03-16 16:17:59,198 - 10/10, PSNR: 25.465682983398438
2024-03-16 16:17:59,203 - 10000/10000: loss = 243.363, PSNR = 26.799427 (105.60s)
2024-03-16 16:18:00,618 - Start training GAN
2024-03-16 16:18:46,659 - 50/20000, perceptual loss = 0.0924, discriminator loss = 1.7999
2024-03-16 16:19:00,462 - 100/20000, perceptual loss = 0.0892, discriminator loss = 1.3527
2024-03-16 16:19:14,269 - 150/20000, perceptual loss = 0.0898, discriminator loss = 0.1383
2024-03-16 16:19:28,054 - 200/20000, perceptual loss = 0.1043, discriminator loss = 0.2066
2024-03-16 16:19:41,854 - 250/20000, perceptual loss = 0.1005, discriminator loss = 0.1179
2024-03-16 16:19:55,657 - 300/20000, perceptual loss = 0.0950, discriminator loss = 0.4477
2024-03-16 16:20:09,469 - 350/20000, perceptual loss = 0.0916, discriminator loss = 0.1594
2024-03-16 16:20:23,274 - 400/20000, perceptual loss = 0.0933, discriminator loss = 0.3390
2024-03-16 16:20:37,073 - 450/20000, perceptual loss = 0.0907, discriminator loss = 0.4950
2024-03-16 16:20:50,882 - 500/20000, perceptual loss = 0.0988, discriminator loss = 0.4895
2024-03-16 16:21:04,697 - 550/20000, perceptual loss = 0.1077, discriminator loss = 0.1251
2024-03-16 16:21:18,485 - 600/20000, perceptual loss = 0.1030, discriminator loss = 0.6673
2024-03-16 16:21:32,301 - 650/20000, perceptual loss = 0.0956, discriminator loss = 0.1386
2024-03-16 16:21:46,105 - 700/20000, perceptual loss = 0.0940, discriminator loss = 0.5198
2024-03-16 16:21:59,920 - 750/20000, perceptual loss = 0.0964, discriminator loss = 0.7313
2024-03-16 16:22:13,725 - 800/20000, perceptual loss = 0.0989, discriminator loss = 0.6398
2024-03-16 16:22:27,532 - 850/20000, perceptual loss = 0.0962, discriminator loss = 0.5665
2024-03-16 16:22:41,359 - 900/20000, perceptual loss = 0.0954, discriminator loss = 0.5821
2024-03-16 16:22:55,168 - 950/20000, perceptual loss = 0.0985, discriminator loss = 0.3255
2024-03-16 16:23:08,954 - 1000/20000, perceptual loss = 0.0983, discriminator loss = 0.4248
2024-03-16 16:23:22,779 - 1050/20000, perceptual loss = 0.0961, discriminator loss = 0.4665
2024-03-16 16:23:36,575 - 1100/20000, perceptual loss = 0.0938, discriminator loss = 0.4640
2024-03-16 16:23:50,368 - 1150/20000, perceptual loss = 0.0994, discriminator loss = 0.6180
2024-03-16 16:24:04,170 - 1200/20000, perceptual loss = 0.1000, discriminator loss = 1.1835
2024-03-16 16:24:17,975 - 1250/20000, perceptual loss = 0.0959, discriminator loss = 0.4330
2024-03-16 16:24:31,779 - 1300/20000, perceptual loss = 0.0994, discriminator loss = 0.2877
2024-03-16 16:24:45,597 - 1350/20000, perceptual loss = 0.0937, discriminator loss = 0.7222
2024-03-16 16:24:59,411 - 1400/20000, perceptual loss = 0.0944, discriminator loss = 0.3713
2024-03-16 16:25:13,214 - 1450/20000, perceptual loss = 0.0970, discriminator loss = 0.2642
2024-03-16 16:25:27,016 - 1500/20000, perceptual loss = 0.0891, discriminator loss = 0.2648
2024-03-16 16:25:40,819 - 1550/20000, perceptual loss = 0.0954, discriminator loss = 0.6929
2024-03-16 16:25:54,616 - 1600/20000, perceptual loss = 0.0934, discriminator loss = 0.7688
2024-03-16 16:26:08,420 - 1650/20000, perceptual loss = 0.0910, discriminator loss = 0.4408
2024-03-16 16:26:22,220 - 1700/20000, perceptual loss = 0.0908, discriminator loss = 0.3787
2024-03-16 16:26:36,029 - 1750/20000, perceptual loss = 0.0896, discriminator loss = 0.4436
2024-03-16 16:26:49,812 - 1800/20000, perceptual loss = 0.0894, discriminator loss = 0.3961
2024-03-16 16:27:03,604 - 1850/20000, perceptual loss = 0.0902, discriminator loss = 0.6545
2024-03-16 16:27:17,404 - 1900/20000, perceptual loss = 0.0883, discriminator loss = 0.5888
2024-03-16 16:27:31,200 - 1950/20000, perceptual loss = 0.0898, discriminator loss = 0.3041
2024-03-16 16:27:45,006 - 2000/20000, perceptual loss = 0.0898, discriminator loss = 0.4135
2024-03-16 16:27:58,798 - 2050/20000, perceptual loss = 0.0909, discriminator loss = 0.6532
2024-03-16 16:28:12,609 - 2100/20000, perceptual loss = 0.0945, discriminator loss = 0.4293
2024-03-16 16:28:26,408 - 2150/20000, perceptual loss = 0.0908, discriminator loss = 0.5110
2024-03-16 16:28:40,213 - 2200/20000, perceptual loss = 0.0934, discriminator loss = 0.2971
2024-03-16 16:28:54,019 - 2250/20000, perceptual loss = 0.0914, discriminator loss = 0.6128
2024-03-16 16:29:07,824 - 2300/20000, perceptual loss = 0.0940, discriminator loss = 0.3123
2024-03-16 16:29:21,631 - 2350/20000, perceptual loss = 0.0882, discriminator loss = 0.3666
2024-03-16 16:29:35,415 - 2400/20000, perceptual loss = 0.0920, discriminator loss = 0.5935
2024-03-16 16:29:49,218 - 2450/20000, perceptual loss = 0.0909, discriminator loss = 0.3001
2024-03-16 16:30:03,022 - 2500/20000, perceptual loss = 0.0891, discriminator loss = 0.5954
2024-03-16 16:30:16,843 - 2550/20000, perceptual loss = 0.0877, discriminator loss = 0.3676
2024-03-16 16:30:30,664 - 2600/20000, perceptual loss = 0.0887, discriminator loss = 0.3520
2024-03-16 16:30:44,492 - 2650/20000, perceptual loss = 0.0842, discriminator loss = 0.3114
2024-03-16 16:30:58,321 - 2700/20000, perceptual loss = 0.0885, discriminator loss = 0.9539
2024-03-16 16:31:12,142 - 2750/20000, perceptual loss = 0.0880, discriminator loss = 0.4939
2024-03-16 16:31:25,934 - 2800/20000, perceptual loss = 0.0879, discriminator loss = 0.4236
2024-03-16 16:31:39,748 - 2850/20000, perceptual loss = 0.0913, discriminator loss = 0.6136
2024-03-16 16:31:53,560 - 2900/20000, perceptual loss = 0.0878, discriminator loss = 0.7702
2024-03-16 16:32:07,369 - 2950/20000, perceptual loss = 0.0830, discriminator loss = 0.4860
2024-03-16 16:32:21,177 - 3000/20000, perceptual loss = 0.0884, discriminator loss = 0.8322
2024-03-16 16:32:34,992 - 3050/20000, perceptual loss = 0.0860, discriminator loss = 0.4019
2024-03-16 16:32:48,808 - 3100/20000, perceptual loss = 0.0894, discriminator loss = 0.4204
2024-03-16 16:33:02,619 - 3150/20000, perceptual loss = 0.0920, discriminator loss = 0.5510
2024-03-16 16:33:16,422 - 3200/20000, perceptual loss = 0.0858, discriminator loss = 0.4390
2024-03-16 16:33:30,231 - 3250/20000, perceptual loss = 0.0884, discriminator loss = 0.2671
2024-03-16 16:33:44,048 - 3300/20000, perceptual loss = 0.0857, discriminator loss = 0.5205
2024-03-16 16:33:57,851 - 3350/20000, perceptual loss = 0.0884, discriminator loss = 0.4983
2024-03-16 16:34:11,707 - 3400/20000, perceptual loss = 0.0816, discriminator loss = 0.4989
2024-03-16 16:34:25,510 - 3450/20000, perceptual loss = 0.0850, discriminator loss = 0.9788
2024-03-16 16:34:39,317 - 3500/20000, perceptual loss = 0.0866, discriminator loss = 0.6142
2024-03-16 16:34:53,126 - 3550/20000, perceptual loss = 0.0894, discriminator loss = 0.6402
2024-03-16 16:35:06,943 - 3600/20000, perceptual loss = 0.0875, discriminator loss = 0.4019
2024-03-16 16:35:20,757 - 3650/20000, perceptual loss = 0.0869, discriminator loss = 0.5703
2024-03-16 16:35:34,571 - 3700/20000, perceptual loss = 0.0868, discriminator loss = 0.9655
2024-03-16 16:35:48,364 - 3750/20000, perceptual loss = 0.0837, discriminator loss = 0.7659
2024-03-16 16:36:02,191 - 3800/20000, perceptual loss = 0.0825, discriminator loss = 0.7365
2024-03-16 16:36:16,012 - 3850/20000, perceptual loss = 0.0832, discriminator loss = 0.4986
2024-03-16 16:36:29,825 - 3900/20000, perceptual loss = 0.0783, discriminator loss = 0.4083
2024-03-16 16:36:43,646 - 3950/20000, perceptual loss = 0.0820, discriminator loss = 0.3717
2024-03-16 16:36:57,449 - 4000/20000, perceptual loss = 0.0841, discriminator loss = 0.3820
2024-03-16 16:37:11,259 - 4050/20000, perceptual loss = 0.0825, discriminator loss = 0.4398
2024-03-16 16:37:25,052 - 4100/20000, perceptual loss = 0.0846, discriminator loss = 1.3449
2024-03-16 16:37:38,830 - 4150/20000, perceptual loss = 0.0856, discriminator loss = 0.5971
2024-03-16 16:37:52,616 - 4200/20000, perceptual loss = 0.0859, discriminator loss = 0.7350
2024-03-16 16:38:06,426 - 4250/20000, perceptual loss = 0.0812, discriminator loss = 0.3916
2024-03-16 16:38:20,237 - 4300/20000, perceptual loss = 0.0856, discriminator loss = 0.1808
2024-03-16 16:38:34,050 - 4350/20000, perceptual loss = 0.0833, discriminator loss = 0.2241
2024-03-16 16:38:47,856 - 4400/20000, perceptual loss = 0.0831, discriminator loss = 0.4684
2024-03-16 16:39:01,660 - 4450/20000, perceptual loss = 0.0797, discriminator loss = 0.2650
2024-03-16 16:39:15,453 - 4500/20000, perceptual loss = 0.0821, discriminator loss = 0.3665
2024-03-16 16:39:29,256 - 4550/20000, perceptual loss = 0.0802, discriminator loss = 0.1106
2024-03-16 16:39:43,070 - 4600/20000, perceptual loss = 0.0842, discriminator loss = 0.9749
2024-03-16 16:39:56,885 - 4650/20000, perceptual loss = 0.0786, discriminator loss = 0.2220
2024-03-16 16:40:10,692 - 4700/20000, perceptual loss = 0.0802, discriminator loss = 0.3103
2024-03-16 16:40:24,513 - 4750/20000, perceptual loss = 0.0815, discriminator loss = 0.0836
2024-03-16 16:40:38,323 - 4800/20000, perceptual loss = 0.0813, discriminator loss = 0.4757
2024-03-16 16:40:52,124 - 4850/20000, perceptual loss = 0.0828, discriminator loss = 0.3636
2024-03-16 16:41:05,915 - 4900/20000, perceptual loss = 0.0846, discriminator loss = 0.3623
2024-03-16 16:41:19,710 - 4950/20000, perceptual loss = 0.0816, discriminator loss = 0.3151
2024-03-16 16:41:33,521 - 5000/20000, perceptual loss = 0.0819, discriminator loss = 0.3785
2024-03-16 16:41:47,318 - 5050/20000, perceptual loss = 0.0824, discriminator loss = 0.3518
2024-03-16 16:42:01,108 - 5100/20000, perceptual loss = 0.0847, discriminator loss = 0.2347
2024-03-16 16:42:14,928 - 5150/20000, perceptual loss = 0.0799, discriminator loss = 0.3254
2024-03-16 16:42:28,737 - 5200/20000, perceptual loss = 0.0795, discriminator loss = 0.5685
2024-03-16 16:42:42,537 - 5250/20000, perceptual loss = 0.0828, discriminator loss = 0.7297
2024-03-16 16:42:56,349 - 5300/20000, perceptual loss = 0.0806, discriminator loss = 0.4943
2024-03-16 16:43:10,156 - 5350/20000, perceptual loss = 0.0819, discriminator loss = 0.1951
2024-03-16 16:43:23,951 - 5400/20000, perceptual loss = 0.0816, discriminator loss = 0.3466
2024-03-16 16:43:37,751 - 5450/20000, perceptual loss = 0.0797, discriminator loss = 0.1669
2024-03-16 16:43:51,549 - 5500/20000, perceptual loss = 0.0825, discriminator loss = 0.5016
2024-03-16 16:44:05,355 - 5550/20000, perceptual loss = 0.0837, discriminator loss = 0.2600
2024-03-16 16:44:19,165 - 5600/20000, perceptual loss = 0.0791, discriminator loss = 0.4428
2024-03-16 16:44:32,965 - 5650/20000, perceptual loss = 0.0764, discriminator loss = 0.1459
2024-03-16 16:44:46,775 - 5700/20000, perceptual loss = 0.0845, discriminator loss = 0.4949
2024-03-16 16:45:00,589 - 5750/20000, perceptual loss = 0.0801, discriminator loss = 0.2141
2024-03-16 16:45:14,386 - 5800/20000, perceptual loss = 0.0819, discriminator loss = 0.5445
2024-03-16 16:45:28,180 - 5850/20000, perceptual loss = 0.0766, discriminator loss = 0.2330
2024-03-16 16:45:42,003 - 5900/20000, perceptual loss = 0.0789, discriminator loss = 0.2465
2024-03-16 16:45:55,808 - 5950/20000, perceptual loss = 0.0822, discriminator loss = 0.4998
2024-03-16 16:46:09,618 - 6000/20000, perceptual loss = 0.0761, discriminator loss = 0.5869
2024-03-16 16:46:23,425 - 6050/20000, perceptual loss = 0.0824, discriminator loss = 0.3003
2024-03-16 16:46:37,217 - 6100/20000, perceptual loss = 0.0807, discriminator loss = 0.5356
2024-03-16 16:46:51,018 - 6150/20000, perceptual loss = 0.0837, discriminator loss = 0.2311
2024-03-16 16:47:04,813 - 6200/20000, perceptual loss = 0.0814, discriminator loss = 0.7466
2024-03-16 16:47:18,612 - 6250/20000, perceptual loss = 0.0751, discriminator loss = 0.2443
2024-03-16 16:47:32,413 - 6300/20000, perceptual loss = 0.0803, discriminator loss = 0.3027
2024-03-16 16:47:46,223 - 6350/20000, perceptual loss = 0.0753, discriminator loss = 0.9891
2024-03-16 16:48:00,024 - 6400/20000, perceptual loss = 0.0768, discriminator loss = 0.2810
2024-03-16 16:48:13,809 - 6450/20000, perceptual loss = 0.0809, discriminator loss = 0.3716
2024-03-16 16:48:27,622 - 6500/20000, perceptual loss = 0.0798, discriminator loss = 0.3324
2024-03-16 16:48:41,412 - 6550/20000, perceptual loss = 0.0797, discriminator loss = 0.3016
2024-03-16 16:48:55,212 - 6600/20000, perceptual loss = 0.0794, discriminator loss = 0.6982
2024-03-16 16:49:09,022 - 6650/20000, perceptual loss = 0.0753, discriminator loss = 0.1991
2024-03-16 16:49:22,831 - 6700/20000, perceptual loss = 0.0789, discriminator loss = 0.2884
2024-03-16 16:49:36,645 - 6750/20000, perceptual loss = 0.0763, discriminator loss = 0.2618
2024-03-16 16:49:50,441 - 6800/20000, perceptual loss = 0.0811, discriminator loss = 0.3865
2024-03-16 16:50:04,231 - 6850/20000, perceptual loss = 0.0791, discriminator loss = 0.3963
2024-03-16 16:50:18,023 - 6900/20000, perceptual loss = 0.0839, discriminator loss = 0.2979
2024-03-16 16:50:31,824 - 6950/20000, perceptual loss = 0.0786, discriminator loss = 0.5073
2024-03-16 16:50:45,631 - 7000/20000, perceptual loss = 0.0768, discriminator loss = 0.6214
2024-03-16 16:50:59,415 - 7050/20000, perceptual loss = 0.0758, discriminator loss = 0.4667
2024-03-16 16:51:13,224 - 7100/20000, perceptual loss = 0.0770, discriminator loss = 0.2774
2024-03-16 16:51:27,014 - 7150/20000, perceptual loss = 0.0773, discriminator loss = 0.5029
2024-03-16 16:51:40,813 - 7200/20000, perceptual loss = 0.0787, discriminator loss = 0.2650
2024-03-16 16:51:54,623 - 7250/20000, perceptual loss = 0.0835, discriminator loss = 0.0702
2024-03-16 16:52:08,426 - 7300/20000, perceptual loss = 0.0792, discriminator loss = 0.2853
2024-03-16 16:52:22,228 - 7350/20000, perceptual loss = 0.0776, discriminator loss = 0.4366
2024-03-16 16:52:36,088 - 7400/20000, perceptual loss = 0.0757, discriminator loss = 0.2168
2024-03-16 16:52:49,895 - 7450/20000, perceptual loss = 0.0785, discriminator loss = 0.1922
2024-03-16 16:53:03,703 - 7500/20000, perceptual loss = 0.0783, discriminator loss = 0.2951
2024-03-16 16:53:17,521 - 7550/20000, perceptual loss = 0.0800, discriminator loss = 0.9404
2024-03-16 16:53:31,333 - 7600/20000, perceptual loss = 0.0803, discriminator loss = 0.7825
2024-03-16 16:53:45,145 - 7650/20000, perceptual loss = 0.0778, discriminator loss = 0.6355
2024-03-16 16:53:58,950 - 7700/20000, perceptual loss = 0.0777, discriminator loss = 0.3848
2024-03-16 16:54:12,756 - 7750/20000, perceptual loss = 0.0787, discriminator loss = 0.4216
2024-03-16 16:54:26,561 - 7800/20000, perceptual loss = 0.0780, discriminator loss = 0.5894
2024-03-16 16:54:40,368 - 7850/20000, perceptual loss = 0.0738, discriminator loss = 0.4497
2024-03-16 16:54:54,183 - 7900/20000, perceptual loss = 0.0725, discriminator loss = 0.2676
2024-03-16 16:55:08,001 - 7950/20000, perceptual loss = 0.0741, discriminator loss = 0.4592
2024-03-16 16:55:21,802 - 8000/20000, perceptual loss = 0.0779, discriminator loss = 0.2952
2024-03-16 16:55:35,598 - 8050/20000, perceptual loss = 0.0759, discriminator loss = 0.3154
2024-03-16 16:55:49,397 - 8100/20000, perceptual loss = 0.0781, discriminator loss = 0.5369
2024-03-16 16:56:03,205 - 8150/20000, perceptual loss = 0.0760, discriminator loss = 0.2672
2024-03-16 16:56:17,006 - 8200/20000, perceptual loss = 0.0796, discriminator loss = 0.2313
2024-03-16 16:56:30,803 - 8250/20000, perceptual loss = 0.0744, discriminator loss = 0.4261
2024-03-16 16:56:44,608 - 8300/20000, perceptual loss = 0.0754, discriminator loss = 0.2317
2024-03-16 16:56:58,412 - 8350/20000, perceptual loss = 0.0784, discriminator loss = 0.2361
2024-03-16 16:57:12,195 - 8400/20000, perceptual loss = 0.0769, discriminator loss = 0.4312
2024-03-16 16:57:26,007 - 8450/20000, perceptual loss = 0.0756, discriminator loss = 0.5223
2024-03-16 16:57:39,818 - 8500/20000, perceptual loss = 0.0771, discriminator loss = 0.3921
2024-03-16 16:57:53,597 - 8550/20000, perceptual loss = 0.0743, discriminator loss = 0.5220
2024-03-16 16:58:07,398 - 8600/20000, perceptual loss = 0.0775, discriminator loss = 0.4027
2024-03-16 16:58:21,195 - 8650/20000, perceptual loss = 0.0756, discriminator loss = 0.0687
2024-03-16 16:58:34,990 - 8700/20000, perceptual loss = 0.0756, discriminator loss = 0.4247
2024-03-16 16:58:48,794 - 8750/20000, perceptual loss = 0.0777, discriminator loss = 0.3022
2024-03-16 16:59:02,599 - 8800/20000, perceptual loss = 0.0768, discriminator loss = 0.2455
2024-03-16 16:59:16,399 - 8850/20000, perceptual loss = 0.0751, discriminator loss = 0.5355
2024-03-16 16:59:30,187 - 8900/20000, perceptual loss = 0.0775, discriminator loss = 0.2635
2024-03-16 16:59:43,976 - 8950/20000, perceptual loss = 0.0776, discriminator loss = 0.4800
2024-03-16 16:59:57,796 - 9000/20000, perceptual loss = 0.0742, discriminator loss = 0.4686
2024-03-16 17:00:11,602 - 9050/20000, perceptual loss = 0.0767, discriminator loss = 0.3489
2024-03-16 17:00:25,402 - 9100/20000, perceptual loss = 0.0795, discriminator loss = 0.3581
2024-03-16 17:00:39,218 - 9150/20000, perceptual loss = 0.0775, discriminator loss = 0.3034
2024-03-16 17:00:53,033 - 9200/20000, perceptual loss = 0.0778, discriminator loss = 0.5164
2024-03-16 17:01:06,923 - 9250/20000, perceptual loss = 0.0769, discriminator loss = 0.2221
2024-03-16 17:01:20,738 - 9300/20000, perceptual loss = 0.0779, discriminator loss = 0.2792
2024-03-16 17:01:34,543 - 9350/20000, perceptual loss = 0.0758, discriminator loss = 0.4897
2024-03-16 17:01:48,348 - 9400/20000, perceptual loss = 0.0755, discriminator loss = 0.2040
2024-03-16 17:02:02,134 - 9450/20000, perceptual loss = 0.0758, discriminator loss = 0.2793
2024-03-16 17:02:15,933 - 9500/20000, perceptual loss = 0.0772, discriminator loss = 0.3987
2024-03-16 17:02:29,745 - 9550/20000, perceptual loss = 0.0757, discriminator loss = 0.3812
2024-03-16 17:02:43,551 - 9600/20000, perceptual loss = 0.0767, discriminator loss = 0.3139
2024-03-16 17:02:57,362 - 9650/20000, perceptual loss = 0.0757, discriminator loss = 0.3318
2024-03-16 17:03:11,166 - 9700/20000, perceptual loss = 0.0744, discriminator loss = 0.3073
2024-03-16 17:03:24,984 - 9750/20000, perceptual loss = 0.0751, discriminator loss = 0.3453
2024-03-16 17:03:38,770 - 9800/20000, perceptual loss = 0.0780, discriminator loss = 0.4055
2024-03-16 17:03:52,577 - 9850/20000, perceptual loss = 0.0775, discriminator loss = 0.5627
2024-03-16 17:04:06,384 - 9900/20000, perceptual loss = 0.0776, discriminator loss = 0.3558
2024-03-16 17:04:20,236 - 9950/20000, perceptual loss = 0.0740, discriminator loss = 0.1506
2024-03-16 17:04:34,084 - 10000/20000, perceptual loss = 0.0773, discriminator loss = 0.2446
2024-03-16 17:04:47,886 - 10050/20000, perceptual loss = 0.0912, discriminator loss = 0.1368
2024-03-16 17:05:01,692 - 10100/20000, perceptual loss = 0.0935, discriminator loss = 0.0597
2024-03-16 17:05:15,494 - 10150/20000, perceptual loss = 0.0901, discriminator loss = 0.1937
2024-03-16 17:05:29,298 - 10200/20000, perceptual loss = 0.0857, discriminator loss = 0.1213
2024-03-16 17:05:43,102 - 10250/20000, perceptual loss = 0.0841, discriminator loss = 0.2461
2024-03-16 17:05:56,908 - 10300/20000, perceptual loss = 0.0805, discriminator loss = 0.1602
2024-03-16 17:06:10,699 - 10350/20000, perceptual loss = 0.0891, discriminator loss = 0.3063
2024-03-16 17:06:24,505 - 10400/20000, perceptual loss = 0.0852, discriminator loss = 0.1129
2024-03-16 17:06:38,298 - 10450/20000, perceptual loss = 0.0898, discriminator loss = 0.1313
2024-03-16 17:06:52,109 - 10500/20000, perceptual loss = 0.0855, discriminator loss = 0.2685
2024-03-16 17:07:05,913 - 10550/20000, perceptual loss = 0.0828, discriminator loss = 0.3581
2024-03-16 17:07:19,718 - 10600/20000, perceptual loss = 0.0841, discriminator loss = 0.2682
2024-03-16 17:07:33,527 - 10650/20000, perceptual loss = 0.0806, discriminator loss = 0.3908
2024-03-16 17:07:47,328 - 10700/20000, perceptual loss = 0.0803, discriminator loss = 0.2100
2024-03-16 17:08:01,128 - 10750/20000, perceptual loss = 0.0818, discriminator loss = 0.3335
2024-03-16 17:08:14,912 - 10800/20000, perceptual loss = 0.0799, discriminator loss = 0.3199
2024-03-16 17:08:28,717 - 10850/20000, perceptual loss = 0.0800, discriminator loss = 0.3410
2024-03-16 17:08:42,531 - 10900/20000, perceptual loss = 0.0806, discriminator loss = 0.2357
2024-03-16 17:08:56,336 - 10950/20000, perceptual loss = 0.0816, discriminator loss = 0.4046
2024-03-16 17:09:10,145 - 11000/20000, perceptual loss = 0.0821, discriminator loss = 0.3372
2024-03-16 17:09:23,950 - 11050/20000, perceptual loss = 0.0803, discriminator loss = 0.3033
2024-03-16 17:09:37,773 - 11100/20000, perceptual loss = 0.0793, discriminator loss = 0.8136
2024-03-16 17:09:51,588 - 11150/20000, perceptual loss = 0.0806, discriminator loss = 0.4412
2024-03-16 17:10:05,373 - 11200/20000, perceptual loss = 0.0798, discriminator loss = 0.2827
2024-03-16 17:10:19,187 - 11250/20000, perceptual loss = 0.0769, discriminator loss = 0.2411
2024-03-16 17:10:33,021 - 11300/20000, perceptual loss = 0.0766, discriminator loss = 0.3008
2024-03-16 17:10:46,833 - 11350/20000, perceptual loss = 0.0760, discriminator loss = 0.4014
2024-03-16 17:11:00,652 - 11400/20000, perceptual loss = 0.0765, discriminator loss = 0.1962
2024-03-16 17:11:14,463 - 11450/20000, perceptual loss = 0.0774, discriminator loss = 0.3091
2024-03-16 17:11:28,297 - 11500/20000, perceptual loss = 0.0779, discriminator loss = 0.5414
2024-03-16 17:11:42,118 - 11550/20000, perceptual loss = 0.0726, discriminator loss = 0.1765
2024-03-16 17:11:55,926 - 11600/20000, perceptual loss = 0.0802, discriminator loss = 0.3184
2024-03-16 17:12:09,733 - 11650/20000, perceptual loss = 0.0753, discriminator loss = 0.1284
2024-03-16 17:12:23,549 - 11700/20000, perceptual loss = 0.0787, discriminator loss = 0.3336
2024-03-16 17:12:37,367 - 11750/20000, perceptual loss = 0.0763, discriminator loss = 0.2407
2024-03-16 17:12:51,176 - 11800/20000, perceptual loss = 0.0776, discriminator loss = 0.1524
2024-03-16 17:13:04,999 - 11850/20000, perceptual loss = 0.0793, discriminator loss = 0.5568
2024-03-16 17:13:18,877 - 11900/20000, perceptual loss = 0.0753, discriminator loss = 0.3458
2024-03-16 17:13:32,721 - 11950/20000, perceptual loss = 0.0748, discriminator loss = 0.3382
2024-03-16 17:13:46,547 - 12000/20000, perceptual loss = 0.0751, discriminator loss = 0.4404
2024-03-16 17:14:00,377 - 12050/20000, perceptual loss = 0.0715, discriminator loss = 0.4303
2024-03-16 17:14:14,193 - 12100/20000, perceptual loss = 0.0723, discriminator loss = 0.3940
2024-03-16 17:14:27,997 - 12150/20000, perceptual loss = 0.0804, discriminator loss = 0.3287
2024-03-16 17:14:41,826 - 12200/20000, perceptual loss = 0.0780, discriminator loss = 0.1362
2024-03-16 17:14:55,644 - 12250/20000, perceptual loss = 0.0802, discriminator loss = 0.3400
2024-03-16 17:15:09,464 - 12300/20000, perceptual loss = 0.0937, discriminator loss = 0.6817
2024-03-16 17:15:23,279 - 12350/20000, perceptual loss = 0.0799, discriminator loss = 0.3131
2024-03-16 17:15:37,115 - 12400/20000, perceptual loss = 0.0760, discriminator loss = 0.6223
2024-03-16 17:15:50,932 - 12450/20000, perceptual loss = 0.0776, discriminator loss = 0.2580
2024-03-16 17:16:04,752 - 12500/20000, perceptual loss = 0.0784, discriminator loss = 0.3764
2024-03-16 17:16:18,566 - 12550/20000, perceptual loss = 0.0748, discriminator loss = 0.1987
2024-03-16 17:16:32,366 - 12600/20000, perceptual loss = 0.0753, discriminator loss = 0.1979
2024-03-16 17:16:46,182 - 12650/20000, perceptual loss = 0.0744, discriminator loss = 0.2800
2024-03-16 17:16:59,992 - 12700/20000, perceptual loss = 0.0761, discriminator loss = 0.3685
2024-03-16 17:17:13,795 - 12750/20000, perceptual loss = 0.0738, discriminator loss = 0.5255
2024-03-16 17:17:27,596 - 12800/20000, perceptual loss = 0.0755, discriminator loss = 0.3199
2024-03-16 17:17:41,427 - 12850/20000, perceptual loss = 0.0738, discriminator loss = 0.2716
2024-03-16 17:17:55,239 - 12900/20000, perceptual loss = 0.0742, discriminator loss = 0.2500
2024-03-16 17:18:09,030 - 12950/20000, perceptual loss = 0.0745, discriminator loss = 0.2025
2024-03-16 17:18:22,841 - 13000/20000, perceptual loss = 0.0744, discriminator loss = 0.2608
2024-03-16 17:18:36,692 - 13050/20000, perceptual loss = 0.0788, discriminator loss = 0.6220
2024-03-16 17:18:50,495 - 13100/20000, perceptual loss = 0.0771, discriminator loss = 0.3366
2024-03-16 17:19:04,318 - 13150/20000, perceptual loss = 0.0790, discriminator loss = 0.7042
2024-03-16 17:19:18,134 - 13200/20000, perceptual loss = 0.0738, discriminator loss = 0.3190
2024-03-16 17:19:31,961 - 13250/20000, perceptual loss = 0.0736, discriminator loss = 0.3553
2024-03-16 17:19:45,764 - 13300/20000, perceptual loss = 0.0732, discriminator loss = 0.3075
2024-03-16 17:19:59,576 - 13350/20000, perceptual loss = 0.0746, discriminator loss = 0.8009
2024-03-16 17:20:13,409 - 13400/20000, perceptual loss = 0.0713, discriminator loss = 0.4269
2024-03-16 17:20:27,194 - 13450/20000, perceptual loss = 0.0745, discriminator loss = 0.2283
2024-03-16 17:20:40,975 - 13500/20000, perceptual loss = 0.0738, discriminator loss = 0.1642
2024-03-16 17:20:54,757 - 13550/20000, perceptual loss = 0.0765, discriminator loss = 0.1587
2024-03-16 17:21:08,548 - 13600/20000, perceptual loss = 0.0745, discriminator loss = 0.3988
2024-03-16 17:21:22,342 - 13650/20000, perceptual loss = 0.0714, discriminator loss = 0.5708
2024-03-16 17:21:36,123 - 13700/20000, perceptual loss = 0.0733, discriminator loss = 0.3876
2024-03-16 17:21:49,906 - 13750/20000, perceptual loss = 0.0719, discriminator loss = 0.3647
2024-03-16 17:22:03,686 - 13800/20000, perceptual loss = 0.0752, discriminator loss = 0.2842
2024-03-16 17:22:17,461 - 13850/20000, perceptual loss = 0.0747, discriminator loss = 0.3277
2024-03-16 17:22:31,258 - 13900/20000, perceptual loss = 0.0742, discriminator loss = 0.4397
2024-03-16 17:22:45,038 - 13950/20000, perceptual loss = 0.0746, discriminator loss = 0.3116
2024-03-16 17:22:58,816 - 14000/20000, perceptual loss = 0.0744, discriminator loss = 0.1970
2024-03-16 17:23:12,589 - 14050/20000, perceptual loss = 0.0735, discriminator loss = 0.8301
2024-03-16 17:23:26,370 - 14100/20000, perceptual loss = 0.0754, discriminator loss = 0.3609
2024-03-16 17:23:40,156 - 14150/20000, perceptual loss = 0.0734, discriminator loss = 0.2589
2024-03-16 17:23:53,937 - 14200/20000, perceptual loss = 0.0710, discriminator loss = 0.3266
2024-03-16 17:24:07,719 - 14250/20000, perceptual loss = 0.0739, discriminator loss = 0.4326
2024-03-16 17:24:21,492 - 14300/20000, perceptual loss = 0.0730, discriminator loss = 0.6133
2024-03-16 17:24:35,266 - 14350/20000, perceptual loss = 0.0735, discriminator loss = 0.3070
2024-03-16 17:24:49,041 - 14400/20000, perceptual loss = 0.0737, discriminator loss = 0.3538
2024-03-16 17:25:02,821 - 14450/20000, perceptual loss = 0.0725, discriminator loss = 0.2852
2024-03-16 17:25:16,604 - 14500/20000, perceptual loss = 0.0719, discriminator loss = 0.2306
2024-03-16 17:25:30,382 - 14550/20000, perceptual loss = 0.0744, discriminator loss = 0.3589
2024-03-16 17:25:44,162 - 14600/20000, perceptual loss = 0.0730, discriminator loss = 0.1608
2024-03-16 17:25:57,945 - 14650/20000, perceptual loss = 0.0762, discriminator loss = 0.3127
2024-03-16 17:26:11,724 - 14700/20000, perceptual loss = 0.0742, discriminator loss = 0.3009
2024-03-16 17:26:25,514 - 14750/20000, perceptual loss = 0.0735, discriminator loss = 0.4005
2024-03-16 17:26:39,298 - 14800/20000, perceptual loss = 0.0762, discriminator loss = 0.3195
2024-03-16 17:26:53,080 - 14850/20000, perceptual loss = 0.0750, discriminator loss = 0.2409
2024-03-16 17:27:06,870 - 14900/20000, perceptual loss = 0.0720, discriminator loss = 0.3491
2024-03-16 17:27:20,647 - 14950/20000, perceptual loss = 0.0741, discriminator loss = 0.5066
2024-03-16 17:27:34,428 - 15000/20000, perceptual loss = 0.0736, discriminator loss = 0.2956
2024-03-16 17:27:48,222 - 15050/20000, perceptual loss = 0.0750, discriminator loss = 0.5172
2024-03-16 17:28:02,003 - 15100/20000, perceptual loss = 0.0728, discriminator loss = 0.5237
2024-03-16 17:28:15,777 - 15150/20000, perceptual loss = 0.0708, discriminator loss = 0.4020
2024-03-16 17:28:29,567 - 15200/20000, perceptual loss = 0.0724, discriminator loss = 0.4957
2024-03-16 17:28:43,348 - 15250/20000, perceptual loss = 0.0724, discriminator loss = 0.4901
2024-03-16 17:28:57,126 - 15300/20000, perceptual loss = 0.0740, discriminator loss = 0.3918
2024-03-16 17:29:10,906 - 15350/20000, perceptual loss = 0.0707, discriminator loss = 0.2936
2024-03-16 17:29:24,687 - 15400/20000, perceptual loss = 0.0712, discriminator loss = 0.3016
2024-03-16 17:29:38,470 - 15450/20000, perceptual loss = 0.0737, discriminator loss = 0.3337
2024-03-16 17:29:52,250 - 15500/20000, perceptual loss = 0.0723, discriminator loss = 0.3718
2024-03-16 17:30:06,015 - 15550/20000, perceptual loss = 0.0721, discriminator loss = 0.3925
2024-03-16 17:30:19,815 - 15600/20000, perceptual loss = 0.0704, discriminator loss = 0.2930
2024-03-16 17:30:33,586 - 15650/20000, perceptual loss = 0.0727, discriminator loss = 0.3728
2024-03-16 17:30:47,374 - 15700/20000, perceptual loss = 0.0730, discriminator loss = 0.3286
2024-03-16 17:31:01,157 - 15750/20000, perceptual loss = 0.0748, discriminator loss = 0.3898
2024-03-16 17:31:14,921 - 15800/20000, perceptual loss = 0.0731, discriminator loss = 0.2879
2024-03-16 17:31:28,694 - 15850/20000, perceptual loss = 0.0723, discriminator loss = 0.3064
2024-03-16 17:31:42,468 - 15900/20000, perceptual loss = 0.0712, discriminator loss = 0.7120
2024-03-16 17:31:56,253 - 15950/20000, perceptual loss = 0.0697, discriminator loss = 0.3871
2024-03-16 17:32:10,033 - 16000/20000, perceptual loss = 0.0733, discriminator loss = 0.2330
2024-03-16 17:32:23,808 - 16050/20000, perceptual loss = 0.0733, discriminator loss = 0.2814
2024-03-16 17:32:37,573 - 16100/20000, perceptual loss = 0.0732, discriminator loss = 0.3713
2024-03-16 17:32:51,359 - 16150/20000, perceptual loss = 0.0734, discriminator loss = 0.3634
2024-03-16 17:33:05,132 - 16200/20000, perceptual loss = 0.0707, discriminator loss = 0.3662
2024-03-16 17:33:18,914 - 16250/20000, perceptual loss = 0.0703, discriminator loss = 0.3911
2024-03-16 17:33:32,698 - 16300/20000, perceptual loss = 0.0726, discriminator loss = 0.4477
2024-03-16 17:33:46,476 - 16350/20000, perceptual loss = 0.0699, discriminator loss = 0.2908
2024-03-16 17:34:00,261 - 16400/20000, perceptual loss = 0.0715, discriminator loss = 0.3118
2024-03-16 17:34:14,033 - 16450/20000, perceptual loss = 0.0720, discriminator loss = 0.4607
2024-03-16 17:34:27,808 - 16500/20000, perceptual loss = 0.0737, discriminator loss = 0.3556
2024-03-16 17:34:41,588 - 16550/20000, perceptual loss = 0.0692, discriminator loss = 0.5339
2024-03-16 17:34:55,359 - 16600/20000, perceptual loss = 0.0717, discriminator loss = 0.4009
2024-03-16 17:35:09,135 - 16650/20000, perceptual loss = 0.0708, discriminator loss = 0.3144
2024-03-16 17:35:22,914 - 16700/20000, perceptual loss = 0.0771, discriminator loss = 0.4194
2024-03-16 17:35:36,688 - 16750/20000, perceptual loss = 0.0712, discriminator loss = 0.4273
2024-03-16 17:35:50,461 - 16800/20000, perceptual loss = 0.0702, discriminator loss = 0.5727
2024-03-16 17:36:04,238 - 16850/20000, perceptual loss = 0.0711, discriminator loss = 0.3099
2024-03-16 17:36:18,011 - 16900/20000, perceptual loss = 0.0730, discriminator loss = 0.3839
2024-03-16 17:36:31,789 - 16950/20000, perceptual loss = 0.0740, discriminator loss = 0.5700
2024-03-16 17:36:45,563 - 17000/20000, perceptual loss = 0.0733, discriminator loss = 0.3100
2024-03-16 17:36:59,336 - 17050/20000, perceptual loss = 0.0703, discriminator loss = 0.6026
2024-03-16 17:37:13,114 - 17100/20000, perceptual loss = 0.0676, discriminator loss = 0.4110
2024-03-16 17:37:26,922 - 17150/20000, perceptual loss = 0.0727, discriminator loss = 0.2382
2024-03-16 17:37:40,702 - 17200/20000, perceptual loss = 0.0712, discriminator loss = 0.3316
2024-03-16 17:37:54,482 - 17250/20000, perceptual loss = 0.0722, discriminator loss = 0.3033
2024-03-16 17:38:08,259 - 17300/20000, perceptual loss = 0.0707, discriminator loss = 0.4349
2024-03-16 17:38:22,039 - 17350/20000, perceptual loss = 0.0732, discriminator loss = 0.3417
2024-03-16 17:38:35,824 - 17400/20000, perceptual loss = 0.0710, discriminator loss = 0.2751
2024-03-16 17:38:49,613 - 17450/20000, perceptual loss = 0.0710, discriminator loss = 0.4357
2024-03-16 17:39:03,400 - 17500/20000, perceptual loss = 0.0706, discriminator loss = 0.6037
2024-03-16 17:39:17,177 - 17550/20000, perceptual loss = 0.0720, discriminator loss = 0.3500
2024-03-16 17:39:30,962 - 17600/20000, perceptual loss = 0.0727, discriminator loss = 0.3563
2024-03-16 17:39:44,749 - 17650/20000, perceptual loss = 0.0749, discriminator loss = 0.3103
2024-03-16 17:39:58,535 - 17700/20000, perceptual loss = 0.0734, discriminator loss = 0.2732
2024-03-16 17:40:12,321 - 17750/20000, perceptual loss = 0.0698, discriminator loss = 0.2308
2024-03-16 17:40:26,137 - 17800/20000, perceptual loss = 0.0702, discriminator loss = 0.5443
2024-03-16 17:40:39,911 - 17850/20000, perceptual loss = 0.0692, discriminator loss = 0.7312
2024-03-16 17:40:53,689 - 17900/20000, perceptual loss = 0.0701, discriminator loss = 0.6506
2024-03-16 17:41:07,462 - 17950/20000, perceptual loss = 0.0679, discriminator loss = 0.2937
2024-03-16 17:41:21,239 - 18000/20000, perceptual loss = 0.0734, discriminator loss = 0.1737
2024-03-16 17:41:35,002 - 18050/20000, perceptual loss = 0.0715, discriminator loss = 0.3303
2024-03-16 17:41:48,773 - 18100/20000, perceptual loss = 0.0701, discriminator loss = 0.2903
2024-03-16 17:42:02,545 - 18150/20000, perceptual loss = 0.0717, discriminator loss = 0.5568
2024-03-16 17:42:16,321 - 18200/20000, perceptual loss = 0.0698, discriminator loss = 0.3179
2024-03-16 17:42:30,100 - 18250/20000, perceptual loss = 0.0708, discriminator loss = 0.3406
2024-03-16 17:42:43,868 - 18300/20000, perceptual loss = 0.0743, discriminator loss = 0.3652
2024-03-16 17:42:57,655 - 18350/20000, perceptual loss = 0.0707, discriminator loss = 0.3417
2024-03-16 17:43:11,466 - 18400/20000, perceptual loss = 0.0714, discriminator loss = 0.4711
2024-03-16 17:43:25,357 - 18450/20000, perceptual loss = 0.0714, discriminator loss = 0.3629
2024-03-16 17:43:39,217 - 18500/20000, perceptual loss = 0.0672, discriminator loss = 0.4384
2024-03-16 17:43:53,014 - 18550/20000, perceptual loss = 0.0724, discriminator loss = 0.4384
2024-03-16 17:44:06,903 - 18600/20000, perceptual loss = 0.0721, discriminator loss = 0.2938
2024-03-16 17:44:20,695 - 18650/20000, perceptual loss = 0.0727, discriminator loss = 0.3479
2024-03-16 17:44:34,493 - 18700/20000, perceptual loss = 0.0723, discriminator loss = 0.4079
2024-03-16 17:44:48,335 - 18750/20000, perceptual loss = 0.0694, discriminator loss = 0.2171
2024-03-16 17:45:02,131 - 18800/20000, perceptual loss = 0.0724, discriminator loss = 0.5634
2024-03-16 17:45:15,916 - 18850/20000, perceptual loss = 0.0690, discriminator loss = 0.5616
2024-03-16 17:45:29,692 - 18900/20000, perceptual loss = 0.0697, discriminator loss = 0.3795
2024-03-16 17:45:43,476 - 18950/20000, perceptual loss = 0.0711, discriminator loss = 0.4476
2024-03-16 17:45:57,320 - 19000/20000, perceptual loss = 0.0710, discriminator loss = 0.2078
2024-03-16 17:46:11,219 - 19050/20000, perceptual loss = 0.0701, discriminator loss = 0.5402
2024-03-16 17:46:25,011 - 19100/20000, perceptual loss = 0.0701, discriminator loss = 0.4581
2024-03-16 17:46:38,792 - 19150/20000, perceptual loss = 0.0734, discriminator loss = 0.3481
2024-03-16 17:46:52,585 - 19200/20000, perceptual loss = 0.0704, discriminator loss = 0.4921
2024-03-16 17:47:06,363 - 19250/20000, perceptual loss = 0.0685, discriminator loss = 0.3186
2024-03-16 17:47:20,146 - 19300/20000, perceptual loss = 0.0730, discriminator loss = 0.5621
2024-03-16 17:47:33,927 - 19350/20000, perceptual loss = 0.0698, discriminator loss = 0.3143
2024-03-16 17:47:47,712 - 19400/20000, perceptual loss = 0.0689, discriminator loss = 0.4451
2024-03-16 17:48:01,489 - 19450/20000, perceptual loss = 0.0704, discriminator loss = 0.5314
2024-03-16 17:48:15,267 - 19500/20000, perceptual loss = 0.0701, discriminator loss = 0.2747
2024-03-16 17:48:29,047 - 19550/20000, perceptual loss = 0.0699, discriminator loss = 0.3702
2024-03-16 17:48:42,829 - 19600/20000, perceptual loss = 0.0685, discriminator loss = 0.2263
2024-03-16 17:48:56,618 - 19650/20000, perceptual loss = 0.0713, discriminator loss = 0.4676
2024-03-16 17:49:10,401 - 19700/20000, perceptual loss = 0.0693, discriminator loss = 0.3782
2024-03-16 17:49:24,184 - 19750/20000, perceptual loss = 0.0711, discriminator loss = 0.5247
2024-03-16 17:49:37,962 - 19800/20000, perceptual loss = 0.0689, discriminator loss = 0.2180
2024-03-16 17:49:51,748 - 19850/20000, perceptual loss = 0.0672, discriminator loss = 0.3803
2024-03-16 17:50:05,548 - 19900/20000, perceptual loss = 0.0718, discriminator loss = 0.3810
2024-03-16 17:50:19,326 - 19950/20000, perceptual loss = 0.0709, discriminator loss = 0.4722
2024-03-16 17:50:33,117 - 20000/20000, perceptual loss = 0.0687, discriminator loss = 0.5484
2024-03-16 17:50:33,751 - Training finished
2024-03-19 11:02:34,991 - 1/14, PSNR: 15.646909713745117
2024-03-19 11:02:35,514 - 2/14, PSNR: 19.4360294342041
2024-03-19 11:02:35,943 - 3/14, PSNR: 16.093996047973633
2024-03-19 11:02:36,205 - 4/14, PSNR: 18.084413528442383
2024-03-19 11:02:36,456 - 5/14, PSNR: 15.552702903747559
2024-03-19 11:02:36,691 - 6/14, PSNR: 23.373146057128906
2024-03-19 11:02:37,008 - 7/14, PSNR: 19.451475143432617
2024-03-19 11:02:37,063 - 8/14, PSNR: 22.090377807617188
2024-03-19 11:02:37,123 - 9/14, PSNR: 23.456438064575195
2024-03-19 11:02:37,183 - 10/14, PSNR: 18.500133514404297
2024-03-19 11:02:37,715 - 11/14, PSNR: 23.017864227294922
2024-03-19 11:02:37,776 - 12/14, PSNR: 23.81037712097168
2024-03-19 11:02:38,277 - 13/14, PSNR: 19.733449935913086
2024-03-19 11:02:38,683 - 14/14, PSNR: 15.903964042663574
2024-03-19 11:02:38,692 - PSNR in unknown_x3_valid_dataset: 19.58223533630371
2024-03-19 11:02:38,891 - 1/14, SSIM: 0.49185216218452243
2024-03-19 11:02:39,128 - 2/14, SSIM: 0.6870159982609755
2024-03-19 11:02:39,294 - 3/14, SSIM: 0.2263352337872699
2024-03-19 11:02:39,393 - 4/14, SSIM: 0.26179861235618096
2024-03-19 11:02:39,485 - 5/14, SSIM: 0.5209415204711038
2024-03-19 11:02:39,574 - 6/14, SSIM: 0.7406405692065586
2024-03-19 11:02:39,705 - 7/14, SSIM: 0.7062378241673715
2024-03-19 11:02:39,804 - 8/14, SSIM: 0.824042662653442
2024-03-19 11:02:39,970 - 9/14, SSIM: 0.9273565635664284
2024-03-19 11:02:40,136 - 10/14, SSIM: 0.34845836920608686
2024-03-19 11:02:40,372 - 11/14, SSIM: 0.9156902537885607
2024-03-19 11:02:40,538 - 12/14, SSIM: 0.932966104074608
2024-03-19 11:02:40,738 - 13/14, SSIM: 0.789770922496707
2024-03-19 11:02:40,891 - 14/14, SSIM: 0.5862337390843866
2024-03-19 11:02:40,902 - SSIM in unknown_x3_valid_dataset: 0.6399528953788716
