2024-03-07 21:19:50,075 - Start pre-training
2024-03-07 21:25:24,641 - 1000/10000: loss = 554.476, PSNR = 25.087826 (334.24s)
2024-03-07 21:30:33,790 - 2000/10000: loss = 307.166, PSNR = 25.265505 (308.86s)
2024-03-07 21:35:39,988 - 3000/10000: loss = 264.787, PSNR = 26.383556 (305.86s)
2024-03-07 21:40:43,771 - 4000/10000: loss = 246.627, PSNR = 26.790842 (303.54s)
2024-03-07 21:45:44,562 - 5000/10000: loss = 235.714, PSNR = 27.383297 (300.52s)
2024-03-07 21:50:43,357 - 6000/10000: loss = 225.591, PSNR = 27.146540 (298.51s)
2024-03-07 21:55:41,563 - 7000/10000: loss = 220.434, PSNR = 27.410046 (297.90s)
2024-03-07 22:00:33,135 - 8000/10000: loss = 216.592, PSNR = 27.707214 (291.31s)
2024-03-07 22:05:32,974 - 9000/10000: loss = 210.747, PSNR = 27.353745 (299.54s)
2024-03-07 22:10:32,383 - 10000/10000: loss = 208.809, PSNR = 27.665134 (299.12s)
2024-03-07 22:10:33,869 - Start training GAN
2024-03-07 22:37:27,375 - Start pre-training
2024-03-07 22:37:28,774 - Start training GAN
2024-03-07 22:39:59,716 - Start pre-training
2024-03-07 22:40:01,025 - Start training GAN
2024-03-07 22:40:35,174 - 50/20000, perceptual loss = 0.0869, discriminator loss = 3.5089
2024-03-07 22:40:55,397 - 100/20000, perceptual loss = 0.0834, discriminator loss = 1.3462
2024-03-07 22:41:15,654 - 150/20000, perceptual loss = 0.0845, discriminator loss = 1.0538
2024-03-07 22:41:35,892 - 200/20000, perceptual loss = 0.0880, discriminator loss = 0.9304
2024-03-07 22:41:56,056 - 250/20000, perceptual loss = 0.0950, discriminator loss = 1.5290
2024-03-07 22:42:16,224 - 300/20000, perceptual loss = 0.0899, discriminator loss = 1.5437
2024-03-07 22:42:36,430 - 350/20000, perceptual loss = 0.0965, discriminator loss = 0.4713
2024-03-07 22:42:56,892 - 400/20000, perceptual loss = 0.0912, discriminator loss = 0.8258
2024-03-07 22:43:17,136 - 450/20000, perceptual loss = 0.0935, discriminator loss = 0.4637
2024-03-07 22:43:37,286 - 500/20000, perceptual loss = 0.0985, discriminator loss = 0.4275
2024-03-07 22:43:57,431 - 550/20000, perceptual loss = 0.1080, discriminator loss = 1.1875
2024-03-07 22:44:17,583 - 600/20000, perceptual loss = 0.1030, discriminator loss = 1.1105
2024-03-07 22:44:37,736 - 650/20000, perceptual loss = 0.0982, discriminator loss = 1.4265
2024-03-07 22:44:57,888 - 700/20000, perceptual loss = 0.0990, discriminator loss = 1.3831
2024-03-07 22:45:18,048 - 750/20000, perceptual loss = 0.0950, discriminator loss = 1.5495
2024-03-07 22:45:38,206 - 800/20000, perceptual loss = 0.0986, discriminator loss = 1.1057
2024-03-07 22:45:58,363 - 850/20000, perceptual loss = 0.0945, discriminator loss = 1.1999
2024-03-07 22:46:18,525 - 900/20000, perceptual loss = 0.0995, discriminator loss = 1.1271
2024-03-07 22:46:39,102 - 950/20000, perceptual loss = 0.0981, discriminator loss = 1.3367
2024-03-07 22:46:59,796 - 1000/20000, perceptual loss = 0.0879, discriminator loss = 0.6115
2024-03-07 22:47:20,768 - 1050/20000, perceptual loss = 0.0967, discriminator loss = 1.4364
2024-03-07 22:47:41,212 - 1100/20000, perceptual loss = 0.1021, discriminator loss = 1.3996
2024-03-07 22:48:02,172 - 1150/20000, perceptual loss = 0.0953, discriminator loss = 0.7939
2024-03-07 22:48:22,937 - 1200/20000, perceptual loss = 0.0961, discriminator loss = 0.7627
2024-03-07 22:48:43,246 - 1250/20000, perceptual loss = 0.0939, discriminator loss = 1.0067
2024-03-07 22:49:03,609 - 1300/20000, perceptual loss = 0.0950, discriminator loss = 0.9970
2024-03-07 22:49:23,924 - 1350/20000, perceptual loss = 0.0894, discriminator loss = 0.9183
2024-03-07 22:49:44,469 - 1400/20000, perceptual loss = 0.0906, discriminator loss = 0.5035
2024-03-07 22:50:04,799 - 1450/20000, perceptual loss = 0.0901, discriminator loss = 1.8648
2024-03-07 22:50:25,134 - 1500/20000, perceptual loss = 0.0921, discriminator loss = 1.2136
2024-03-07 22:50:45,522 - 1550/20000, perceptual loss = 0.0909, discriminator loss = 1.3422
2024-03-07 22:51:06,507 - 1600/20000, perceptual loss = 0.0891, discriminator loss = 1.1700
2024-03-07 22:51:27,216 - 1650/20000, perceptual loss = 0.0886, discriminator loss = 1.0762
2024-03-07 22:51:47,669 - 1700/20000, perceptual loss = 0.0921, discriminator loss = 1.0285
2024-03-07 22:52:08,814 - 1750/20000, perceptual loss = 0.0883, discriminator loss = 0.8701
2024-03-07 22:52:29,729 - 1800/20000, perceptual loss = 0.0944, discriminator loss = 0.9754
2024-03-07 22:52:51,032 - 1850/20000, perceptual loss = 0.0917, discriminator loss = 0.9100
2024-03-07 22:53:12,257 - 1900/20000, perceptual loss = 0.0910, discriminator loss = 0.7660
2024-03-07 22:53:36,992 - 1950/20000, perceptual loss = 0.0882, discriminator loss = 0.6886
2024-03-07 22:54:01,894 - 2000/20000, perceptual loss = 0.0957, discriminator loss = 0.9417
2024-03-07 22:54:26,709 - 2050/20000, perceptual loss = 0.0928, discriminator loss = 0.9564
2024-03-07 22:54:51,522 - 2100/20000, perceptual loss = 0.0899, discriminator loss = 0.9878
2024-03-07 22:55:16,346 - 2150/20000, perceptual loss = 0.0918, discriminator loss = 0.6166
2024-03-07 22:55:41,102 - 2200/20000, perceptual loss = 0.0921, discriminator loss = 0.6833
2024-03-07 22:56:05,893 - 2250/20000, perceptual loss = 0.0916, discriminator loss = 0.8723
2024-03-07 22:56:30,678 - 2300/20000, perceptual loss = 0.0890, discriminator loss = 0.9586
2024-03-07 22:56:55,474 - 2350/20000, perceptual loss = 0.0908, discriminator loss = 0.9605
2024-03-07 22:57:20,244 - 2400/20000, perceptual loss = 0.0929, discriminator loss = 1.0435
2024-03-07 22:57:44,988 - 2450/20000, perceptual loss = 0.0881, discriminator loss = 0.6361
2024-03-07 22:58:09,701 - 2500/20000, perceptual loss = 0.0937, discriminator loss = 0.6818
2024-03-07 22:58:34,336 - 2550/20000, perceptual loss = 0.0924, discriminator loss = 0.5167
2024-03-07 22:58:58,977 - 2600/20000, perceptual loss = 0.0889, discriminator loss = 0.8147
2024-03-07 22:59:23,630 - 2650/20000, perceptual loss = 0.0935, discriminator loss = 1.0046
2024-03-07 22:59:48,236 - 2700/20000, perceptual loss = 0.0895, discriminator loss = 0.7255
2024-03-07 23:00:12,914 - 2750/20000, perceptual loss = 0.0971, discriminator loss = 0.9126
2024-03-07 23:00:37,524 - 2800/20000, perceptual loss = 0.0896, discriminator loss = 0.4214
2024-03-07 23:01:02,173 - 2850/20000, perceptual loss = 0.0927, discriminator loss = 0.6606
2024-03-07 23:01:26,817 - 2900/20000, perceptual loss = 0.0894, discriminator loss = 1.0744
2024-03-07 23:01:51,487 - 2950/20000, perceptual loss = 0.0859, discriminator loss = 0.4101
2024-03-07 23:02:16,175 - 3000/20000, perceptual loss = 0.0900, discriminator loss = 0.3531
2024-03-07 23:02:40,807 - 3050/20000, perceptual loss = 0.0913, discriminator loss = 0.7060
2024-03-07 23:03:05,443 - 3100/20000, perceptual loss = 0.0890, discriminator loss = 0.9377
2024-03-07 23:03:30,082 - 3150/20000, perceptual loss = 0.0875, discriminator loss = 0.7432
2024-03-07 23:03:54,740 - 3200/20000, perceptual loss = 0.0894, discriminator loss = 1.1419
2024-03-07 23:04:19,392 - 3250/20000, perceptual loss = 0.0940, discriminator loss = 0.9039
2024-03-07 23:04:43,998 - 3300/20000, perceptual loss = 0.0922, discriminator loss = 0.3721
2024-03-07 23:05:08,653 - 3350/20000, perceptual loss = 0.0921, discriminator loss = 1.2257
2024-03-07 23:05:33,266 - 3400/20000, perceptual loss = 0.0888, discriminator loss = 0.7401
2024-03-07 23:05:57,913 - 3450/20000, perceptual loss = 0.0878, discriminator loss = 0.4127
2024-03-07 23:06:22,654 - 3500/20000, perceptual loss = 0.0841, discriminator loss = 0.5255
2024-03-07 23:06:43,499 - 3550/20000, perceptual loss = 0.0892, discriminator loss = 0.6313
2024-03-07 23:07:03,813 - 3600/20000, perceptual loss = 0.0860, discriminator loss = 0.5984
2024-03-07 23:07:24,131 - 3650/20000, perceptual loss = 0.0921, discriminator loss = 0.8894
2024-03-07 23:07:44,459 - 3700/20000, perceptual loss = 0.0872, discriminator loss = 0.5134
2024-03-07 23:08:04,774 - 3750/20000, perceptual loss = 0.0805, discriminator loss = 0.5840
2024-03-07 23:08:25,125 - 3800/20000, perceptual loss = 0.0903, discriminator loss = 0.3518
2024-03-07 23:08:45,441 - 3850/20000, perceptual loss = 0.0893, discriminator loss = 0.5005
2024-03-07 23:09:05,758 - 3900/20000, perceptual loss = 0.0865, discriminator loss = 0.9313
2024-03-07 23:09:26,093 - 3950/20000, perceptual loss = 0.0904, discriminator loss = 0.8705
2024-03-07 23:09:46,415 - 4000/20000, perceptual loss = 0.0890, discriminator loss = 0.5895
2024-03-07 23:10:06,726 - 4050/20000, perceptual loss = 0.0881, discriminator loss = 1.3025
2024-03-07 23:10:27,043 - 4100/20000, perceptual loss = 0.0876, discriminator loss = 0.6967
2024-03-07 23:10:47,354 - 4150/20000, perceptual loss = 0.0885, discriminator loss = 0.5524
2024-03-07 23:11:07,687 - 4200/20000, perceptual loss = 0.0872, discriminator loss = 0.4928
2024-03-07 23:11:27,996 - 4250/20000, perceptual loss = 0.0918, discriminator loss = 0.6244
2024-03-07 23:11:48,306 - 4300/20000, perceptual loss = 0.0904, discriminator loss = 0.8003
2024-03-07 23:12:08,627 - 4350/20000, perceptual loss = 0.0849, discriminator loss = 0.3619
2024-03-07 23:12:28,931 - 4400/20000, perceptual loss = 0.0837, discriminator loss = 0.4946
2024-03-07 23:12:49,223 - 4450/20000, perceptual loss = 0.0860, discriminator loss = 0.4224
2024-03-07 23:13:09,540 - 4500/20000, perceptual loss = 0.0845, discriminator loss = 0.4553
2024-03-07 23:13:29,855 - 4550/20000, perceptual loss = 0.0878, discriminator loss = 0.4200
2024-03-07 23:13:50,162 - 4600/20000, perceptual loss = 0.0867, discriminator loss = 0.3343
2024-03-07 23:14:10,475 - 4650/20000, perceptual loss = 0.0932, discriminator loss = 0.6298
2024-03-07 23:14:30,779 - 4700/20000, perceptual loss = 0.0885, discriminator loss = 0.3157
2024-03-07 23:14:51,095 - 4750/20000, perceptual loss = 0.0886, discriminator loss = 0.5924
2024-03-07 23:15:11,411 - 4800/20000, perceptual loss = 0.0845, discriminator loss = 0.5881
2024-03-07 23:15:31,699 - 4850/20000, perceptual loss = 0.0852, discriminator loss = 0.9690
2024-03-07 23:15:52,022 - 4900/20000, perceptual loss = 0.0845, discriminator loss = 0.3143
2024-03-07 23:16:12,316 - 4950/20000, perceptual loss = 0.0841, discriminator loss = 0.6758
2024-03-07 23:16:32,624 - 5000/20000, perceptual loss = 0.0847, discriminator loss = 0.5397
2024-03-07 23:16:52,925 - 5050/20000, perceptual loss = 0.0864, discriminator loss = 0.8060
2024-03-07 23:17:13,236 - 5100/20000, perceptual loss = 0.0825, discriminator loss = 0.3917
2024-03-07 23:17:33,538 - 5150/20000, perceptual loss = 0.0827, discriminator loss = 0.3720
2024-03-07 23:17:53,837 - 5200/20000, perceptual loss = 0.0851, discriminator loss = 0.3077
2024-03-07 23:18:14,152 - 5250/20000, perceptual loss = 0.0870, discriminator loss = 0.8969
2024-03-07 23:18:34,453 - 5300/20000, perceptual loss = 0.0807, discriminator loss = 0.2358
2024-03-07 23:18:54,757 - 5350/20000, perceptual loss = 0.0862, discriminator loss = 0.3521
2024-03-07 23:19:15,070 - 5400/20000, perceptual loss = 0.0869, discriminator loss = 0.4981
2024-03-07 23:19:35,366 - 5450/20000, perceptual loss = 0.0925, discriminator loss = 0.3537
2024-03-07 23:19:55,681 - 5500/20000, perceptual loss = 0.0877, discriminator loss = 0.4436
2024-03-07 23:20:15,985 - 5550/20000, perceptual loss = 0.0883, discriminator loss = 0.6775
2024-03-07 23:20:36,276 - 5600/20000, perceptual loss = 0.0826, discriminator loss = 0.4294
2024-03-07 23:20:56,581 - 5650/20000, perceptual loss = 0.0872, discriminator loss = 0.6161
2024-03-07 23:21:16,892 - 5700/20000, perceptual loss = 0.0857, discriminator loss = 0.2656
2024-03-07 23:21:37,177 - 5750/20000, perceptual loss = 0.0865, discriminator loss = 0.5387
2024-03-07 23:21:57,477 - 5800/20000, perceptual loss = 0.0846, discriminator loss = 0.6140
2024-03-07 23:22:17,788 - 5850/20000, perceptual loss = 0.0857, discriminator loss = 0.3505
2024-03-07 23:22:38,074 - 5900/20000, perceptual loss = 0.0849, discriminator loss = 0.4514
2024-03-07 23:22:58,389 - 5950/20000, perceptual loss = 0.0842, discriminator loss = 0.2671
2024-03-07 23:23:18,693 - 6000/20000, perceptual loss = 0.0840, discriminator loss = 0.3369
2024-03-07 23:23:38,975 - 6050/20000, perceptual loss = 0.0878, discriminator loss = 0.5868
2024-03-07 23:23:59,290 - 6100/20000, perceptual loss = 0.0876, discriminator loss = 0.2919
2024-03-07 23:24:19,594 - 6150/20000, perceptual loss = 0.0877, discriminator loss = 0.3933
2024-03-07 23:24:39,887 - 6200/20000, perceptual loss = 0.0880, discriminator loss = 0.7403
2024-03-07 23:25:00,196 - 6250/20000, perceptual loss = 0.0895, discriminator loss = 0.6535
2024-03-07 23:25:20,496 - 6300/20000, perceptual loss = 0.0841, discriminator loss = 0.4133
2024-03-07 23:25:40,784 - 6350/20000, perceptual loss = 0.0825, discriminator loss = 0.4043
2024-03-07 23:26:01,101 - 6400/20000, perceptual loss = 0.0849, discriminator loss = 0.5157
2024-03-07 23:26:21,419 - 6450/20000, perceptual loss = 0.0822, discriminator loss = 0.2566
2024-03-07 23:26:41,731 - 6500/20000, perceptual loss = 0.0851, discriminator loss = 0.5506
2024-03-07 23:27:01,987 - 6550/20000, perceptual loss = 0.0824, discriminator loss = 0.4323
2024-03-07 23:27:22,239 - 6600/20000, perceptual loss = 0.0849, discriminator loss = 0.3519
2024-03-07 23:27:42,447 - 6650/20000, perceptual loss = 0.0830, discriminator loss = 0.2871
2024-03-07 23:28:02,703 - 6700/20000, perceptual loss = 0.0852, discriminator loss = 0.2827
2024-03-07 23:28:22,972 - 6750/20000, perceptual loss = 0.0847, discriminator loss = 1.0234
2024-03-07 23:28:43,180 - 6800/20000, perceptual loss = 0.0821, discriminator loss = 0.3713
2024-03-07 23:29:03,450 - 6850/20000, perceptual loss = 0.0838, discriminator loss = 0.5033
2024-03-07 23:29:23,704 - 6900/20000, perceptual loss = 0.0832, discriminator loss = 0.4249
2024-03-07 23:29:43,907 - 6950/20000, perceptual loss = 0.0826, discriminator loss = 0.5374
2024-03-07 23:30:04,145 - 7000/20000, perceptual loss = 0.0903, discriminator loss = 0.1312
2024-03-07 23:30:24,404 - 7050/20000, perceptual loss = 0.0839, discriminator loss = 0.4455
2024-03-07 23:30:44,649 - 7100/20000, perceptual loss = 0.0818, discriminator loss = 0.4194
2024-03-07 23:31:04,918 - 7150/20000, perceptual loss = 0.0783, discriminator loss = 0.4206
2024-03-07 23:31:25,170 - 7200/20000, perceptual loss = 0.0848, discriminator loss = 0.4495
2024-03-07 23:31:45,424 - 7250/20000, perceptual loss = 0.0890, discriminator loss = 0.6309
2024-03-07 23:32:05,661 - 7300/20000, perceptual loss = 0.0850, discriminator loss = 0.2395
2024-03-07 23:32:25,916 - 7350/20000, perceptual loss = 0.0835, discriminator loss = 0.6064
2024-03-07 23:32:46,157 - 7400/20000, perceptual loss = 0.0844, discriminator loss = 0.2785
2024-03-07 23:33:06,411 - 7450/20000, perceptual loss = 0.0812, discriminator loss = 0.3380
2024-03-07 23:33:26,663 - 7500/20000, perceptual loss = 0.0814, discriminator loss = 0.8024
2024-03-07 23:33:46,918 - 7550/20000, perceptual loss = 0.0848, discriminator loss = 0.4144
2024-03-07 23:34:08,761 - 7600/20000, perceptual loss = 0.0848, discriminator loss = 0.4108
2024-03-07 23:34:33,750 - 7650/20000, perceptual loss = 0.0851, discriminator loss = 0.3898
2024-03-07 23:34:58,738 - 7700/20000, perceptual loss = 0.0792, discriminator loss = 0.2440
2024-03-07 23:35:23,727 - 7750/20000, perceptual loss = 0.0842, discriminator loss = 0.6227
2024-03-07 23:35:48,700 - 7800/20000, perceptual loss = 0.0848, discriminator loss = 0.2954
2024-03-07 23:36:13,713 - 7850/20000, perceptual loss = 0.0837, discriminator loss = 0.3659
2024-03-07 23:36:38,391 - 7900/20000, perceptual loss = 0.0825, discriminator loss = 0.4300
2024-03-07 23:37:03,295 - 7950/20000, perceptual loss = 0.0827, discriminator loss = 0.1530
2024-03-07 23:37:27,532 - 8000/20000, perceptual loss = 0.0828, discriminator loss = 0.2639
2024-03-07 23:37:51,644 - 8050/20000, perceptual loss = 0.0862, discriminator loss = 0.5291
2024-03-07 23:38:15,758 - 8100/20000, perceptual loss = 0.0884, discriminator loss = 0.4393
2024-03-07 23:38:39,844 - 8150/20000, perceptual loss = 0.0864, discriminator loss = 0.3329
2024-03-07 23:39:03,920 - 8200/20000, perceptual loss = 0.0837, discriminator loss = 0.5690
2024-03-07 23:39:28,009 - 8250/20000, perceptual loss = 0.0856, discriminator loss = 0.1907
2024-03-07 23:39:52,086 - 8300/20000, perceptual loss = 0.0879, discriminator loss = 0.6509
2024-03-07 23:40:16,163 - 8350/20000, perceptual loss = 0.0837, discriminator loss = 0.3851
2024-03-07 23:40:40,250 - 8400/20000, perceptual loss = 0.0767, discriminator loss = 0.4825
2024-03-07 23:41:04,327 - 8450/20000, perceptual loss = 0.0876, discriminator loss = 0.3993
2024-03-07 23:41:28,405 - 8500/20000, perceptual loss = 0.0783, discriminator loss = 0.5722
2024-03-07 23:41:52,490 - 8550/20000, perceptual loss = 0.0822, discriminator loss = 0.3134
2024-03-07 23:42:16,545 - 8600/20000, perceptual loss = 0.0866, discriminator loss = 0.6066
2024-03-07 23:42:40,603 - 8650/20000, perceptual loss = 0.0820, discriminator loss = 0.2214
2024-03-07 23:43:04,669 - 8700/20000, perceptual loss = 0.0836, discriminator loss = 0.2115
2024-03-07 23:43:28,718 - 8750/20000, perceptual loss = 0.0821, discriminator loss = 0.9873
2024-03-07 23:43:52,774 - 8800/20000, perceptual loss = 0.0794, discriminator loss = 0.2261
2024-03-07 23:44:16,819 - 8850/20000, perceptual loss = 0.0831, discriminator loss = 0.5725
2024-03-07 23:44:40,880 - 8900/20000, perceptual loss = 0.0837, discriminator loss = 0.3806
2024-03-07 23:45:04,922 - 8950/20000, perceptual loss = 0.0786, discriminator loss = 0.3060
2024-03-07 23:45:28,968 - 9000/20000, perceptual loss = 0.0830, discriminator loss = 0.3067
2024-03-07 23:45:53,019 - 9050/20000, perceptual loss = 0.0789, discriminator loss = 0.2923
2024-03-07 23:46:17,074 - 9100/20000, perceptual loss = 0.0811, discriminator loss = 0.4425
2024-03-07 23:46:41,138 - 9150/20000, perceptual loss = 0.0825, discriminator loss = 0.2244
2024-03-07 23:47:05,195 - 9200/20000, perceptual loss = 0.0836, discriminator loss = 0.4364
2024-03-07 23:47:29,252 - 9250/20000, perceptual loss = 0.0789, discriminator loss = 0.3157
2024-03-07 23:47:53,312 - 9300/20000, perceptual loss = 0.0862, discriminator loss = 0.3214
2024-03-07 23:48:17,384 - 9350/20000, perceptual loss = 0.0838, discriminator loss = 0.2057
2024-03-07 23:48:41,447 - 9400/20000, perceptual loss = 0.0789, discriminator loss = 0.4899
2024-03-07 23:49:05,516 - 9450/20000, perceptual loss = 0.0853, discriminator loss = 0.4017
2024-03-07 23:49:29,576 - 9500/20000, perceptual loss = 0.0862, discriminator loss = 0.6506
2024-03-07 23:49:53,630 - 9550/20000, perceptual loss = 0.0825, discriminator loss = 0.2481
2024-03-07 23:50:17,685 - 9600/20000, perceptual loss = 0.0831, discriminator loss = 0.2630
2024-03-07 23:50:41,750 - 9650/20000, perceptual loss = 0.0855, discriminator loss = 0.5237
2024-03-07 23:51:05,820 - 9700/20000, perceptual loss = 0.0784, discriminator loss = 0.2570
2024-03-07 23:51:29,912 - 9750/20000, perceptual loss = 0.0822, discriminator loss = 0.4080
2024-03-07 23:51:54,006 - 9800/20000, perceptual loss = 0.0856, discriminator loss = 0.3543
2024-03-07 23:52:18,096 - 9850/20000, perceptual loss = 0.0839, discriminator loss = 0.7709
2024-03-07 23:52:42,191 - 9900/20000, perceptual loss = 0.0844, discriminator loss = 0.1988
2024-03-07 23:53:06,282 - 9950/20000, perceptual loss = 0.0805, discriminator loss = 0.3397
2024-03-07 23:53:30,383 - 10000/20000, perceptual loss = 0.0825, discriminator loss = 0.4236
2024-03-07 23:53:54,956 - 10050/20000, perceptual loss = 0.0838, discriminator loss = 0.4899
2024-03-07 23:54:17,417 - 10100/20000, perceptual loss = 0.0796, discriminator loss = 0.1838
2024-03-07 23:54:37,544 - 10150/20000, perceptual loss = 0.0827, discriminator loss = 0.3163
2024-03-07 23:54:57,666 - 10200/20000, perceptual loss = 0.0832, discriminator loss = 0.4217
2024-03-07 23:55:17,788 - 10250/20000, perceptual loss = 0.0838, discriminator loss = 0.2490
2024-03-07 23:55:37,919 - 10300/20000, perceptual loss = 0.0850, discriminator loss = 0.4727
2024-03-07 23:55:58,043 - 10350/20000, perceptual loss = 0.0811, discriminator loss = 0.3030
2024-03-07 23:56:18,162 - 10400/20000, perceptual loss = 0.0846, discriminator loss = 0.4099
2024-03-07 23:56:38,288 - 10450/20000, perceptual loss = 0.0830, discriminator loss = 0.2408
2024-03-07 23:56:58,407 - 10500/20000, perceptual loss = 0.0865, discriminator loss = 0.2924
2024-03-07 23:57:18,526 - 10550/20000, perceptual loss = 0.0853, discriminator loss = 0.3843
2024-03-07 23:57:38,649 - 10600/20000, perceptual loss = 0.0853, discriminator loss = 0.4495
2024-03-07 23:57:58,769 - 10650/20000, perceptual loss = 0.0817, discriminator loss = 0.7338
2024-03-07 23:58:18,889 - 10700/20000, perceptual loss = 0.0811, discriminator loss = 0.2934
2024-03-07 23:58:39,007 - 10750/20000, perceptual loss = 0.0787, discriminator loss = 0.4359
2024-03-07 23:58:59,121 - 10800/20000, perceptual loss = 0.0821, discriminator loss = 0.5594
2024-03-07 23:59:19,238 - 10850/20000, perceptual loss = 0.0831, discriminator loss = 0.2165
2024-03-07 23:59:39,359 - 10900/20000, perceptual loss = 0.0805, discriminator loss = 0.3248
2024-03-07 23:59:59,482 - 10950/20000, perceptual loss = 0.0854, discriminator loss = 0.2334
2024-03-08 00:00:19,605 - 11000/20000, perceptual loss = 0.0805, discriminator loss = 0.3949
2024-03-08 00:00:39,735 - 11050/20000, perceptual loss = 0.0813, discriminator loss = 0.5312
2024-03-08 00:00:59,869 - 11100/20000, perceptual loss = 0.0831, discriminator loss = 0.5592
2024-03-08 00:01:19,998 - 11150/20000, perceptual loss = 0.0767, discriminator loss = 0.1546
2024-03-08 00:01:40,132 - 11200/20000, perceptual loss = 0.0837, discriminator loss = 0.4167
2024-03-08 00:02:00,270 - 11250/20000, perceptual loss = 0.0827, discriminator loss = 0.3940
2024-03-08 00:02:20,415 - 11300/20000, perceptual loss = 0.0812, discriminator loss = 0.2065
2024-03-08 00:02:40,537 - 11350/20000, perceptual loss = 0.0830, discriminator loss = 0.4486
2024-03-08 00:03:00,657 - 11400/20000, perceptual loss = 0.0801, discriminator loss = 0.1716
2024-03-08 00:03:20,779 - 11450/20000, perceptual loss = 0.0794, discriminator loss = 0.4118
2024-03-08 00:03:40,900 - 11500/20000, perceptual loss = 0.0817, discriminator loss = 0.3661
2024-03-08 00:04:01,026 - 11550/20000, perceptual loss = 0.0838, discriminator loss = 0.4528
2024-03-08 00:04:21,145 - 11600/20000, perceptual loss = 0.0805, discriminator loss = 0.2249
2024-03-08 00:04:41,264 - 11650/20000, perceptual loss = 0.0804, discriminator loss = 0.2800
2024-03-08 00:05:01,385 - 11700/20000, perceptual loss = 0.0756, discriminator loss = 0.2086
2024-03-08 00:05:21,507 - 11750/20000, perceptual loss = 0.0765, discriminator loss = 0.1569
2024-03-08 00:05:41,629 - 11800/20000, perceptual loss = 0.0820, discriminator loss = 0.5103
2024-03-08 00:06:01,748 - 11850/20000, perceptual loss = 0.0814, discriminator loss = 0.2864
2024-03-08 00:06:21,864 - 11900/20000, perceptual loss = 0.0822, discriminator loss = 0.2248
2024-03-08 00:06:41,981 - 11950/20000, perceptual loss = 0.0855, discriminator loss = 0.4026
2024-03-08 00:07:02,095 - 12000/20000, perceptual loss = 0.0848, discriminator loss = 0.3490
2024-03-08 00:07:22,213 - 12050/20000, perceptual loss = 0.0780, discriminator loss = 0.5506
2024-03-08 00:07:42,338 - 12100/20000, perceptual loss = 0.0815, discriminator loss = 0.2298
2024-03-08 00:08:02,455 - 12150/20000, perceptual loss = 0.0862, discriminator loss = 0.4512
2024-03-08 00:08:22,577 - 12200/20000, perceptual loss = 0.0834, discriminator loss = 0.3541
2024-03-08 00:08:42,700 - 12250/20000, perceptual loss = 0.0852, discriminator loss = 0.3329
2024-03-08 00:09:02,817 - 12300/20000, perceptual loss = 0.0805, discriminator loss = 0.2384
2024-03-08 00:09:22,939 - 12350/20000, perceptual loss = 0.0820, discriminator loss = 0.2740
2024-03-08 00:09:43,055 - 12400/20000, perceptual loss = 0.0796, discriminator loss = 0.3776
2024-03-08 00:10:03,169 - 12450/20000, perceptual loss = 0.0817, discriminator loss = 0.2384
2024-03-08 00:10:23,291 - 12500/20000, perceptual loss = 0.0838, discriminator loss = 0.9375
2024-03-08 00:10:43,414 - 12550/20000, perceptual loss = 0.0746, discriminator loss = 0.3684
2024-03-08 00:11:03,530 - 12600/20000, perceptual loss = 0.0798, discriminator loss = 0.2562
2024-03-08 00:11:23,654 - 12650/20000, perceptual loss = 0.0839, discriminator loss = 0.3359
2024-03-08 00:11:43,773 - 12700/20000, perceptual loss = 0.0790, discriminator loss = 0.1518
2024-03-08 00:12:03,899 - 12750/20000, perceptual loss = 0.0828, discriminator loss = 0.2732
2024-03-08 00:12:24,022 - 12800/20000, perceptual loss = 0.0842, discriminator loss = 0.2511
2024-03-08 00:12:44,134 - 12850/20000, perceptual loss = 0.0818, discriminator loss = 0.4305
2024-03-08 00:13:04,249 - 12900/20000, perceptual loss = 0.0842, discriminator loss = 0.3216
2024-03-08 00:13:24,368 - 12950/20000, perceptual loss = 0.0788, discriminator loss = 0.4826
2024-03-08 00:13:44,502 - 13000/20000, perceptual loss = 0.0779, discriminator loss = 0.3726
2024-03-08 00:14:04,627 - 13050/20000, perceptual loss = 0.0766, discriminator loss = 0.1719
2024-03-08 00:14:24,750 - 13100/20000, perceptual loss = 0.0812, discriminator loss = 0.2058
2024-03-08 00:14:44,877 - 13150/20000, perceptual loss = 0.0825, discriminator loss = 0.7424
2024-03-08 00:15:04,994 - 13200/20000, perceptual loss = 0.0780, discriminator loss = 0.1488
2024-03-08 00:15:25,111 - 13250/20000, perceptual loss = 0.0786, discriminator loss = 0.2748
2024-03-08 00:15:45,228 - 13300/20000, perceptual loss = 0.0818, discriminator loss = 0.1655
2024-03-08 00:16:05,346 - 13350/20000, perceptual loss = 0.0827, discriminator loss = 0.3163
2024-03-08 00:16:25,470 - 13400/20000, perceptual loss = 0.0855, discriminator loss = 0.6744
2024-03-08 00:16:45,584 - 13450/20000, perceptual loss = 0.0809, discriminator loss = 0.2559
2024-03-08 00:17:05,701 - 13500/20000, perceptual loss = 0.0810, discriminator loss = 0.2936
2024-03-08 00:17:25,819 - 13550/20000, perceptual loss = 0.0799, discriminator loss = 0.1932
2024-03-08 00:17:45,937 - 13600/20000, perceptual loss = 0.0854, discriminator loss = 0.2265
2024-03-08 00:18:06,059 - 13650/20000, perceptual loss = 0.0847, discriminator loss = 0.3296
2024-03-08 00:18:26,177 - 13700/20000, perceptual loss = 0.0754, discriminator loss = 0.9328
2024-03-08 00:18:46,298 - 13750/20000, perceptual loss = 0.0752, discriminator loss = 0.0903
2024-03-08 00:19:06,420 - 13800/20000, perceptual loss = 0.0809, discriminator loss = 0.4303
2024-03-08 00:19:26,542 - 13850/20000, perceptual loss = 0.0784, discriminator loss = 0.2699
2024-03-08 00:19:46,670 - 13900/20000, perceptual loss = 0.0814, discriminator loss = 0.3482
2024-03-08 00:20:08,919 - 13950/20000, perceptual loss = 0.0762, discriminator loss = 0.2657
2024-03-08 00:20:33,907 - 14000/20000, perceptual loss = 0.0809, discriminator loss = 0.1504
2024-03-08 00:20:58,900 - 14050/20000, perceptual loss = 0.0832, discriminator loss = 0.6930
2024-03-08 00:21:23,890 - 14100/20000, perceptual loss = 0.0801, discriminator loss = 0.2910
2024-03-08 00:21:48,887 - 14150/20000, perceptual loss = 0.0781, discriminator loss = 0.2852
2024-03-08 00:22:13,867 - 14200/20000, perceptual loss = 0.0793, discriminator loss = 0.4060
2024-03-08 00:22:38,846 - 14250/20000, perceptual loss = 0.0783, discriminator loss = 0.2020
2024-03-08 00:23:03,827 - 14300/20000, perceptual loss = 0.0786, discriminator loss = 0.2207
2024-03-08 00:23:28,813 - 14350/20000, perceptual loss = 0.0793, discriminator loss = 0.4342
2024-03-08 00:23:53,792 - 14400/20000, perceptual loss = 0.0796, discriminator loss = 0.2542
2024-03-08 00:24:18,712 - 14450/20000, perceptual loss = 0.0793, discriminator loss = 0.1557
2024-03-08 00:24:43,596 - 14500/20000, perceptual loss = 0.0814, discriminator loss = 0.4472
2024-03-08 00:25:08,492 - 14550/20000, perceptual loss = 0.0807, discriminator loss = 0.5011
2024-03-08 00:25:33,367 - 14600/20000, perceptual loss = 0.0787, discriminator loss = 0.3131
2024-03-08 00:25:58,232 - 14650/20000, perceptual loss = 0.0811, discriminator loss = 0.2480
2024-03-08 00:26:23,091 - 14700/20000, perceptual loss = 0.0816, discriminator loss = 0.2357
2024-03-08 00:26:47,969 - 14750/20000, perceptual loss = 0.0818, discriminator loss = 0.4126
2024-03-08 00:27:12,834 - 14800/20000, perceptual loss = 0.0822, discriminator loss = 0.1354
2024-03-08 00:27:37,726 - 14850/20000, perceptual loss = 0.0848, discriminator loss = 0.1554
2024-03-08 00:28:02,614 - 14900/20000, perceptual loss = 0.0836, discriminator loss = 0.2584
2024-03-08 00:28:27,509 - 14950/20000, perceptual loss = 0.0859, discriminator loss = 0.3103
2024-03-08 00:28:52,382 - 15000/20000, perceptual loss = 0.0784, discriminator loss = 0.5554
2024-03-08 00:29:17,217 - 15050/20000, perceptual loss = 0.0834, discriminator loss = 0.2618
2024-03-08 00:29:42,063 - 15100/20000, perceptual loss = 0.0799, discriminator loss = 0.2831
2024-03-08 00:30:06,931 - 15150/20000, perceptual loss = 0.0815, discriminator loss = 0.5866
2024-03-08 00:30:31,803 - 15200/20000, perceptual loss = 0.0784, discriminator loss = 0.1756
2024-03-08 00:30:56,685 - 15250/20000, perceptual loss = 0.0832, discriminator loss = 0.2494
2024-03-08 00:31:21,561 - 15300/20000, perceptual loss = 0.0757, discriminator loss = 0.3527
2024-03-08 00:31:46,440 - 15350/20000, perceptual loss = 0.0809, discriminator loss = 0.3280
2024-03-08 00:32:11,305 - 15400/20000, perceptual loss = 0.0781, discriminator loss = 0.3239
2024-03-08 00:32:36,168 - 15450/20000, perceptual loss = 0.0803, discriminator loss = 0.3777
2024-03-08 00:33:01,046 - 15500/20000, perceptual loss = 0.0771, discriminator loss = 0.5426
2024-03-08 00:33:25,912 - 15550/20000, perceptual loss = 0.0802, discriminator loss = 0.2400
2024-03-08 00:33:50,788 - 15600/20000, perceptual loss = 0.0785, discriminator loss = 0.2096
2024-03-08 00:34:15,672 - 15650/20000, perceptual loss = 0.0790, discriminator loss = 0.3071
2024-03-08 00:34:40,546 - 15700/20000, perceptual loss = 0.0786, discriminator loss = 0.1994
2024-03-08 00:35:05,420 - 15750/20000, perceptual loss = 0.0795, discriminator loss = 0.2002
2024-03-08 00:35:30,292 - 15800/20000, perceptual loss = 0.0801, discriminator loss = 0.2946
2024-03-08 00:35:55,182 - 15850/20000, perceptual loss = 0.0805, discriminator loss = 0.3486
2024-03-08 00:36:20,008 - 15900/20000, perceptual loss = 0.0798, discriminator loss = 0.3297
2024-03-08 00:36:44,847 - 15950/20000, perceptual loss = 0.0770, discriminator loss = 0.2735
2024-03-08 00:37:09,699 - 16000/20000, perceptual loss = 0.0831, discriminator loss = 0.3615
2024-03-08 00:37:34,554 - 16050/20000, perceptual loss = 0.0769, discriminator loss = 0.3277
2024-03-08 00:37:59,411 - 16100/20000, perceptual loss = 0.0775, discriminator loss = 0.3301
2024-03-08 00:38:24,288 - 16150/20000, perceptual loss = 0.0780, discriminator loss = 0.3717
2024-03-08 00:38:49,158 - 16200/20000, perceptual loss = 0.0797, discriminator loss = 0.2021
2024-03-08 00:39:14,027 - 16250/20000, perceptual loss = 0.0807, discriminator loss = 0.3350
2024-03-08 00:39:38,893 - 16300/20000, perceptual loss = 0.0820, discriminator loss = 0.4766
2024-03-08 00:40:03,496 - 16350/20000, perceptual loss = 0.0802, discriminator loss = 0.2853
2024-03-08 00:40:23,807 - 16400/20000, perceptual loss = 0.0810, discriminator loss = 0.2936
2024-03-08 00:40:43,914 - 16450/20000, perceptual loss = 0.0775, discriminator loss = 0.5997
2024-03-08 00:41:04,023 - 16500/20000, perceptual loss = 0.0842, discriminator loss = 0.2604
2024-03-08 00:41:24,130 - 16550/20000, perceptual loss = 0.0771, discriminator loss = 0.4325
2024-03-08 00:41:44,235 - 16600/20000, perceptual loss = 0.0787, discriminator loss = 0.3179
2024-03-08 00:42:04,339 - 16650/20000, perceptual loss = 0.0806, discriminator loss = 0.3238
2024-03-08 00:42:24,446 - 16700/20000, perceptual loss = 0.0818, discriminator loss = 0.1710
2024-03-08 00:42:44,556 - 16750/20000, perceptual loss = 0.0832, discriminator loss = 0.5817
2024-03-08 00:43:04,668 - 16800/20000, perceptual loss = 0.0781, discriminator loss = 0.2541
2024-03-08 00:43:24,786 - 16850/20000, perceptual loss = 0.0783, discriminator loss = 0.2604
2024-03-08 00:43:44,895 - 16900/20000, perceptual loss = 0.0820, discriminator loss = 0.1943
2024-03-08 00:44:05,007 - 16950/20000, perceptual loss = 0.0782, discriminator loss = 0.7211
2024-03-08 00:44:25,117 - 17000/20000, perceptual loss = 0.0796, discriminator loss = 0.2718
2024-03-08 00:44:45,222 - 17050/20000, perceptual loss = 0.0806, discriminator loss = 0.1979
2024-03-08 00:45:05,327 - 17100/20000, perceptual loss = 0.0799, discriminator loss = 0.3414
2024-03-08 00:45:25,440 - 17150/20000, perceptual loss = 0.0784, discriminator loss = 0.1941
2024-03-08 00:45:45,546 - 17200/20000, perceptual loss = 0.0768, discriminator loss = 0.3679
2024-03-08 00:46:05,654 - 17250/20000, perceptual loss = 0.0793, discriminator loss = 0.4891
2024-03-08 00:46:25,765 - 17300/20000, perceptual loss = 0.0773, discriminator loss = 0.2719
2024-03-08 00:46:45,867 - 17350/20000, perceptual loss = 0.0771, discriminator loss = 0.2444
2024-03-08 00:47:05,969 - 17400/20000, perceptual loss = 0.0776, discriminator loss = 0.6357
2024-03-08 00:47:26,076 - 17450/20000, perceptual loss = 0.0754, discriminator loss = 0.2485
2024-03-08 00:47:46,178 - 17500/20000, perceptual loss = 0.0797, discriminator loss = 0.7068
2024-03-08 00:48:06,286 - 17550/20000, perceptual loss = 0.0763, discriminator loss = 0.2987
2024-03-08 00:48:26,391 - 17600/20000, perceptual loss = 0.0782, discriminator loss = 0.2326
2024-03-08 00:48:46,504 - 17650/20000, perceptual loss = 0.0801, discriminator loss = 0.2546
2024-03-08 00:49:06,613 - 17700/20000, perceptual loss = 0.0798, discriminator loss = 0.3281
2024-03-08 00:49:26,727 - 17750/20000, perceptual loss = 0.0807, discriminator loss = 0.3517
2024-03-08 00:49:46,842 - 17800/20000, perceptual loss = 0.0800, discriminator loss = 0.6124
2024-03-08 00:50:06,959 - 17850/20000, perceptual loss = 0.0781, discriminator loss = 0.1580
2024-03-08 00:50:27,080 - 17900/20000, perceptual loss = 0.0761, discriminator loss = 0.4337
2024-03-08 00:50:47,205 - 17950/20000, perceptual loss = 0.0773, discriminator loss = 0.1900
2024-03-08 00:51:07,327 - 18000/20000, perceptual loss = 0.0784, discriminator loss = 0.2930
2024-03-08 00:51:27,440 - 18050/20000, perceptual loss = 0.0753, discriminator loss = 0.1795
2024-03-08 00:51:47,550 - 18100/20000, perceptual loss = 0.0800, discriminator loss = 0.3842
2024-03-08 00:52:07,665 - 18150/20000, perceptual loss = 0.0776, discriminator loss = 0.3895
2024-03-08 00:52:27,780 - 18200/20000, perceptual loss = 0.0769, discriminator loss = 0.2756
2024-03-08 00:52:47,889 - 18250/20000, perceptual loss = 0.0796, discriminator loss = 0.3291
2024-03-08 00:53:07,996 - 18300/20000, perceptual loss = 0.0804, discriminator loss = 0.5590
2024-03-08 00:53:28,109 - 18350/20000, perceptual loss = 0.0765, discriminator loss = 0.4703
2024-03-08 00:53:48,219 - 18400/20000, perceptual loss = 0.0754, discriminator loss = 0.2481
2024-03-08 00:54:08,327 - 18450/20000, perceptual loss = 0.0770, discriminator loss = 0.3240
2024-03-08 00:54:28,435 - 18500/20000, perceptual loss = 0.0800, discriminator loss = 0.2283
2024-03-08 00:54:48,538 - 18550/20000, perceptual loss = 0.0790, discriminator loss = 0.1999
2024-03-08 00:55:08,645 - 18600/20000, perceptual loss = 0.0794, discriminator loss = 0.6382
2024-03-08 00:55:28,752 - 18650/20000, perceptual loss = 0.0734, discriminator loss = 0.2958
2024-03-08 00:55:48,862 - 18700/20000, perceptual loss = 0.0774, discriminator loss = 0.1695
2024-03-08 00:56:08,977 - 18750/20000, perceptual loss = 0.0801, discriminator loss = 0.2820
2024-03-08 00:56:29,091 - 18800/20000, perceptual loss = 0.0756, discriminator loss = 0.2512
2024-03-08 00:56:49,199 - 18850/20000, perceptual loss = 0.0772, discriminator loss = 0.2673
2024-03-08 00:57:09,310 - 18900/20000, perceptual loss = 0.0764, discriminator loss = 0.5259
2024-03-08 00:57:29,418 - 18950/20000, perceptual loss = 0.0755, discriminator loss = 0.2628
2024-03-08 00:57:49,527 - 19000/20000, perceptual loss = 0.0766, discriminator loss = 0.2642
2024-03-08 00:58:09,635 - 19050/20000, perceptual loss = 0.0778, discriminator loss = 0.3631
2024-03-08 00:58:29,745 - 19100/20000, perceptual loss = 0.0777, discriminator loss = 0.3040
2024-03-08 00:58:49,854 - 19150/20000, perceptual loss = 0.0788, discriminator loss = 0.3352
2024-03-08 00:59:09,956 - 19200/20000, perceptual loss = 0.0807, discriminator loss = 0.3195
2024-03-08 00:59:30,064 - 19250/20000, perceptual loss = 0.0809, discriminator loss = 0.6117
2024-03-08 00:59:50,170 - 19300/20000, perceptual loss = 0.0730, discriminator loss = 0.4894
2024-03-08 01:00:10,282 - 19350/20000, perceptual loss = 0.0776, discriminator loss = 0.2552
2024-03-08 01:00:30,405 - 19400/20000, perceptual loss = 0.0762, discriminator loss = 0.1027
2024-03-08 01:00:50,521 - 19450/20000, perceptual loss = 0.0838, discriminator loss = 0.5111
2024-03-08 01:01:10,640 - 19500/20000, perceptual loss = 0.0753, discriminator loss = 0.1397
2024-03-08 01:01:30,756 - 19550/20000, perceptual loss = 0.0791, discriminator loss = 0.1870
2024-03-08 01:01:50,864 - 19600/20000, perceptual loss = 0.0753, discriminator loss = 0.3865
2024-03-08 01:02:10,976 - 19650/20000, perceptual loss = 0.0812, discriminator loss = 0.5067
2024-03-08 01:02:31,084 - 19700/20000, perceptual loss = 0.0724, discriminator loss = 0.2808
2024-03-08 01:02:51,188 - 19750/20000, perceptual loss = 0.0777, discriminator loss = 0.2106
2024-03-08 01:03:11,287 - 19800/20000, perceptual loss = 0.0772, discriminator loss = 0.3245
2024-03-08 01:03:31,393 - 19850/20000, perceptual loss = 0.0765, discriminator loss = 0.8038
2024-03-08 01:03:51,501 - 19900/20000, perceptual loss = 0.0741, discriminator loss = 0.1942
2024-03-08 01:04:11,612 - 19950/20000, perceptual loss = 0.0787, discriminator loss = 0.2287
2024-03-08 01:04:31,725 - 20000/20000, perceptual loss = 0.0778, discriminator loss = 0.2714
2024-03-08 01:04:32,209 - Training finished
2024-03-12 10:02:16,608 - 1/100, PSNR: 20.760427474975586
2024-03-12 10:02:16,948 - 2/100, PSNR: 25.45246696472168
2024-03-12 10:02:20,536 - 3/100, PSNR: 24.938756942749023
2024-03-12 10:02:23,228 - 4/100, PSNR: 19.548439025878906
2024-03-12 10:02:23,606 - 5/100, PSNR: 21.867427825927734
2024-03-12 10:02:23,944 - 6/100, PSNR: 21.090242385864258
2024-03-12 10:02:26,754 - 7/100, PSNR: 17.01662826538086
2024-03-12 10:02:27,116 - 8/100, PSNR: 19.776790618896484
2024-03-12 10:02:27,460 - 9/100, PSNR: 23.809614181518555
2024-03-12 10:02:27,841 - 10/100, PSNR: 22.213443756103516
2024-03-12 10:02:28,175 - 11/100, PSNR: 22.32250213623047
2024-03-12 10:02:28,554 - 12/100, PSNR: 20.13718032836914
2024-03-12 10:02:31,847 - 13/100, PSNR: 21.701566696166992
2024-03-12 10:02:32,192 - 14/100, PSNR: 22.051471710205078
2024-03-12 10:02:32,529 - 15/100, PSNR: 23.86905860900879
2024-03-12 10:02:32,868 - 16/100, PSNR: 22.622512817382812
2024-03-12 10:02:33,243 - 17/100, PSNR: 21.847349166870117
2024-03-12 10:02:33,624 - 18/100, PSNR: 18.977760314941406
2024-03-12 10:02:33,967 - 19/100, PSNR: 20.972883224487305
2024-03-12 10:02:34,315 - 20/100, PSNR: 15.86266803741455
2024-03-12 10:02:34,658 - 21/100, PSNR: 16.285659790039062
2024-03-12 10:02:38,208 - 22/100, PSNR: 21.146411895751953
2024-03-12 10:02:41,137 - 23/100, PSNR: 17.141849517822266
2024-03-12 10:02:41,479 - 24/100, PSNR: 18.819114685058594
2024-03-12 10:02:41,821 - 25/100, PSNR: 18.76375961303711
2024-03-12 10:02:42,202 - 26/100, PSNR: 17.349489212036133
2024-03-12 10:02:42,583 - 27/100, PSNR: 26.060800552368164
2024-03-12 10:02:42,921 - 28/100, PSNR: 13.876124382019043
2024-03-12 10:02:43,265 - 29/100, PSNR: 22.650650024414062
2024-03-12 10:02:45,086 - 30/100, PSNR: 19.8848934173584
2024-03-12 10:02:45,436 - 31/100, PSNR: 20.43768310546875
2024-03-12 10:02:45,810 - 32/100, PSNR: 20.37713050842285
2024-03-12 10:02:49,468 - 33/100, PSNR: 20.543928146362305
2024-03-12 10:02:49,806 - 34/100, PSNR: 18.77953338623047
2024-03-12 10:02:53,401 - 35/100, PSNR: 18.9298095703125
2024-03-12 10:02:53,778 - 36/100, PSNR: 18.437965393066406
2024-03-12 10:02:54,117 - 37/100, PSNR: 18.78758430480957
2024-03-12 10:02:54,458 - 38/100, PSNR: 29.116832733154297
2024-03-12 10:02:54,804 - 39/100, PSNR: 23.234060287475586
2024-03-12 10:02:55,144 - 40/100, PSNR: 21.787334442138672
2024-03-12 10:02:55,483 - 41/100, PSNR: 21.50803565979004
2024-03-12 10:02:55,822 - 42/100, PSNR: 22.429777145385742
2024-03-12 10:02:56,162 - 43/100, PSNR: 29.081554412841797
2024-03-12 10:02:59,164 - 44/100, PSNR: 18.748184204101562
2024-03-12 10:02:59,499 - 45/100, PSNR: 17.640151977539062
2024-03-12 10:03:02,520 - 46/100, PSNR: 17.47579002380371
2024-03-12 10:03:02,856 - 47/100, PSNR: 19.680814743041992
2024-03-12 10:03:03,233 - 48/100, PSNR: 20.729854583740234
2024-03-12 10:03:03,586 - 49/100, PSNR: 15.263205528259277
2024-03-12 10:03:03,918 - 50/100, PSNR: 21.60491371154785
2024-03-12 10:03:06,879 - 51/100, PSNR: 21.500263214111328
2024-03-12 10:03:09,427 - 52/100, PSNR: 25.66341781616211
2024-03-12 10:03:09,767 - 53/100, PSNR: 23.434370040893555
2024-03-12 10:03:12,125 - 54/100, PSNR: 18.392108917236328
2024-03-12 10:03:16,484 - 55/100, PSNR: 23.05927276611328
2024-03-12 10:03:16,814 - 56/100, PSNR: 19.461198806762695
2024-03-12 10:03:19,931 - 57/100, PSNR: 26.542558670043945
2024-03-12 10:03:20,268 - 58/100, PSNR: 22.294227600097656
2024-03-12 10:03:20,611 - 59/100, PSNR: 19.698427200317383
2024-03-12 10:03:20,988 - 60/100, PSNR: 16.569095611572266
2024-03-12 10:03:21,325 - 61/100, PSNR: 17.830551147460938
2024-03-12 10:03:21,656 - 62/100, PSNR: 20.622966766357422
2024-03-12 10:03:24,947 - 63/100, PSNR: 22.251537322998047
2024-03-12 10:03:25,286 - 64/100, PSNR: 23.559473037719727
2024-03-12 10:03:25,662 - 65/100, PSNR: 21.983802795410156
2024-03-12 10:03:26,001 - 66/100, PSNR: 19.657289505004883
2024-03-12 10:03:26,338 - 67/100, PSNR: 19.967496871948242
2024-03-12 10:03:26,674 - 68/100, PSNR: 19.913015365600586
2024-03-12 10:03:27,010 - 69/100, PSNR: 19.461816787719727
2024-03-12 10:03:30,535 - 70/100, PSNR: 20.174745559692383
2024-03-12 10:03:30,896 - 71/100, PSNR: 22.06551170349121
2024-03-12 10:03:31,269 - 72/100, PSNR: 18.280912399291992
2024-03-12 10:03:31,637 - 73/100, PSNR: 17.30373764038086
2024-03-12 10:03:32,011 - 74/100, PSNR: 23.047286987304688
2024-03-12 10:03:32,414 - 75/100, PSNR: 18.254629135131836
2024-03-12 10:03:32,763 - 76/100, PSNR: 18.96251678466797
2024-03-12 10:03:33,049 - 77/100, PSNR: 27.43560218811035
2024-03-12 10:03:37,179 - 78/100, PSNR: 21.604734420776367
2024-03-12 10:03:41,499 - 79/100, PSNR: 20.989110946655273
2024-03-12 10:03:41,894 - 80/100, PSNR: 24.007108688354492
2024-03-12 10:03:44,905 - 81/100, PSNR: 21.26679039001465
2024-03-12 10:03:45,299 - 82/100, PSNR: 22.654457092285156
2024-03-12 10:03:48,599 - 83/100, PSNR: 18.92285919189453
2024-03-12 10:03:48,994 - 84/100, PSNR: 19.402074813842773
2024-03-12 10:03:49,375 - 85/100, PSNR: 18.36016082763672
2024-03-12 10:03:49,761 - 86/100, PSNR: 24.665386199951172
2024-03-12 10:03:50,141 - 87/100, PSNR: 17.384273529052734
2024-03-12 10:03:50,527 - 88/100, PSNR: 20.491931915283203
2024-03-12 10:03:50,910 - 89/100, PSNR: 19.379323959350586
2024-03-12 10:03:51,295 - 90/100, PSNR: 21.52069664001465
2024-03-12 10:03:55,203 - 91/100, PSNR: 18.59207534790039
2024-03-12 10:03:55,566 - 92/100, PSNR: 17.25827980041504
2024-03-12 10:03:55,951 - 93/100, PSNR: 23.461973190307617
2024-03-12 10:03:56,341 - 94/100, PSNR: 21.027341842651367
2024-03-12 10:03:56,701 - 95/100, PSNR: 16.660371780395508
2024-03-12 10:03:57,089 - 96/100, PSNR: 19.840652465820312
2024-03-12 10:03:57,479 - 97/100, PSNR: 14.712444305419922
2024-03-12 10:03:57,878 - 98/100, PSNR: 23.343616485595703
2024-03-12 10:03:58,272 - 99/100, PSNR: 20.21807861328125
2024-03-12 10:03:58,603 - 100/100, PSNR: 18.741392135620117
2024-03-12 10:03:58,617 - PSNR in unknown_x4_valid_dataset: 20.653051376342773
2024-03-12 11:01:20,582 - 1/100, PSNR: 24.451162338256836
2024-03-12 11:01:20,871 - 2/100, PSNR: 30.544984817504883
2024-03-12 11:01:23,816 - 3/100, PSNR: 29.745014190673828
2024-03-12 11:01:26,299 - 4/100, PSNR: 23.799522399902344
2024-03-12 11:01:26,623 - 5/100, PSNR: 25.08816146850586
2024-03-12 11:01:26,913 - 6/100, PSNR: 23.45438003540039
2024-03-12 11:01:29,025 - 7/100, PSNR: 18.43856430053711
2024-03-12 11:01:29,314 - 8/100, PSNR: 21.49964141845703
2024-03-12 11:01:29,599 - 9/100, PSNR: 27.427978515625
2024-03-12 11:01:29,921 - 10/100, PSNR: 23.829782485961914
2024-03-12 11:01:30,209 - 11/100, PSNR: 24.940519332885742
2024-03-12 11:01:30,529 - 12/100, PSNR: 23.376056671142578
2024-03-12 11:01:33,237 - 13/100, PSNR: 25.687416076660156
2024-03-12 11:01:33,526 - 14/100, PSNR: 25.10824203491211
2024-03-12 11:01:33,812 - 15/100, PSNR: 29.674283981323242
2024-03-12 11:01:34,098 - 16/100, PSNR: 25.17951202392578
2024-03-12 11:01:34,418 - 17/100, PSNR: 27.9996280670166
2024-03-12 11:01:34,739 - 18/100, PSNR: 21.867952346801758
2024-03-12 11:01:35,029 - 19/100, PSNR: 24.162643432617188
2024-03-12 11:01:35,316 - 20/100, PSNR: 21.02330207824707
2024-03-12 11:01:35,609 - 21/100, PSNR: 25.96160316467285
2024-03-12 11:01:38,540 - 22/100, PSNR: 26.775264739990234
2024-03-12 11:01:40,911 - 23/100, PSNR: 18.559528350830078
2024-03-12 11:01:41,202 - 24/100, PSNR: 22.09421730041504
2024-03-12 11:01:41,495 - 25/100, PSNR: 24.177825927734375
2024-03-12 11:01:41,815 - 26/100, PSNR: 18.815004348754883
2024-03-12 11:01:42,135 - 27/100, PSNR: 29.7933406829834
2024-03-12 11:01:42,421 - 28/100, PSNR: 17.64431381225586
2024-03-12 11:01:42,710 - 29/100, PSNR: 25.15437889099121
2024-03-12 11:01:44,228 - 30/100, PSNR: 21.70134925842285
2024-03-12 11:01:44,516 - 31/100, PSNR: 26.53592872619629
2024-03-12 11:01:44,804 - 32/100, PSNR: 25.706106185913086
2024-03-12 11:01:47,650 - 33/100, PSNR: 24.6289005279541
2024-03-12 11:01:47,942 - 34/100, PSNR: 19.949047088623047
2024-03-12 11:01:50,911 - 35/100, PSNR: 20.446475982666016
2024-03-12 11:01:51,233 - 36/100, PSNR: 22.55710220336914
2024-03-12 11:01:51,520 - 37/100, PSNR: 23.87767791748047
2024-03-12 11:01:51,805 - 38/100, PSNR: 32.10906982421875
2024-03-12 11:01:52,088 - 39/100, PSNR: 25.864927291870117
2024-03-12 11:01:52,373 - 40/100, PSNR: 26.12079429626465
2024-03-12 11:01:52,656 - 41/100, PSNR: 25.62631607055664
2024-03-12 11:01:52,945 - 42/100, PSNR: 24.82761001586914
2024-03-12 11:01:53,236 - 43/100, PSNR: 34.84812927246094
2024-03-12 11:01:55,743 - 44/100, PSNR: 19.21294593811035
2024-03-12 11:01:56,034 - 45/100, PSNR: 20.726877212524414
2024-03-12 11:01:58,556 - 46/100, PSNR: 21.960296630859375
2024-03-12 11:01:58,846 - 47/100, PSNR: 24.563180923461914
2024-03-12 11:01:59,169 - 48/100, PSNR: 24.813007354736328
2024-03-12 11:01:59,459 - 49/100, PSNR: 19.94253158569336
2024-03-12 11:01:59,747 - 50/100, PSNR: 24.96947479248047
2024-03-12 11:02:02,220 - 51/100, PSNR: 25.65729522705078
2024-03-12 11:02:04,350 - 52/100, PSNR: 27.119726181030273
2024-03-12 11:02:04,636 - 53/100, PSNR: 29.329328536987305
2024-03-12 11:02:06,611 - 54/100, PSNR: 21.108041763305664
2024-03-12 11:02:10,261 - 55/100, PSNR: 25.966283798217773
2024-03-12 11:02:10,553 - 56/100, PSNR: 22.212181091308594
2024-03-12 11:02:13,160 - 57/100, PSNR: 28.405166625976562
2024-03-12 11:02:13,448 - 58/100, PSNR: 25.050188064575195
2024-03-12 11:02:13,735 - 59/100, PSNR: 22.03069496154785
2024-03-12 11:02:14,065 - 60/100, PSNR: 18.49890899658203
2024-03-12 11:02:14,351 - 61/100, PSNR: 20.81426429748535
2024-03-12 11:02:14,638 - 62/100, PSNR: 21.228696823120117
2024-03-12 11:02:17,403 - 63/100, PSNR: 23.49799346923828
2024-03-12 11:02:17,690 - 64/100, PSNR: 26.848670959472656
2024-03-12 11:02:18,009 - 65/100, PSNR: 24.07391929626465
2024-03-12 11:02:18,305 - 66/100, PSNR: 21.838600158691406
2024-03-12 11:02:18,592 - 67/100, PSNR: 25.4248104095459
2024-03-12 11:02:18,877 - 68/100, PSNR: 21.118947982788086
2024-03-12 11:02:19,163 - 69/100, PSNR: 21.158029556274414
2024-03-12 11:02:22,063 - 70/100, PSNR: 25.514427185058594
2024-03-12 11:02:22,351 - 71/100, PSNR: 27.793798446655273
2024-03-12 11:02:22,638 - 72/100, PSNR: 21.23628807067871
2024-03-12 11:02:22,921 - 73/100, PSNR: 19.16238784790039
2024-03-12 11:02:23,210 - 74/100, PSNR: 26.294153213500977
2024-03-12 11:02:23,528 - 75/100, PSNR: 22.175249099731445
2024-03-12 11:02:23,810 - 76/100, PSNR: 20.167682647705078
2024-03-12 11:02:24,051 - 77/100, PSNR: 34.23910903930664
2024-03-12 11:02:27,238 - 78/100, PSNR: 27.108736038208008
2024-03-12 11:02:30,599 - 79/100, PSNR: 24.652751922607422
2024-03-12 11:02:30,888 - 80/100, PSNR: 27.494138717651367
2024-03-12 11:02:33,208 - 81/100, PSNR: 22.708791732788086
2024-03-12 11:02:33,493 - 82/100, PSNR: 29.337743759155273
2024-03-12 11:02:36,034 - 83/100, PSNR: 20.872356414794922
2024-03-12 11:02:36,321 - 84/100, PSNR: 23.35944175720215
2024-03-12 11:02:36,610 - 85/100, PSNR: 19.973236083984375
2024-03-12 11:02:36,895 - 86/100, PSNR: 30.294876098632812
2024-03-12 11:02:37,185 - 87/100, PSNR: 18.6822566986084
2024-03-12 11:02:37,473 - 88/100, PSNR: 26.761123657226562
2024-03-12 11:02:37,762 - 89/100, PSNR: 26.10224723815918
2024-03-12 11:02:38,055 - 90/100, PSNR: 22.96405792236328
2024-03-12 11:02:41,112 - 91/100, PSNR: 22.993453979492188
2024-03-12 11:02:41,382 - 92/100, PSNR: 24.64629554748535
2024-03-12 11:02:41,666 - 93/100, PSNR: 29.071367263793945
2024-03-12 11:02:41,950 - 94/100, PSNR: 24.09222412109375
2024-03-12 11:02:42,218 - 95/100, PSNR: 17.98845100402832
2024-03-12 11:02:42,501 - 96/100, PSNR: 21.434860229492188
2024-03-12 11:02:42,790 - 97/100, PSNR: 20.206375122070312
2024-03-12 11:02:43,081 - 98/100, PSNR: 26.791933059692383
2024-03-12 11:02:43,366 - 99/100, PSNR: 27.0142765045166
2024-03-12 11:02:43,606 - 100/100, PSNR: 24.350622177124023
2024-03-12 11:02:43,609 - PSNR in bicubic_x4_valid_dataset: 24.241287231445312
2024-03-12 11:48:09,982 - 1/100, PSNR: 24.451129913330078
2024-03-12 11:48:10,272 - 2/100, PSNR: 30.545480728149414
2024-03-12 11:48:13,180 - 3/100, PSNR: 29.745014190673828
2024-03-12 11:48:15,376 - 4/100, PSNR: 23.799522399902344
2024-03-12 11:48:15,694 - 5/100, PSNR: 25.08816146850586
2024-03-12 11:48:15,975 - 6/100, PSNR: 23.454254150390625
2024-03-12 11:48:18,065 - 7/100, PSNR: 18.43856430053711
2024-03-12 11:48:18,351 - 8/100, PSNR: 21.499500274658203
2024-03-12 11:48:18,637 - 9/100, PSNR: 27.428098678588867
2024-03-12 11:48:18,958 - 10/100, PSNR: 23.829782485961914
2024-03-12 11:48:19,247 - 11/100, PSNR: 24.940462112426758
2024-03-12 11:48:19,573 - 12/100, PSNR: 23.376056671142578
2024-03-12 11:48:22,274 - 13/100, PSNR: 25.687416076660156
2024-03-12 11:48:22,561 - 14/100, PSNR: 25.10811424255371
2024-03-12 11:48:22,847 - 15/100, PSNR: 29.67443084716797
2024-03-12 11:48:23,134 - 16/100, PSNR: 25.179445266723633
2024-03-12 11:48:23,454 - 17/100, PSNR: 27.9996280670166
2024-03-12 11:48:23,773 - 18/100, PSNR: 21.867952346801758
2024-03-12 11:48:24,059 - 19/100, PSNR: 24.16264533996582
2024-03-12 11:48:24,351 - 20/100, PSNR: 21.023273468017578
2024-03-12 11:48:24,642 - 21/100, PSNR: 25.961620330810547
2024-03-12 11:48:27,575 - 22/100, PSNR: 26.775264739990234
2024-03-12 11:48:29,945 - 23/100, PSNR: 18.559528350830078
2024-03-12 11:48:30,236 - 24/100, PSNR: 22.09402847290039
2024-03-12 11:48:30,520 - 25/100, PSNR: 24.177888870239258
2024-03-12 11:48:30,840 - 26/100, PSNR: 18.815004348754883
2024-03-12 11:48:31,164 - 27/100, PSNR: 29.7933406829834
2024-03-12 11:48:31,446 - 28/100, PSNR: 17.644311904907227
2024-03-12 11:48:31,731 - 29/100, PSNR: 25.154464721679688
2024-03-12 11:48:33,253 - 30/100, PSNR: 21.70134925842285
2024-03-12 11:48:33,540 - 31/100, PSNR: 26.536060333251953
2024-03-12 11:48:33,829 - 32/100, PSNR: 25.70612144470215
2024-03-12 11:48:36,666 - 33/100, PSNR: 24.6289005279541
2024-03-12 11:48:36,951 - 34/100, PSNR: 19.948976516723633
2024-03-12 11:48:39,914 - 35/100, PSNR: 20.446475982666016
2024-03-12 11:48:40,234 - 36/100, PSNR: 22.55710220336914
2024-03-12 11:48:40,521 - 37/100, PSNR: 23.877721786499023
2024-03-12 11:48:40,805 - 38/100, PSNR: 32.10963821411133
2024-03-12 11:48:41,091 - 39/100, PSNR: 25.865419387817383
2024-03-12 11:48:41,380 - 40/100, PSNR: 26.120807647705078
2024-03-12 11:48:41,668 - 41/100, PSNR: 25.626354217529297
2024-03-12 11:48:41,951 - 42/100, PSNR: 24.82762336730957
2024-03-12 11:48:42,239 - 43/100, PSNR: 34.848365783691406
2024-03-12 11:48:44,742 - 44/100, PSNR: 19.21294593811035
2024-03-12 11:48:45,028 - 45/100, PSNR: 20.726835250854492
2024-03-12 11:48:47,547 - 46/100, PSNR: 21.960296630859375
2024-03-12 11:48:47,833 - 47/100, PSNR: 24.563180923461914
2024-03-12 11:48:48,153 - 48/100, PSNR: 24.813007354736328
2024-03-12 11:48:48,440 - 49/100, PSNR: 19.942567825317383
2024-03-12 11:48:48,724 - 50/100, PSNR: 24.969467163085938
2024-03-12 11:48:51,205 - 51/100, PSNR: 25.65729522705078
2024-03-12 11:48:53,334 - 52/100, PSNR: 27.119726181030273
2024-03-12 11:48:53,620 - 53/100, PSNR: 29.32941436767578
2024-03-12 11:48:55,598 - 54/100, PSNR: 21.108041763305664
2024-03-12 11:48:59,251 - 55/100, PSNR: 25.966283798217773
2024-03-12 11:48:59,539 - 56/100, PSNR: 22.212238311767578
2024-03-12 11:49:02,145 - 57/100, PSNR: 28.405166625976562
2024-03-12 11:49:02,429 - 58/100, PSNR: 25.050216674804688
2024-03-12 11:49:02,714 - 59/100, PSNR: 22.03071403503418
2024-03-12 11:49:03,034 - 60/100, PSNR: 18.49890899658203
2024-03-12 11:49:03,316 - 61/100, PSNR: 20.814224243164062
2024-03-12 11:49:03,600 - 62/100, PSNR: 21.22835350036621
2024-03-12 11:49:06,353 - 63/100, PSNR: 23.49799346923828
2024-03-12 11:49:06,639 - 64/100, PSNR: 26.848682403564453
2024-03-12 11:49:06,958 - 65/100, PSNR: 24.07391929626465
2024-03-12 11:49:07,249 - 66/100, PSNR: 21.838600158691406
2024-03-12 11:49:07,533 - 67/100, PSNR: 25.4248104095459
2024-03-12 11:49:07,818 - 68/100, PSNR: 21.118770599365234
2024-03-12 11:49:08,107 - 69/100, PSNR: 21.158029556274414
2024-03-12 11:49:11,002 - 70/100, PSNR: 25.514427185058594
2024-03-12 11:49:11,291 - 71/100, PSNR: 27.794048309326172
2024-03-12 11:49:11,582 - 72/100, PSNR: 21.236291885375977
2024-03-12 11:49:11,869 - 73/100, PSNR: 19.16223907470703
2024-03-12 11:49:12,155 - 74/100, PSNR: 26.294361114501953
2024-03-12 11:49:12,474 - 75/100, PSNR: 22.175249099731445
2024-03-12 11:49:12,762 - 76/100, PSNR: 20.16765022277832
2024-03-12 11:49:13,008 - 77/100, PSNR: 34.23910903930664
2024-03-12 11:49:16,188 - 78/100, PSNR: 27.108736038208008
2024-03-12 11:49:19,542 - 79/100, PSNR: 24.652751922607422
2024-03-12 11:49:19,829 - 80/100, PSNR: 27.494138717651367
2024-03-12 11:49:22,153 - 81/100, PSNR: 22.708791732788086
2024-03-12 11:49:22,441 - 82/100, PSNR: 29.337966918945312
2024-03-12 11:49:24,977 - 83/100, PSNR: 20.87238883972168
2024-03-12 11:49:25,265 - 84/100, PSNR: 23.35948371887207
2024-03-12 11:49:25,547 - 85/100, PSNR: 19.973203659057617
2024-03-12 11:49:25,835 - 86/100, PSNR: 30.295442581176758
2024-03-12 11:49:26,124 - 87/100, PSNR: 18.682025909423828
2024-03-12 11:49:26,409 - 88/100, PSNR: 26.76116180419922
2024-03-12 11:49:26,694 - 89/100, PSNR: 26.102319717407227
2024-03-12 11:49:26,980 - 90/100, PSNR: 22.96405792236328
2024-03-12 11:49:30,040 - 91/100, PSNR: 22.993436813354492
2024-03-12 11:49:30,318 - 92/100, PSNR: 24.64629554748535
2024-03-12 11:49:30,603 - 93/100, PSNR: 29.071460723876953
2024-03-12 11:49:30,891 - 94/100, PSNR: 24.09222412109375
2024-03-12 11:49:31,170 - 95/100, PSNR: 17.98845100402832
2024-03-12 11:49:31,454 - 96/100, PSNR: 21.434696197509766
2024-03-12 11:49:31,743 - 97/100, PSNR: 20.206375122070312
2024-03-12 11:49:32,030 - 98/100, PSNR: 26.791913986206055
2024-03-12 11:49:32,313 - 99/100, PSNR: 27.01432991027832
2024-03-12 11:49:32,552 - 100/100, PSNR: 24.350622177124023
2024-03-12 11:49:32,555 - PSNR in bicubic_x4_valid_dataset: 24.241308212280273
2024-03-12 11:59:41,160 - 1/100, SSIM: None
2024-03-12 11:59:41,517 - 2/100, SSIM: None
2024-03-12 11:59:45,175 - 3/100, SSIM: None
2024-03-12 11:59:47,672 - 4/100, SSIM: None
2024-03-12 11:59:47,986 - 5/100, SSIM: None
2024-03-12 11:59:48,273 - 6/100, SSIM: None
2024-03-12 11:59:50,425 - 7/100, SSIM: None
2024-03-12 11:59:50,710 - 8/100, SSIM: None
2024-03-12 11:59:50,994 - 9/100, SSIM: None
2024-03-12 11:59:51,310 - 10/100, SSIM: None
2024-03-12 11:59:51,599 - 11/100, SSIM: None
2024-03-12 11:59:51,918 - 12/100, SSIM: None
2024-03-12 12:00:40,399 - 1/100, SSIM: None
2024-03-12 12:00:40,692 - 2/100, SSIM: None
2024-03-12 12:00:43,615 - 3/100, SSIM: None
2024-03-12 12:01:16,927 - 1/100, SSIM: None
2024-03-12 12:01:17,221 - 2/100, SSIM: None
2024-03-12 12:14:36,940 - 1/100, SSIM: 0.8063425297905381
2024-03-12 12:14:37,248 - 2/100, SSIM: 0.6845110706211139
2024-03-12 12:14:40,199 - 3/100, SSIM: 0.8863337356122842
2024-03-12 12:14:42,428 - 4/100, SSIM: 0.7565517115915307
2024-03-12 12:14:42,767 - 5/100, SSIM: 0.6478605169981331
2024-03-12 12:14:43,078 - 6/100, SSIM: 0.42480533029152845
2024-03-12 12:14:45,185 - 7/100, SSIM: 0.3490825661832554
2024-03-12 12:14:45,498 - 8/100, SSIM: 0.32830122714450166
2024-03-12 12:14:45,813 - 9/100, SSIM: 0.8363802183959391
2024-03-12 12:14:46,158 - 10/100, SSIM: 0.3687419186121808
2024-03-12 12:14:46,480 - 11/100, SSIM: 0.317306095164811
2024-03-12 12:14:46,831 - 12/100, SSIM: 0.7580621982405236
2024-03-12 12:15:38,283 - 1/100, PSNR: 24.451129913330078
2024-03-12 12:15:38,574 - 2/100, PSNR: 30.545480728149414
2024-03-12 12:15:41,493 - 3/100, PSNR: 29.745014190673828
2024-03-12 12:15:43,694 - 4/100, PSNR: 23.799522399902344
2024-03-12 12:15:44,016 - 5/100, PSNR: 25.08816146850586
2024-03-12 12:15:44,304 - 6/100, PSNR: 23.454254150390625
2024-03-12 12:15:46,397 - 7/100, PSNR: 18.43856430053711
2024-03-12 12:15:46,689 - 8/100, PSNR: 21.499500274658203
2024-03-12 12:15:46,976 - 9/100, PSNR: 27.428098678588867
2024-03-12 12:15:47,296 - 10/100, PSNR: 23.829782485961914
2024-03-12 12:15:47,579 - 11/100, PSNR: 24.940462112426758
2024-03-12 12:15:47,910 - 12/100, PSNR: 23.376056671142578
2024-03-12 12:15:50,630 - 13/100, PSNR: 25.687416076660156
2024-03-12 12:15:50,920 - 14/100, PSNR: 25.10811424255371
2024-03-12 12:15:51,209 - 15/100, PSNR: 29.67443084716797
2024-03-12 12:15:51,493 - 16/100, PSNR: 25.179445266723633
2024-03-12 12:15:51,812 - 17/100, PSNR: 27.9996280670166
2024-03-12 12:15:52,139 - 18/100, PSNR: 21.867952346801758
2024-03-12 12:15:52,426 - 19/100, PSNR: 24.16264533996582
2024-03-12 12:15:52,712 - 20/100, PSNR: 21.023273468017578
2024-03-12 12:15:52,998 - 21/100, PSNR: 25.961620330810547
2024-03-12 12:15:55,937 - 22/100, PSNR: 26.775264739990234
2024-03-12 12:15:58,314 - 23/100, PSNR: 18.559528350830078
2024-03-12 12:15:58,597 - 24/100, PSNR: 22.09402847290039
2024-03-12 12:15:58,882 - 25/100, PSNR: 24.177888870239258
2024-03-12 12:15:59,202 - 26/100, PSNR: 18.815004348754883
2024-03-12 12:15:59,519 - 27/100, PSNR: 29.7933406829834
2024-03-12 12:15:59,802 - 28/100, PSNR: 17.644311904907227
2024-03-12 12:16:00,120 - 29/100, PSNR: 25.154464721679688
2024-03-12 12:16:01,647 - 30/100, PSNR: 21.70134925842285
2024-03-12 12:16:01,935 - 31/100, PSNR: 26.536060333251953
2024-03-12 12:16:02,218 - 32/100, PSNR: 25.70612144470215
2024-03-12 12:16:05,068 - 33/100, PSNR: 24.6289005279541
2024-03-12 12:16:05,364 - 34/100, PSNR: 19.948976516723633
2024-03-12 12:16:08,348 - 35/100, PSNR: 20.446475982666016
2024-03-12 12:16:08,669 - 36/100, PSNR: 22.55710220336914
2024-03-12 12:16:08,959 - 37/100, PSNR: 23.877721786499023
2024-03-12 12:16:09,240 - 38/100, PSNR: 32.10963821411133
2024-03-12 12:16:09,530 - 39/100, PSNR: 25.865419387817383
2024-03-12 12:16:09,823 - 40/100, PSNR: 26.120807647705078
2024-03-12 12:16:10,108 - 41/100, PSNR: 25.626354217529297
2024-03-12 12:16:10,394 - 42/100, PSNR: 24.82762336730957
2024-03-12 12:16:10,683 - 43/100, PSNR: 34.848365783691406
2024-03-12 12:16:13,182 - 44/100, PSNR: 19.21293830871582
2024-03-12 12:16:13,463 - 45/100, PSNR: 20.726835250854492
2024-03-12 12:16:15,989 - 46/100, PSNR: 21.960296630859375
2024-03-12 12:16:16,276 - 47/100, PSNR: 24.563213348388672
2024-03-12 12:16:16,601 - 48/100, PSNR: 24.813007354736328
2024-03-12 12:16:16,891 - 49/100, PSNR: 19.942567825317383
2024-03-12 12:16:17,176 - 50/100, PSNR: 24.969467163085938
2024-03-12 12:16:19,652 - 51/100, PSNR: 25.65729522705078
2024-03-12 12:16:21,798 - 52/100, PSNR: 27.119726181030273
2024-03-12 12:16:22,082 - 53/100, PSNR: 29.32941436767578
2024-03-12 12:16:24,064 - 54/100, PSNR: 21.108041763305664
2024-03-12 12:16:27,718 - 55/100, PSNR: 25.966283798217773
2024-03-12 12:16:28,003 - 56/100, PSNR: 22.212238311767578
2024-03-12 12:16:30,608 - 57/100, PSNR: 28.405166625976562
2024-03-12 12:16:30,895 - 58/100, PSNR: 25.050216674804688
2024-03-12 12:16:31,176 - 59/100, PSNR: 22.03071403503418
2024-03-12 12:16:31,497 - 60/100, PSNR: 18.49890899658203
2024-03-12 12:16:31,779 - 61/100, PSNR: 20.814224243164062
2024-03-12 12:16:32,063 - 62/100, PSNR: 21.22835350036621
2024-03-12 12:16:34,820 - 63/100, PSNR: 23.49799346923828
2024-03-12 12:16:35,111 - 64/100, PSNR: 26.848682403564453
2024-03-12 12:16:35,432 - 65/100, PSNR: 24.07391929626465
2024-03-12 12:16:35,719 - 66/100, PSNR: 21.838642120361328
2024-03-12 12:16:36,003 - 67/100, PSNR: 25.42482566833496
2024-03-12 12:16:36,299 - 68/100, PSNR: 21.118770599365234
2024-03-12 12:16:36,587 - 69/100, PSNR: 21.15804672241211
2024-03-12 12:16:39,494 - 70/100, PSNR: 25.514427185058594
2024-03-12 12:16:39,778 - 71/100, PSNR: 27.794048309326172
2024-03-12 12:16:40,064 - 72/100, PSNR: 21.236291885375977
2024-03-12 12:16:40,351 - 73/100, PSNR: 19.16223907470703
2024-03-12 12:16:40,639 - 74/100, PSNR: 26.294361114501953
2024-03-12 12:16:40,960 - 75/100, PSNR: 22.175249099731445
2024-03-12 12:16:41,243 - 76/100, PSNR: 20.16765022277832
2024-03-12 12:16:41,486 - 77/100, PSNR: 34.23910903930664
2024-03-12 12:16:44,677 - 78/100, PSNR: 27.108736038208008
2024-03-12 12:16:48,046 - 79/100, PSNR: 24.652751922607422
2024-03-12 12:16:48,337 - 80/100, PSNR: 27.49457550048828
2024-03-12 12:16:50,667 - 81/100, PSNR: 22.708791732788086
2024-03-12 12:16:50,951 - 82/100, PSNR: 29.337966918945312
2024-03-12 12:16:53,504 - 83/100, PSNR: 20.87238883972168
2024-03-12 12:16:53,798 - 84/100, PSNR: 23.35948371887207
2024-03-12 12:16:54,089 - 85/100, PSNR: 19.973203659057617
2024-03-12 12:16:54,376 - 86/100, PSNR: 30.295442581176758
2024-03-12 12:16:54,666 - 87/100, PSNR: 18.682025909423828
2024-03-12 12:16:54,957 - 88/100, PSNR: 26.76116180419922
2024-03-12 12:16:55,242 - 89/100, PSNR: 26.102319717407227
2024-03-12 12:16:55,531 - 90/100, PSNR: 22.96405792236328
2024-03-12 12:16:58,583 - 91/100, PSNR: 22.993436813354492
2024-03-12 12:16:58,850 - 92/100, PSNR: 24.64629554748535
2024-03-12 12:16:59,132 - 93/100, PSNR: 29.071460723876953
2024-03-12 12:16:59,414 - 94/100, PSNR: 24.09239387512207
2024-03-12 12:16:59,688 - 95/100, PSNR: 17.98845100402832
2024-03-12 12:16:59,984 - 96/100, PSNR: 21.434696197509766
2024-03-12 12:17:00,274 - 97/100, PSNR: 20.206375122070312
2024-03-12 12:17:00,563 - 98/100, PSNR: 26.791913986206055
2024-03-12 12:17:00,848 - 99/100, PSNR: 27.01432991027832
2024-03-12 12:17:01,093 - 100/100, PSNR: 24.350622177124023
2024-03-12 12:17:01,097 - PSNR in bicubic_x4_valid_dataset: 24.241313934326172
2024-03-12 12:17:01,416 - 1/100, SSIM: 0.3964563242482061
2024-03-12 12:17:01,717 - 2/100, SSIM: 0.7939925103311734
2024-03-12 12:17:02,044 - 3/100, SSIM: 0.8618653190446286
2024-03-12 12:17:02,308 - 4/100, SSIM: 0.5460143279408779
2024-03-12 12:17:02,641 - 5/100, SSIM: 0.6298243185799057
2024-03-12 12:17:02,943 - 6/100, SSIM: 0.38398549439718055
2024-03-12 12:17:03,195 - 7/100, SSIM: 0.24403767609528967
2024-03-12 12:17:03,494 - 8/100, SSIM: 0.33660076505245756
2024-03-12 12:17:03,792 - 9/100, SSIM: 0.8422957831895562
2024-03-12 12:17:04,123 - 10/100, SSIM: 0.618402309906384
2024-03-12 12:17:04,422 - 11/100, SSIM: 0.6725103627623563
2024-03-12 12:17:04,754 - 12/100, SSIM: 0.7932404261934284
2024-03-12 12:17:05,073 - 13/100, SSIM: 0.42378019291669294
2024-03-12 12:17:05,373 - 14/100, SSIM: 0.8743016746461908
2024-03-12 12:17:05,673 - 15/100, SSIM: 0.759094460993909
2024-03-12 12:17:05,981 - 16/100, SSIM: 0.49421356814923845
2024-03-12 12:17:06,318 - 17/100, SSIM: 0.735133198128575
2024-03-12 12:17:06,654 - 18/100, SSIM: 0.5311017951164709
2024-03-12 12:17:06,957 - 19/100, SSIM: 0.8217416840367564
2024-03-12 12:17:07,256 - 20/100, SSIM: 0.4129120605021355
2024-03-12 12:17:07,558 - 21/100, SSIM: 0.5817503946715867
2024-03-12 12:17:07,902 - 22/100, SSIM: 0.5801288570127394
2024-03-12 12:17:08,186 - 23/100, SSIM: 0.729688854505846
2024-03-12 12:17:08,486 - 24/100, SSIM: 0.26400431269520774
2024-03-12 12:17:08,783 - 25/100, SSIM: 0.6697606984096292
2024-03-12 12:17:09,122 - 26/100, SSIM: 0.5439872073314689
2024-03-12 12:17:09,458 - 27/100, SSIM: 0.6721745024927459
2024-03-12 12:17:09,764 - 28/100, SSIM: 0.47660578969519707
2024-03-12 12:17:10,103 - 29/100, SSIM: 0.31454644839321727
2024-03-12 12:17:10,303 - 30/100, SSIM: 0.4918843283186359
2024-03-12 12:17:10,604 - 31/100, SSIM: 0.7767368421234773
2024-03-12 12:17:10,907 - 32/100, SSIM: 0.7146899843309533
2024-03-12 12:17:11,246 - 33/100, SSIM: 0.8042521508423451
2024-03-12 12:17:11,551 - 34/100, SSIM: 0.8340694144487614
2024-03-12 12:17:11,909 - 35/100, SSIM: 0.4861754218169915
2024-03-12 12:17:12,242 - 36/100, SSIM: 0.2917561855687046
2024-03-12 12:17:12,544 - 37/100, SSIM: 0.74426216585037
2024-03-12 12:17:12,851 - 38/100, SSIM: 0.846135861892375
2024-03-12 12:17:13,155 - 39/100, SSIM: 0.0006218516009479141
2024-03-12 12:17:13,459 - 40/100, SSIM: 0.6215320036281363
2024-03-12 12:17:13,767 - 41/100, SSIM: 0.5403900538855907
2024-03-12 12:17:14,070 - 42/100, SSIM: 0.8569993059313233
2024-03-12 12:17:14,373 - 43/100, SSIM: 0.0
2024-03-12 12:17:14,677 - 44/100, SSIM: 0.7628785586667269
2024-03-12 12:17:14,983 - 45/100, SSIM: 0.5223901064322679
2024-03-12 12:17:15,286 - 46/100, SSIM: 0.2789507376668402
2024-03-12 12:17:15,593 - 47/100, SSIM: 0.6683283140651985
2024-03-12 12:17:15,934 - 48/100, SSIM: 0.6348741257903441
2024-03-12 12:17:16,240 - 49/100, SSIM: 0.5516724638800238
2024-03-12 12:17:16,545 - 50/100, SSIM: 0.5553484680586804
2024-03-12 12:17:16,850 - 51/100, SSIM: 0.6633192588094337
2024-03-12 12:17:17,105 - 52/100, SSIM: 0.35977884829288387
2024-03-12 12:17:17,409 - 53/100, SSIM: 0.2560590059687574
2024-03-12 12:17:17,651 - 54/100, SSIM: 0.568551888797353
2024-03-12 12:17:18,095 - 55/100, SSIM: 0.40951904729994865
2024-03-12 12:17:18,399 - 56/100, SSIM: 0.3978732865748431
2024-03-12 12:17:18,712 - 57/100, SSIM: 0.7077505981852064
2024-03-12 12:17:19,012 - 58/100, SSIM: 0.7327680209189166
2024-03-12 12:17:19,317 - 59/100, SSIM: 0.30099286712574275
2024-03-12 12:17:19,657 - 60/100, SSIM: 0.5345348884413027
2024-03-12 12:17:19,966 - 61/100, SSIM: 0.7869955654029519
2024-03-12 12:17:20,269 - 62/100, SSIM: 0.49087233851972456
2024-03-12 12:17:20,603 - 63/100, SSIM: 0.5803088058287014
2024-03-12 12:17:20,911 - 64/100, SSIM: 0.34518199268729793
2024-03-12 12:17:21,250 - 65/100, SSIM: 0.42189067180621914
2024-03-12 12:17:21,556 - 66/100, SSIM: 0.3782126385466348
2024-03-12 12:17:21,855 - 67/100, SSIM: 0.7600151767021543
2024-03-12 12:17:22,154 - 68/100, SSIM: 0.16466653478465884
2024-03-12 12:17:22,453 - 69/100, SSIM: 0.27461895999689956
2024-03-12 12:17:22,798 - 70/100, SSIM: 0.6712035255078002
2024-03-12 12:17:23,094 - 71/100, SSIM: 0.7265767826622926
2024-03-12 12:17:23,395 - 72/100, SSIM: 0.7698257684559933
2024-03-12 12:17:23,700 - 73/100, SSIM: 0.450965980922647
2024-03-12 12:17:24,004 - 74/100, SSIM: 0.6143813103051343
2024-03-12 12:17:24,340 - 75/100, SSIM: 0.3463281711839851
2024-03-12 12:17:24,644 - 76/100, SSIM: 0.24387904037663274
2024-03-12 12:17:24,902 - 77/100, SSIM: 0.7206696895013379
2024-03-12 12:17:25,279 - 78/100, SSIM: 0.7326508894503715
2024-03-12 12:17:25,688 - 79/100, SSIM: 0.8250275258247086
2024-03-12 12:17:25,996 - 80/100, SSIM: 0.20805594641466554
2024-03-12 12:17:26,281 - 81/100, SSIM: 0.8613673654928677
2024-03-12 12:17:26,587 - 82/100, SSIM: 0.6905169474562164
2024-03-12 12:17:26,891 - 83/100, SSIM: 0.38402708335186453
2024-03-12 12:17:27,191 - 84/100, SSIM: 0.3329755658069588
2024-03-12 12:17:27,490 - 85/100, SSIM: 0.3236185551545594
2024-03-12 12:17:27,793 - 86/100, SSIM: 0.5343778919386051
2024-03-12 12:17:28,090 - 87/100, SSIM: 0.22457776925047507
2024-03-12 12:17:28,387 - 88/100, SSIM: 0.7954190448662322
2024-03-12 12:17:28,688 - 89/100, SSIM: 0.7916383494409246
2024-03-12 12:17:28,990 - 90/100, SSIM: 0.25481501775453574
2024-03-12 12:17:29,353 - 91/100, SSIM: 0.6469478323369874
2024-03-12 12:17:29,641 - 92/100, SSIM: 0.6674380164702151
2024-03-12 12:17:29,944 - 93/100, SSIM: 0.6819115484722122
2024-03-12 12:17:30,249 - 94/100, SSIM: 0.3670735081147346
2024-03-12 12:17:30,535 - 95/100, SSIM: 0.6592909653274789
2024-03-12 12:17:30,833 - 96/100, SSIM: 0.9028734625747331
2024-03-12 12:17:31,132 - 97/100, SSIM: 0.460021812193309
2024-03-12 12:17:31,430 - 98/100, SSIM: 0.7353656488165825
2024-03-12 12:17:31,734 - 99/100, SSIM: 0.8654438903641862
2024-03-12 12:17:31,992 - 100/100, SSIM: 0.4061026348646621
2024-03-12 12:17:32,004 - SSIM in bicubic_x4_valid_dataset: 0.5601737759758129
2024-03-12 12:17:43,946 - 1/100, PSNR: 20.760427474975586
2024-03-12 12:17:44,231 - 2/100, PSNR: 25.45246696472168
2024-03-12 12:17:47,142 - 3/100, PSNR: 24.938756942749023
2024-03-12 12:17:49,343 - 4/100, PSNR: 19.548439025878906
2024-03-12 12:17:49,662 - 5/100, PSNR: 21.867427825927734
2024-03-12 12:17:49,946 - 6/100, PSNR: 21.090242385864258
2024-03-12 12:17:52,028 - 7/100, PSNR: 17.01661491394043
2024-03-12 12:17:52,312 - 8/100, PSNR: 19.776790618896484
2024-03-12 12:17:52,598 - 9/100, PSNR: 23.809614181518555
2024-03-12 12:17:52,918 - 10/100, PSNR: 22.213443756103516
2024-03-12 12:17:53,202 - 11/100, PSNR: 22.32250213623047
2024-03-12 12:17:53,517 - 12/100, PSNR: 20.13718032836914
2024-03-12 12:17:56,207 - 13/100, PSNR: 21.701566696166992
2024-03-12 12:17:56,492 - 14/100, PSNR: 22.051471710205078
2024-03-12 12:17:56,780 - 15/100, PSNR: 23.86905860900879
2024-03-12 12:17:57,061 - 16/100, PSNR: 22.622512817382812
2024-03-12 12:17:57,380 - 17/100, PSNR: 21.847349166870117
2024-03-12 12:17:57,704 - 18/100, PSNR: 18.977760314941406
2024-03-12 12:17:57,989 - 19/100, PSNR: 20.972883224487305
2024-03-12 12:17:58,275 - 20/100, PSNR: 15.86266803741455
2024-03-12 12:17:58,559 - 21/100, PSNR: 16.285659790039062
2024-03-12 12:18:01,484 - 22/100, PSNR: 21.146411895751953
2024-03-12 12:18:03,852 - 23/100, PSNR: 17.141849517822266
2024-03-12 12:18:04,134 - 24/100, PSNR: 18.819114685058594
2024-03-12 12:18:04,417 - 25/100, PSNR: 18.76375961303711
2024-03-12 12:18:04,735 - 26/100, PSNR: 17.349489212036133
2024-03-12 12:18:05,052 - 27/100, PSNR: 26.060800552368164
2024-03-12 12:18:05,338 - 28/100, PSNR: 13.876124382019043
2024-03-12 12:18:05,619 - 29/100, PSNR: 22.650650024414062
2024-03-12 12:18:07,140 - 30/100, PSNR: 19.88482093811035
2024-03-12 12:18:07,427 - 31/100, PSNR: 20.43768310546875
2024-03-12 12:18:07,711 - 32/100, PSNR: 20.37713050842285
2024-03-12 12:18:10,548 - 33/100, PSNR: 20.543928146362305
2024-03-12 12:18:10,833 - 34/100, PSNR: 18.77953338623047
2024-03-12 12:18:13,803 - 35/100, PSNR: 18.9298095703125
2024-03-12 12:18:14,122 - 36/100, PSNR: 18.437965393066406
2024-03-12 12:18:14,411 - 37/100, PSNR: 18.78758430480957
2024-03-12 12:18:14,695 - 38/100, PSNR: 29.116832733154297
2024-03-12 12:18:14,979 - 39/100, PSNR: 23.234060287475586
2024-03-12 12:18:15,266 - 40/100, PSNR: 21.787334442138672
2024-03-12 12:18:15,550 - 41/100, PSNR: 21.50803565979004
2024-03-12 12:18:15,839 - 42/100, PSNR: 22.429777145385742
2024-03-12 12:18:16,123 - 43/100, PSNR: 29.081554412841797
2024-03-12 12:18:18,621 - 44/100, PSNR: 18.748184204101562
2024-03-12 12:18:18,904 - 45/100, PSNR: 17.640151977539062
2024-03-12 12:18:21,423 - 46/100, PSNR: 17.47579002380371
2024-03-12 12:18:21,710 - 47/100, PSNR: 19.680814743041992
2024-03-12 12:18:22,030 - 48/100, PSNR: 20.729854583740234
2024-03-12 12:18:22,324 - 49/100, PSNR: 15.263205528259277
2024-03-12 12:18:22,616 - 50/100, PSNR: 21.60491371154785
2024-03-12 12:18:25,094 - 51/100, PSNR: 21.500263214111328
2024-03-12 12:18:27,225 - 52/100, PSNR: 25.66341781616211
2024-03-12 12:18:27,507 - 53/100, PSNR: 23.434370040893555
2024-03-12 12:18:29,474 - 54/100, PSNR: 18.392108917236328
2024-03-12 12:18:33,123 - 55/100, PSNR: 23.05927276611328
2024-03-12 12:18:33,406 - 56/100, PSNR: 19.461198806762695
2024-03-12 12:18:36,003 - 57/100, PSNR: 26.542558670043945
2024-03-12 12:18:36,289 - 58/100, PSNR: 22.294227600097656
2024-03-12 12:18:36,573 - 59/100, PSNR: 19.698427200317383
2024-03-12 12:18:36,888 - 60/100, PSNR: 16.569095611572266
2024-03-12 12:18:37,172 - 61/100, PSNR: 17.830551147460938
2024-03-12 12:18:37,454 - 62/100, PSNR: 20.622966766357422
2024-03-12 12:18:40,209 - 63/100, PSNR: 22.251476287841797
2024-03-12 12:18:40,493 - 64/100, PSNR: 23.559473037719727
2024-03-12 12:18:40,813 - 65/100, PSNR: 21.983802795410156
2024-03-12 12:18:41,099 - 66/100, PSNR: 19.657289505004883
2024-03-12 12:18:41,388 - 67/100, PSNR: 19.967496871948242
2024-03-12 12:18:41,669 - 68/100, PSNR: 19.913015365600586
2024-03-12 12:18:41,957 - 69/100, PSNR: 19.461816787719727
2024-03-12 12:18:44,858 - 70/100, PSNR: 20.174745559692383
2024-03-12 12:18:45,143 - 71/100, PSNR: 22.06551170349121
2024-03-12 12:18:45,428 - 72/100, PSNR: 18.280912399291992
2024-03-12 12:18:45,715 - 73/100, PSNR: 17.30373764038086
2024-03-12 12:18:46,001 - 74/100, PSNR: 23.047286987304688
2024-03-12 12:18:46,323 - 75/100, PSNR: 18.254629135131836
2024-03-12 12:18:46,607 - 76/100, PSNR: 18.96251678466797
2024-03-12 12:18:46,847 - 77/100, PSNR: 27.43560218811035
2024-03-12 12:18:50,033 - 78/100, PSNR: 21.604734420776367
2024-03-12 12:18:53,399 - 79/100, PSNR: 20.989110946655273
2024-03-12 12:18:53,687 - 80/100, PSNR: 24.007108688354492
2024-03-12 12:18:56,021 - 81/100, PSNR: 21.26679039001465
2024-03-12 12:18:56,306 - 82/100, PSNR: 22.654457092285156
2024-03-12 12:18:58,846 - 83/100, PSNR: 18.92285919189453
2024-03-12 12:18:59,129 - 84/100, PSNR: 19.402074813842773
2024-03-12 12:18:59,416 - 85/100, PSNR: 18.36016082763672
2024-03-12 12:18:59,703 - 86/100, PSNR: 24.665386199951172
2024-03-12 12:18:59,991 - 87/100, PSNR: 17.384273529052734
2024-03-12 12:19:00,276 - 88/100, PSNR: 20.491931915283203
2024-03-12 12:19:00,560 - 89/100, PSNR: 19.379323959350586
2024-03-12 12:19:00,849 - 90/100, PSNR: 21.52069664001465
2024-03-12 12:19:03,902 - 91/100, PSNR: 18.59207534790039
2024-03-12 12:19:04,171 - 92/100, PSNR: 17.25827980041504
2024-03-12 12:19:04,454 - 93/100, PSNR: 23.461973190307617
2024-03-12 12:19:04,737 - 94/100, PSNR: 21.027341842651367
2024-03-12 12:19:05,007 - 95/100, PSNR: 16.660371780395508
2024-03-12 12:19:05,290 - 96/100, PSNR: 19.840652465820312
2024-03-12 12:19:05,578 - 97/100, PSNR: 14.712444305419922
2024-03-12 12:19:05,864 - 98/100, PSNR: 23.343616485595703
2024-03-12 12:19:06,146 - 99/100, PSNR: 20.21807861328125
2024-03-12 12:19:06,387 - 100/100, PSNR: 18.741392135620117
2024-03-12 12:19:06,390 - PSNR in unknown_x4_valid_dataset: 20.65304946899414
2024-03-12 12:19:06,706 - 1/100, SSIM: 0.3504694321874511
2024-03-12 12:19:07,003 - 2/100, SSIM: 0.7603466179707308
2024-03-12 12:19:07,335 - 3/100, SSIM: 0.8153120149129137
2024-03-12 12:19:07,596 - 4/100, SSIM: 0.4697924644185193
2024-03-12 12:19:07,925 - 5/100, SSIM: 0.47975780867132195
2024-03-12 12:19:08,220 - 6/100, SSIM: 0.8098708092596562
2024-03-12 12:19:08,471 - 7/100, SSIM: 0.14161076326638677
2024-03-12 12:19:08,771 - 8/100, SSIM: 0.31613357384940693
2024-03-12 12:19:09,073 - 9/100, SSIM: 0.34638201506740923
2024-03-12 12:19:09,405 - 10/100, SSIM: 0.32206217768960066
2024-03-12 12:19:09,706 - 11/100, SSIM: 0.2694795359020538
2024-03-12 12:19:10,044 - 12/100, SSIM: 0.726366308354259
2024-03-12 12:19:10,361 - 13/100, SSIM: 0.48674622811731477
2024-03-12 12:19:10,660 - 14/100, SSIM: 0.36007796612909043
2024-03-12 12:19:10,962 - 15/100, SSIM: 0.6073849263755918
2024-03-12 12:19:11,264 - 16/100, SSIM: 0.8787584013139558
2024-03-12 12:19:11,597 - 17/100, SSIM: 0.44319307733275154
2024-03-12 12:19:11,937 - 18/100, SSIM: 0.46766835012852576
2024-03-12 12:19:12,236 - 19/100, SSIM: 0.598680331710935
2024-03-12 12:19:12,537 - 20/100, SSIM: 0.6993248483432952
2024-03-12 12:19:12,836 - 21/100, SSIM: 0.2635988599437484
2024-03-12 12:19:13,182 - 22/100, SSIM: 0.4424727034000653
2024-03-12 12:19:13,467 - 23/100, SSIM: 0.4377944822334479
2024-03-12 12:19:13,768 - 24/100, SSIM: 0.5603686061405263
2024-03-12 12:19:14,070 - 25/100, SSIM: 0.3302309926791947
2024-03-12 12:19:14,407 - 26/100, SSIM: 0.33374344943392414
2024-03-12 12:19:14,738 - 27/100, SSIM: 0.3339417593052637
2024-03-12 12:19:15,034 - 28/100, SSIM: 0.5290554239349118
2024-03-12 12:19:15,334 - 29/100, SSIM: 0.30486142634352836
2024-03-12 12:19:15,525 - 30/100, SSIM: 0.42081033215276964
2024-03-12 12:19:15,825 - 31/100, SSIM: 0.48776403830397835
2024-03-12 12:19:16,125 - 32/100, SSIM: 0.6091050411080815
2024-03-12 12:19:16,461 - 33/100, SSIM: 0.32451040265621434
2024-03-12 12:19:16,759 - 34/100, SSIM: 0.2482765537684183
2024-03-12 12:19:17,111 - 35/100, SSIM: 0.11319774432708818
2024-03-12 12:19:17,444 - 36/100, SSIM: 0.5258466242675766
2024-03-12 12:19:17,742 - 37/100, SSIM: 0.5861261570308922
2024-03-12 12:19:18,040 - 38/100, SSIM: 0.8397166963724366
2024-03-12 12:19:18,338 - 39/100, SSIM: 0.3412544530912657
2024-03-12 12:19:18,638 - 40/100, SSIM: 0.3896200043043932
2024-03-12 12:19:18,936 - 41/100, SSIM: 0.3027990483865689
2024-03-12 12:19:19,232 - 42/100, SSIM: 0.6378835727708158
2024-03-12 12:19:19,530 - 43/100, SSIM: 0.676009986643135
2024-03-12 12:19:19,825 - 44/100, SSIM: 0.7212140251136079
2024-03-12 12:19:20,122 - 45/100, SSIM: 0.22554640211665528
2024-03-12 12:19:20,426 - 46/100, SSIM: 0.22398621809878363
2024-03-12 12:19:20,724 - 47/100, SSIM: 0.43695215538581395
2024-03-12 12:19:21,056 - 48/100, SSIM: 0.5654586578423714
2024-03-12 12:19:21,356 - 49/100, SSIM: 0.2817610412088251
2024-03-12 12:19:21,657 - 50/100, SSIM: 0.6337464052625822
2024-03-12 12:19:21,954 - 51/100, SSIM: 0.6594602232041443
2024-03-12 12:19:22,209 - 52/100, SSIM: 0.3055458114850831
2024-03-12 12:19:22,510 - 53/100, SSIM: 0.4596406342686102
2024-03-12 12:19:22,754 - 54/100, SSIM: 0.3163530251998368
2024-03-12 12:19:23,185 - 55/100, SSIM: 0.23591310293300224
2024-03-12 12:19:23,485 - 56/100, SSIM: 0.2697845119520931
2024-03-12 12:19:23,796 - 57/100, SSIM: 0.672703338754136
2024-03-12 12:19:24,098 - 58/100, SSIM: 0.44935024998824746
2024-03-12 12:19:24,399 - 59/100, SSIM: 0.21884310261792925
2024-03-12 12:19:24,734 - 60/100, SSIM: 0.11693005658428526
2024-03-12 12:19:25,033 - 61/100, SSIM: 0.18561147695125307
2024-03-12 12:19:25,337 - 62/100, SSIM: 0.6190113760207384
2024-03-12 12:19:25,668 - 63/100, SSIM: 0.6165656248471574
2024-03-12 12:19:25,972 - 64/100, SSIM: 0.3304242302918571
2024-03-12 12:19:26,304 - 65/100, SSIM: 0.835180199937285
2024-03-12 12:19:26,606 - 66/100, SSIM: 0.6761652065366224
2024-03-12 12:19:26,907 - 67/100, SSIM: 0.26852469116205635
2024-03-12 12:19:27,206 - 68/100, SSIM: 0.8329146473411981
2024-03-12 12:19:27,506 - 69/100, SSIM: 0.15786990963977418
2024-03-12 12:19:27,850 - 70/100, SSIM: 0.29343434468239515
2024-03-12 12:19:28,148 - 71/100, SSIM: 0.3158741826333649
2024-03-12 12:19:28,448 - 72/100, SSIM: 0.2618522577773068
2024-03-12 12:19:28,751 - 73/100, SSIM: 0.5952487861452777
2024-03-12 12:19:29,048 - 74/100, SSIM: 0.40596901164853777
2024-03-12 12:19:29,383 - 75/100, SSIM: 0.36139656696166533
2024-03-12 12:19:29,688 - 76/100, SSIM: 0.43015711628099823
2024-03-12 12:19:29,945 - 77/100, SSIM: 0.8528986729385807
2024-03-12 12:19:30,318 - 78/100, SSIM: 0.4581295179626846
2024-03-12 12:19:30,717 - 79/100, SSIM: 0.38110731924066943
2024-03-12 12:19:31,017 - 80/100, SSIM: 0.531227924117006
2024-03-12 12:19:31,298 - 81/100, SSIM: 0.5580452783990414
2024-03-12 12:19:31,604 - 82/100, SSIM: 0.802639023445788
2024-03-12 12:19:31,918 - 83/100, SSIM: 0.24341713784596825
2024-03-12 12:19:32,221 - 84/100, SSIM: 0.41608294837449583
2024-03-12 12:19:32,524 - 85/100, SSIM: 0.20611042325289217
2024-03-12 12:19:32,821 - 86/100, SSIM: 0.4132003262557024
2024-03-12 12:19:33,121 - 87/100, SSIM: 0.843078733473751
2024-03-12 12:19:33,417 - 88/100, SSIM: 0.7285661452096066
2024-03-12 12:19:33,714 - 89/100, SSIM: 0.4495875912800219
2024-03-12 12:19:34,016 - 90/100, SSIM: 0.3475690102489435
2024-03-12 12:19:34,387 - 91/100, SSIM: 0.6280244926772733
2024-03-12 12:19:34,670 - 92/100, SSIM: 0.27514094908775155
2024-03-12 12:19:34,968 - 93/100, SSIM: 0.18252486868519696
2024-03-12 12:19:35,268 - 94/100, SSIM: 0.6351617574071209
2024-03-12 12:19:35,552 - 95/100, SSIM: 0.25585651644943175
2024-03-12 12:19:35,850 - 96/100, SSIM: 0.748287754836997
2024-03-12 12:19:36,150 - 97/100, SSIM: 0.16684918214496777
2024-03-12 12:19:36,449 - 98/100, SSIM: 0.7335336650138885
2024-03-12 12:19:36,757 - 99/100, SSIM: 0.34722632649254986
2024-03-12 12:19:37,014 - 100/100, SSIM: 0.42990826638290247
2024-03-12 12:19:37,017 - SSIM in unknown_x4_valid_dataset: 0.46001968431696144
