2024-03-17 14:48:44,062 - Start pre-training
2024-03-17 14:51:44,127 - 1/10, PSNR: 21.262004852294922
2024-03-17 14:51:44,306 - 2/10, PSNR: 25.107681274414062
2024-03-17 14:51:47,430 - 3/10, PSNR: 23.9017276763916
2024-03-17 14:51:49,944 - 4/10, PSNR: 19.92687225341797
2024-03-17 14:51:50,125 - 5/10, PSNR: 22.137283325195312
2024-03-17 14:51:50,287 - 6/10, PSNR: 22.106678009033203
2024-03-17 14:51:52,653 - 7/10, PSNR: 17.32160758972168
2024-03-17 14:51:52,832 - 8/10, PSNR: 21.45012092590332
2024-03-17 14:51:52,994 - 9/10, PSNR: 23.68327522277832
2024-03-17 14:51:53,174 - 10/10, PSNR: 22.62027931213379
2024-03-17 14:51:53,182 - 1000/10000: loss = 778.263, PSNR = 21.951754 (188.26s)
2024-03-17 14:54:05,545 - 1/10, PSNR: 22.018587112426758
2024-03-17 14:54:05,706 - 2/10, PSNR: 25.56846046447754
2024-03-17 14:54:05,888 - 3/10, PSNR: 25.29888916015625
2024-03-17 14:54:06,032 - 4/10, PSNR: 20.872636795043945
2024-03-17 14:54:06,213 - 5/10, PSNR: 22.9686222076416
2024-03-17 14:54:06,374 - 6/10, PSNR: 22.958255767822266
2024-03-17 14:54:06,531 - 7/10, PSNR: 17.65036392211914
2024-03-17 14:54:06,693 - 8/10, PSNR: 22.29049301147461
2024-03-17 14:54:06,854 - 9/10, PSNR: 24.562536239624023
2024-03-17 14:54:07,035 - 10/10, PSNR: 22.930509567260742
2024-03-17 14:54:07,039 - 2000/10000: loss = 577.073, PSNR = 22.711935 (133.47s)
2024-03-17 14:56:19,368 - 1/10, PSNR: 22.24395179748535
2024-03-17 14:56:19,530 - 2/10, PSNR: 26.25156021118164
2024-03-17 14:56:19,711 - 3/10, PSNR: 26.347341537475586
2024-03-17 14:56:19,854 - 4/10, PSNR: 21.11013412475586
2024-03-17 14:56:20,035 - 5/10, PSNR: 23.28904914855957
2024-03-17 14:56:20,197 - 6/10, PSNR: 23.223865509033203
2024-03-17 14:56:20,353 - 7/10, PSNR: 17.788171768188477
2024-03-17 14:56:20,514 - 8/10, PSNR: 22.304588317871094
2024-03-17 14:56:20,675 - 9/10, PSNR: 24.849130630493164
2024-03-17 14:56:20,856 - 10/10, PSNR: 23.16849708557129
2024-03-17 14:56:20,861 - 3000/10000: loss = 529.799, PSNR = 23.057629 (133.50s)
2024-03-17 14:58:33,542 - 1/10, PSNR: 22.58627700805664
2024-03-17 14:58:33,704 - 2/10, PSNR: 26.58327293395996
2024-03-17 14:58:33,906 - 3/10, PSNR: 26.25522804260254
2024-03-17 14:58:34,049 - 4/10, PSNR: 21.25877571105957
2024-03-17 14:58:34,230 - 5/10, PSNR: 23.358341217041016
2024-03-17 14:58:34,391 - 6/10, PSNR: 23.046329498291016
2024-03-17 14:58:34,529 - 7/10, PSNR: 17.820688247680664
2024-03-17 14:58:34,690 - 8/10, PSNR: 22.750167846679688
2024-03-17 14:58:34,873 - 9/10, PSNR: 24.991750717163086
2024-03-17 14:58:35,054 - 10/10, PSNR: 23.38640022277832
2024-03-17 14:58:35,060 - 4000/10000: loss = 502.940, PSNR = 23.203724 (133.88s)
2024-03-17 15:00:47,560 - 1/10, PSNR: 22.970943450927734
2024-03-17 15:00:47,722 - 2/10, PSNR: 27.554048538208008
2024-03-17 15:00:47,903 - 3/10, PSNR: 27.16203498840332
2024-03-17 15:00:48,057 - 4/10, PSNR: 21.66922950744629
2024-03-17 15:00:48,238 - 5/10, PSNR: 23.64211654663086
2024-03-17 15:00:48,399 - 6/10, PSNR: 23.638330459594727
2024-03-17 15:00:48,537 - 7/10, PSNR: 18.03522300720215
2024-03-17 15:00:48,698 - 8/10, PSNR: 23.055936813354492
2024-03-17 15:00:48,859 - 9/10, PSNR: 25.575641632080078
2024-03-17 15:00:49,061 - 10/10, PSNR: 23.640466690063477
2024-03-17 15:00:49,066 - 5000/10000: loss = 470.250, PSNR = 23.694399 (133.69s)
2024-03-17 15:03:01,600 - 1/10, PSNR: 23.46074867248535
2024-03-17 15:03:01,761 - 2/10, PSNR: 27.49418830871582
2024-03-17 15:03:01,942 - 3/10, PSNR: 27.49803924560547
2024-03-17 15:03:02,085 - 4/10, PSNR: 21.9417781829834
2024-03-17 15:03:02,283 - 5/10, PSNR: 24.074098587036133
2024-03-17 15:03:02,445 - 6/10, PSNR: 23.88313865661621
2024-03-17 15:03:02,583 - 7/10, PSNR: 18.103782653808594
2024-03-17 15:03:02,744 - 8/10, PSNR: 23.24010467529297
2024-03-17 15:03:02,904 - 9/10, PSNR: 25.95435905456543
2024-03-17 15:03:03,086 - 10/10, PSNR: 23.812820434570312
2024-03-17 15:03:03,091 - 6000/10000: loss = 450.525, PSNR = 23.946308 (133.68s)
2024-03-17 15:05:15,555 - 1/10, PSNR: 23.210100173950195
2024-03-17 15:05:15,717 - 2/10, PSNR: 26.956918716430664
2024-03-17 15:05:15,897 - 3/10, PSNR: 27.018667221069336
2024-03-17 15:05:16,040 - 4/10, PSNR: 21.70852279663086
2024-03-17 15:05:16,221 - 5/10, PSNR: 23.82627296447754
2024-03-17 15:05:16,382 - 6/10, PSNR: 23.784954071044922
2024-03-17 15:05:16,538 - 7/10, PSNR: 18.1740665435791
2024-03-17 15:05:16,699 - 8/10, PSNR: 23.25055503845215
2024-03-17 15:05:16,860 - 9/10, PSNR: 25.657556533813477
2024-03-17 15:05:17,042 - 10/10, PSNR: 23.82752799987793
2024-03-17 15:05:17,048 - 7000/10000: loss = 433.474, PSNR = 23.741512 (133.64s)
2024-03-17 15:07:29,585 - 1/10, PSNR: 23.822322845458984
2024-03-17 15:07:29,769 - 2/10, PSNR: 28.16971778869629
2024-03-17 15:07:29,950 - 3/10, PSNR: 27.920053482055664
2024-03-17 15:07:30,093 - 4/10, PSNR: 22.250669479370117
2024-03-17 15:07:30,274 - 5/10, PSNR: 24.412353515625
2024-03-17 15:07:30,435 - 6/10, PSNR: 24.21578025817871
2024-03-17 15:07:30,573 - 7/10, PSNR: 18.275184631347656
2024-03-17 15:07:30,755 - 8/10, PSNR: 23.581645965576172
2024-03-17 15:07:30,917 - 9/10, PSNR: 26.212825775146484
2024-03-17 15:07:31,098 - 10/10, PSNR: 24.04130744934082
2024-03-17 15:07:31,103 - 8000/10000: loss = 418.109, PSNR = 24.290188 (133.74s)
2024-03-17 15:09:44,361 - 1/10, PSNR: 23.6984806060791
2024-03-17 15:09:44,523 - 2/10, PSNR: 27.957242965698242
2024-03-17 15:09:44,704 - 3/10, PSNR: 27.604984283447266
2024-03-17 15:09:44,848 - 4/10, PSNR: 22.24268341064453
2024-03-17 15:09:45,029 - 5/10, PSNR: 24.358028411865234
2024-03-17 15:09:45,212 - 6/10, PSNR: 24.202354431152344
2024-03-17 15:09:45,350 - 7/10, PSNR: 18.298965454101562
2024-03-17 15:09:45,511 - 8/10, PSNR: 23.496994018554688
2024-03-17 15:09:45,672 - 9/10, PSNR: 26.182674407958984
2024-03-17 15:09:45,858 - 10/10, PSNR: 24.023008346557617
2024-03-17 15:09:45,863 - 9000/10000: loss = 407.555, PSNR = 24.206539 (134.44s)
2024-03-17 15:11:59,837 - 1/10, PSNR: 24.13212013244629
2024-03-17 15:11:59,999 - 2/10, PSNR: 28.914196014404297
2024-03-17 15:12:00,196 - 3/10, PSNR: 28.692710876464844
2024-03-17 15:12:00,338 - 4/10, PSNR: 22.41241455078125
2024-03-17 15:12:00,519 - 5/10, PSNR: 24.713064193725586
2024-03-17 15:12:00,680 - 6/10, PSNR: 24.43083381652832
2024-03-17 15:12:00,818 - 7/10, PSNR: 18.413227081298828
2024-03-17 15:12:00,979 - 8/10, PSNR: 23.791255950927734
2024-03-17 15:12:01,156 - 9/10, PSNR: 26.646160125732422
2024-03-17 15:12:01,337 - 10/10, PSNR: 24.2076473236084
2024-03-17 15:12:01,342 - 10000/10000: loss = 404.289, PSNR = 24.635363 (134.94s)
2024-03-17 15:12:02,805 - Start training GAN
2024-03-17 15:13:00,051 - 50/20000, perceptual loss = 0.1152, discriminator loss = 1.8869
2024-03-17 15:13:20,839 - 100/20000, perceptual loss = 0.1178, discriminator loss = 0.9340
2024-03-17 15:13:41,629 - 150/20000, perceptual loss = 0.1286, discriminator loss = 1.0126
2024-03-17 15:14:02,428 - 200/20000, perceptual loss = 0.1261, discriminator loss = 0.5538
2024-03-17 15:14:23,230 - 250/20000, perceptual loss = 0.1288, discriminator loss = 0.3954
2024-03-17 15:14:44,039 - 300/20000, perceptual loss = 0.1382, discriminator loss = 0.5098
2024-03-17 15:15:04,831 - 350/20000, perceptual loss = 0.1315, discriminator loss = 0.6420
2024-03-17 15:15:25,663 - 400/20000, perceptual loss = 0.1364, discriminator loss = 0.6744
2024-03-17 15:15:46,449 - 450/20000, perceptual loss = 0.1303, discriminator loss = 1.0902
2024-03-17 15:16:07,291 - 500/20000, perceptual loss = 0.1291, discriminator loss = 0.7437
2024-03-17 15:16:28,111 - 550/20000, perceptual loss = 0.1395, discriminator loss = 1.3304
2024-03-17 15:16:48,912 - 600/20000, perceptual loss = 0.1345, discriminator loss = 0.9769
2024-03-17 15:17:09,720 - 650/20000, perceptual loss = 0.1350, discriminator loss = 0.8079
2024-03-17 15:17:30,541 - 700/20000, perceptual loss = 0.1352, discriminator loss = 1.7549
2024-03-17 15:17:51,345 - 750/20000, perceptual loss = 0.1341, discriminator loss = 1.0342
2024-03-17 15:18:12,175 - 800/20000, perceptual loss = 0.1347, discriminator loss = 0.7624
2024-03-17 15:18:32,977 - 850/20000, perceptual loss = 0.1310, discriminator loss = 1.0113
2024-03-17 15:18:53,799 - 900/20000, perceptual loss = 0.1328, discriminator loss = 0.9626
2024-03-17 15:19:14,610 - 950/20000, perceptual loss = 0.1310, discriminator loss = 1.0503
2024-03-17 15:19:35,435 - 1000/20000, perceptual loss = 0.1311, discriminator loss = 0.5361
2024-03-17 15:19:56,283 - 1050/20000, perceptual loss = 0.1324, discriminator loss = 0.9427
2024-03-17 15:20:17,088 - 1100/20000, perceptual loss = 0.1278, discriminator loss = 0.9288
2024-03-17 15:20:37,904 - 1150/20000, perceptual loss = 0.1284, discriminator loss = 0.8731
2024-03-17 15:20:58,756 - 1200/20000, perceptual loss = 0.1271, discriminator loss = 1.1239
2024-03-17 15:21:19,639 - 1250/20000, perceptual loss = 0.1271, discriminator loss = 1.0387
2024-03-17 15:21:40,441 - 1300/20000, perceptual loss = 0.1260, discriminator loss = 1.1351
2024-03-17 15:22:01,232 - 1350/20000, perceptual loss = 0.1323, discriminator loss = 0.7316
2024-03-17 15:22:22,058 - 1400/20000, perceptual loss = 0.1262, discriminator loss = 0.8868
2024-03-17 15:22:42,859 - 1450/20000, perceptual loss = 0.1259, discriminator loss = 1.2177
2024-03-17 15:23:03,678 - 1500/20000, perceptual loss = 0.1237, discriminator loss = 0.6641
2024-03-17 15:23:24,468 - 1550/20000, perceptual loss = 0.1247, discriminator loss = 0.6534
2024-03-17 15:23:45,302 - 1600/20000, perceptual loss = 0.1225, discriminator loss = 0.9634
2024-03-17 15:24:06,112 - 1650/20000, perceptual loss = 0.1230, discriminator loss = 0.5471
2024-03-17 15:24:26,908 - 1700/20000, perceptual loss = 0.1257, discriminator loss = 0.8733
2024-03-17 15:24:47,730 - 1750/20000, perceptual loss = 0.1240, discriminator loss = 0.5993
2024-03-17 15:25:08,542 - 1800/20000, perceptual loss = 0.1252, discriminator loss = 0.7538
2024-03-17 15:25:29,344 - 1850/20000, perceptual loss = 0.1252, discriminator loss = 1.0842
2024-03-17 15:25:50,153 - 1900/20000, perceptual loss = 0.1254, discriminator loss = 1.1142
2024-03-17 15:26:10,971 - 1950/20000, perceptual loss = 0.1241, discriminator loss = 0.7010
2024-03-17 15:26:31,759 - 2000/20000, perceptual loss = 0.1293, discriminator loss = 0.6564
2024-03-17 15:26:52,573 - 2050/20000, perceptual loss = 0.1271, discriminator loss = 0.9115
2024-03-17 15:27:13,382 - 2100/20000, perceptual loss = 0.1250, discriminator loss = 0.7272
2024-03-17 15:27:34,175 - 2150/20000, perceptual loss = 0.1283, discriminator loss = 1.0464
2024-03-17 15:27:54,981 - 2200/20000, perceptual loss = 0.1241, discriminator loss = 0.9717
2024-03-17 15:28:15,768 - 2250/20000, perceptual loss = 0.1218, discriminator loss = 1.0070
2024-03-17 15:28:36,576 - 2300/20000, perceptual loss = 0.1234, discriminator loss = 0.8775
2024-03-17 15:28:57,425 - 2350/20000, perceptual loss = 0.1245, discriminator loss = 0.8693
2024-03-17 15:29:18,261 - 2400/20000, perceptual loss = 0.1196, discriminator loss = 0.7703
2024-03-17 15:29:39,116 - 2450/20000, perceptual loss = 0.1229, discriminator loss = 0.7308
2024-03-17 15:29:59,911 - 2500/20000, perceptual loss = 0.1232, discriminator loss = 1.0190
2024-03-17 15:30:20,726 - 2550/20000, perceptual loss = 0.1229, discriminator loss = 0.6096
2024-03-17 15:30:41,515 - 2600/20000, perceptual loss = 0.1218, discriminator loss = 0.7933
2024-03-17 15:31:02,324 - 2650/20000, perceptual loss = 0.1178, discriminator loss = 0.8686
2024-03-17 15:31:23,114 - 2700/20000, perceptual loss = 0.1194, discriminator loss = 0.8767
2024-03-17 15:31:43,920 - 2750/20000, perceptual loss = 0.1230, discriminator loss = 1.2758
2024-03-17 15:32:04,748 - 2800/20000, perceptual loss = 0.1153, discriminator loss = 0.6094
2024-03-17 15:32:25,559 - 2850/20000, perceptual loss = 0.1251, discriminator loss = 0.7604
2024-03-17 15:32:46,369 - 2900/20000, perceptual loss = 0.1184, discriminator loss = 0.9868
2024-03-17 15:33:07,172 - 2950/20000, perceptual loss = 0.1212, discriminator loss = 0.4167
2024-03-17 15:33:28,010 - 3000/20000, perceptual loss = 0.1202, discriminator loss = 0.6071
2024-03-17 15:33:48,794 - 3050/20000, perceptual loss = 0.1247, discriminator loss = 0.9026
2024-03-17 15:34:09,605 - 3100/20000, perceptual loss = 0.1206, discriminator loss = 1.1696
2024-03-17 15:34:30,402 - 3150/20000, perceptual loss = 0.1199, discriminator loss = 0.9041
2024-03-17 15:34:51,221 - 3200/20000, perceptual loss = 0.1230, discriminator loss = 0.4023
2024-03-17 15:35:11,998 - 3250/20000, perceptual loss = 0.1227, discriminator loss = 0.6054
2024-03-17 15:35:32,806 - 3300/20000, perceptual loss = 0.1196, discriminator loss = 0.7829
2024-03-17 15:35:53,636 - 3350/20000, perceptual loss = 0.1143, discriminator loss = 0.9319
2024-03-17 15:36:14,467 - 3400/20000, perceptual loss = 0.1184, discriminator loss = 0.5279
2024-03-17 15:36:35,277 - 3450/20000, perceptual loss = 0.1210, discriminator loss = 0.6796
2024-03-17 15:36:56,071 - 3500/20000, perceptual loss = 0.1210, discriminator loss = 0.6501
2024-03-17 15:37:16,871 - 3550/20000, perceptual loss = 0.1229, discriminator loss = 0.8538
2024-03-17 15:37:37,675 - 3600/20000, perceptual loss = 0.1164, discriminator loss = 1.0316
2024-03-17 15:37:58,495 - 3650/20000, perceptual loss = 0.1232, discriminator loss = 0.6350
2024-03-17 15:38:19,275 - 3700/20000, perceptual loss = 0.1197, discriminator loss = 0.8607
2024-03-17 15:38:40,094 - 3750/20000, perceptual loss = 0.1203, discriminator loss = 0.7191
2024-03-17 15:39:00,907 - 3800/20000, perceptual loss = 0.1201, discriminator loss = 0.8180
2024-03-17 15:39:21,720 - 3850/20000, perceptual loss = 0.1204, discriminator loss = 0.6493
2024-03-17 15:39:42,539 - 3900/20000, perceptual loss = 0.1209, discriminator loss = 0.6783
2024-03-17 15:40:03,353 - 3950/20000, perceptual loss = 0.1199, discriminator loss = 0.8387
2024-03-17 15:40:24,143 - 4000/20000, perceptual loss = 0.1218, discriminator loss = 0.4541
2024-03-17 15:40:44,943 - 4050/20000, perceptual loss = 0.1188, discriminator loss = 0.6534
2024-03-17 15:41:05,759 - 4100/20000, perceptual loss = 0.1223, discriminator loss = 0.5442
2024-03-17 15:41:26,559 - 4150/20000, perceptual loss = 0.1190, discriminator loss = 0.7071
2024-03-17 15:41:47,350 - 4200/20000, perceptual loss = 0.1237, discriminator loss = 0.6499
2024-03-17 15:42:08,167 - 4250/20000, perceptual loss = 0.1189, discriminator loss = 0.7519
2024-03-17 15:42:28,983 - 4300/20000, perceptual loss = 0.1207, discriminator loss = 0.6310
2024-03-17 15:42:49,828 - 4350/20000, perceptual loss = 0.1180, discriminator loss = 0.5734
2024-03-17 15:43:10,617 - 4400/20000, perceptual loss = 0.1169, discriminator loss = 0.6449
2024-03-17 15:43:31,431 - 4450/20000, perceptual loss = 0.1167, discriminator loss = 0.7770
2024-03-17 15:43:52,237 - 4500/20000, perceptual loss = 0.1203, discriminator loss = 0.7114
2024-03-17 15:44:13,040 - 4550/20000, perceptual loss = 0.1200, discriminator loss = 0.6115
2024-03-17 15:44:33,853 - 4600/20000, perceptual loss = 0.1188, discriminator loss = 0.3855
2024-03-17 15:44:54,655 - 4650/20000, perceptual loss = 0.1175, discriminator loss = 0.7221
2024-03-17 15:45:15,465 - 4700/20000, perceptual loss = 0.1193, discriminator loss = 0.6892
2024-03-17 15:45:36,263 - 4750/20000, perceptual loss = 0.1169, discriminator loss = 0.5670
2024-03-17 15:45:57,093 - 4800/20000, perceptual loss = 0.1201, discriminator loss = 0.5241
2024-03-17 15:46:17,917 - 4850/20000, perceptual loss = 0.1191, discriminator loss = 0.4714
2024-03-17 15:46:38,716 - 4900/20000, perceptual loss = 0.1218, discriminator loss = 0.5166
2024-03-17 15:46:59,533 - 4950/20000, perceptual loss = 0.1186, discriminator loss = 0.5542
2024-03-17 15:47:20,343 - 5000/20000, perceptual loss = 0.1208, discriminator loss = 0.3231
2024-03-17 15:47:41,179 - 5050/20000, perceptual loss = 0.1186, discriminator loss = 0.6276
2024-03-17 15:48:01,994 - 5100/20000, perceptual loss = 0.1153, discriminator loss = 0.4058
2024-03-17 15:48:22,824 - 5150/20000, perceptual loss = 0.1186, discriminator loss = 0.6496
2024-03-17 15:48:43,637 - 5200/20000, perceptual loss = 0.1185, discriminator loss = 0.9140
2024-03-17 15:49:04,445 - 5250/20000, perceptual loss = 0.1195, discriminator loss = 0.5686
2024-03-17 15:49:25,259 - 5300/20000, perceptual loss = 0.1179, discriminator loss = 0.4436
2024-03-17 15:49:46,091 - 5350/20000, perceptual loss = 0.1147, discriminator loss = 0.5959
2024-03-17 15:50:06,924 - 5400/20000, perceptual loss = 0.1232, discriminator loss = 0.5662
2024-03-17 15:50:27,740 - 5450/20000, perceptual loss = 0.1186, discriminator loss = 0.9444
2024-03-17 15:50:48,552 - 5500/20000, perceptual loss = 0.1193, discriminator loss = 0.5214
2024-03-17 15:51:09,376 - 5550/20000, perceptual loss = 0.1190, discriminator loss = 0.6612
2024-03-17 15:51:30,179 - 5600/20000, perceptual loss = 0.1194, discriminator loss = 0.5009
2024-03-17 15:51:51,056 - 5650/20000, perceptual loss = 0.1145, discriminator loss = 0.5264
2024-03-17 15:52:11,987 - 5700/20000, perceptual loss = 0.1184, discriminator loss = 0.5030
2024-03-17 15:52:32,828 - 5750/20000, perceptual loss = 0.1206, discriminator loss = 0.5483
2024-03-17 15:52:53,708 - 5800/20000, perceptual loss = 0.1170, discriminator loss = 0.8353
2024-03-17 15:53:14,672 - 5850/20000, perceptual loss = 0.1194, discriminator loss = 1.0941
2024-03-17 15:53:35,614 - 5900/20000, perceptual loss = 0.1163, discriminator loss = 0.4964
2024-03-17 15:53:56,547 - 5950/20000, perceptual loss = 0.1144, discriminator loss = 0.4900
2024-03-17 15:54:17,484 - 6000/20000, perceptual loss = 0.1198, discriminator loss = 0.3977
2024-03-17 15:54:38,399 - 6050/20000, perceptual loss = 0.1188, discriminator loss = 0.3476
2024-03-17 15:54:59,209 - 6100/20000, perceptual loss = 0.1195, discriminator loss = 0.4347
2024-03-17 15:55:20,024 - 6150/20000, perceptual loss = 0.1125, discriminator loss = 0.4827
2024-03-17 15:55:40,830 - 6200/20000, perceptual loss = 0.1199, discriminator loss = 0.4722
2024-03-17 15:56:01,646 - 6250/20000, perceptual loss = 0.1139, discriminator loss = 0.7063
2024-03-17 15:56:22,465 - 6300/20000, perceptual loss = 0.1164, discriminator loss = 0.5182
2024-03-17 15:56:43,240 - 6350/20000, perceptual loss = 0.1154, discriminator loss = 0.4357
2024-03-17 15:57:04,059 - 6400/20000, perceptual loss = 0.1161, discriminator loss = 0.5109
2024-03-17 15:57:24,908 - 6450/20000, perceptual loss = 0.1122, discriminator loss = 0.6311
2024-03-17 15:57:45,751 - 6500/20000, perceptual loss = 0.1159, discriminator loss = 0.3281
2024-03-17 15:58:06,530 - 6550/20000, perceptual loss = 0.1175, discriminator loss = 0.5610
2024-03-17 15:58:27,371 - 6600/20000, perceptual loss = 0.1161, discriminator loss = 0.4934
2024-03-17 15:58:48,223 - 6650/20000, perceptual loss = 0.1156, discriminator loss = 0.2585
2024-03-17 15:59:09,000 - 6700/20000, perceptual loss = 0.1202, discriminator loss = 0.4162
2024-03-17 15:59:29,825 - 6750/20000, perceptual loss = 0.1159, discriminator loss = 0.5931
2024-03-17 15:59:50,631 - 6800/20000, perceptual loss = 0.1163, discriminator loss = 0.6875
2024-03-17 16:00:11,477 - 6850/20000, perceptual loss = 0.1145, discriminator loss = 0.7699
2024-03-17 16:00:32,260 - 6900/20000, perceptual loss = 0.1108, discriminator loss = 0.7339
2024-03-17 16:00:53,088 - 6950/20000, perceptual loss = 0.1149, discriminator loss = 0.3560
2024-03-17 16:01:13,885 - 7000/20000, perceptual loss = 0.1159, discriminator loss = 0.4130
2024-03-17 16:01:34,689 - 7050/20000, perceptual loss = 0.1172, discriminator loss = 0.5066
2024-03-17 16:01:55,493 - 7100/20000, perceptual loss = 0.1158, discriminator loss = 0.5406
2024-03-17 16:02:16,294 - 7150/20000, perceptual loss = 0.1152, discriminator loss = 0.4006
2024-03-17 16:02:37,130 - 7200/20000, perceptual loss = 0.1155, discriminator loss = 0.4186
2024-03-17 16:02:57,947 - 7250/20000, perceptual loss = 0.1148, discriminator loss = 0.4561
2024-03-17 16:03:18,753 - 7300/20000, perceptual loss = 0.1200, discriminator loss = 0.4727
2024-03-17 16:03:39,541 - 7350/20000, perceptual loss = 0.1164, discriminator loss = 0.4725
2024-03-17 16:04:00,371 - 7400/20000, perceptual loss = 0.1121, discriminator loss = 0.3870
2024-03-17 16:04:21,185 - 7450/20000, perceptual loss = 0.1181, discriminator loss = 0.4379
2024-03-17 16:04:41,987 - 7500/20000, perceptual loss = 0.1185, discriminator loss = 0.7301
2024-03-17 16:05:02,792 - 7550/20000, perceptual loss = 0.1160, discriminator loss = 0.4484
2024-03-17 16:05:23,609 - 7600/20000, perceptual loss = 0.1157, discriminator loss = 0.2756
2024-03-17 16:05:44,398 - 7650/20000, perceptual loss = 0.1214, discriminator loss = 0.6220
2024-03-17 16:06:05,235 - 7700/20000, perceptual loss = 0.1171, discriminator loss = 0.3364
2024-03-17 16:06:26,075 - 7750/20000, perceptual loss = 0.1193, discriminator loss = 0.4445
2024-03-17 16:06:46,856 - 7800/20000, perceptual loss = 0.1150, discriminator loss = 0.4410
2024-03-17 16:07:07,622 - 7850/20000, perceptual loss = 0.1212, discriminator loss = 0.4621
2024-03-17 16:07:28,397 - 7900/20000, perceptual loss = 0.1173, discriminator loss = 0.4738
2024-03-17 16:07:49,174 - 7950/20000, perceptual loss = 0.1183, discriminator loss = 0.4858
2024-03-17 16:08:09,974 - 8000/20000, perceptual loss = 0.1168, discriminator loss = 0.5351
2024-03-17 16:08:30,741 - 8050/20000, perceptual loss = 0.1153, discriminator loss = 0.4466
2024-03-17 16:08:51,517 - 8100/20000, perceptual loss = 0.1155, discriminator loss = 0.6215
2024-03-17 16:09:12,276 - 8150/20000, perceptual loss = 0.1125, discriminator loss = 0.4004
2024-03-17 16:09:33,134 - 8200/20000, perceptual loss = 0.1145, discriminator loss = 0.3578
2024-03-17 16:09:53,912 - 8250/20000, perceptual loss = 0.1157, discriminator loss = 0.5480
2024-03-17 16:10:14,702 - 8300/20000, perceptual loss = 0.1148, discriminator loss = 0.5202
2024-03-17 16:10:35,449 - 8350/20000, perceptual loss = 0.1135, discriminator loss = 0.5570
2024-03-17 16:10:56,217 - 8400/20000, perceptual loss = 0.1154, discriminator loss = 0.4441
2024-03-17 16:11:16,964 - 8450/20000, perceptual loss = 0.1172, discriminator loss = 0.1986
2024-03-17 16:11:37,703 - 8500/20000, perceptual loss = 0.1156, discriminator loss = 0.4430
2024-03-17 16:11:58,522 - 8550/20000, perceptual loss = 0.1140, discriminator loss = 0.3254
2024-03-17 16:12:19,372 - 8600/20000, perceptual loss = 0.1162, discriminator loss = 0.5344
2024-03-17 16:12:40,210 - 8650/20000, perceptual loss = 0.1126, discriminator loss = 0.5192
2024-03-17 16:13:01,041 - 8700/20000, perceptual loss = 0.1133, discriminator loss = 0.4709
2024-03-17 16:13:21,846 - 8750/20000, perceptual loss = 0.1153, discriminator loss = 0.5556
2024-03-17 16:13:42,661 - 8800/20000, perceptual loss = 0.1151, discriminator loss = 0.5249
2024-03-17 16:14:03,468 - 8850/20000, perceptual loss = 0.1153, discriminator loss = 0.2108
2024-03-17 16:14:24,316 - 8900/20000, perceptual loss = 0.1174, discriminator loss = 0.9061
2024-03-17 16:14:45,108 - 8950/20000, perceptual loss = 0.1121, discriminator loss = 0.2663
2024-03-17 16:15:05,899 - 9000/20000, perceptual loss = 0.1122, discriminator loss = 0.4058
2024-03-17 16:15:26,700 - 9050/20000, perceptual loss = 0.1154, discriminator loss = 0.3498
2024-03-17 16:15:47,443 - 9100/20000, perceptual loss = 0.1155, discriminator loss = 0.6365
2024-03-17 16:16:08,229 - 9150/20000, perceptual loss = 0.1122, discriminator loss = 0.3436
2024-03-17 16:16:29,016 - 9200/20000, perceptual loss = 0.1134, discriminator loss = 0.4137
2024-03-17 16:16:49,821 - 9250/20000, perceptual loss = 0.1128, discriminator loss = 0.4904
2024-03-17 16:17:10,565 - 9300/20000, perceptual loss = 0.1124, discriminator loss = 0.3166
2024-03-17 16:17:31,314 - 9350/20000, perceptual loss = 0.1166, discriminator loss = 0.5928
2024-03-17 16:17:52,073 - 9400/20000, perceptual loss = 0.1118, discriminator loss = 0.4110
2024-03-17 16:18:12,827 - 9450/20000, perceptual loss = 0.1095, discriminator loss = 0.5268
2024-03-17 16:18:33,604 - 9500/20000, perceptual loss = 0.1160, discriminator loss = 0.1794
2024-03-17 16:18:54,362 - 9550/20000, perceptual loss = 0.1154, discriminator loss = 0.2167
2024-03-17 16:19:15,126 - 9600/20000, perceptual loss = 0.1157, discriminator loss = 0.1987
2024-03-17 16:19:35,903 - 9650/20000, perceptual loss = 0.1139, discriminator loss = 0.2854
2024-03-17 16:19:56,643 - 9700/20000, perceptual loss = 0.1176, discriminator loss = 0.5431
2024-03-17 16:20:17,434 - 9750/20000, perceptual loss = 0.1135, discriminator loss = 0.2772
2024-03-17 16:20:38,186 - 9800/20000, perceptual loss = 0.1174, discriminator loss = 0.5382
2024-03-17 16:20:58,947 - 9850/20000, perceptual loss = 0.1163, discriminator loss = 0.3647
2024-03-17 16:21:19,692 - 9900/20000, perceptual loss = 0.1139, discriminator loss = 0.2360
2024-03-17 16:21:40,507 - 9950/20000, perceptual loss = 0.1144, discriminator loss = 0.3177
2024-03-17 16:22:01,283 - 10000/20000, perceptual loss = 0.1152, discriminator loss = 0.3724
2024-03-17 16:22:22,051 - 10050/20000, perceptual loss = 0.1097, discriminator loss = 0.3813
2024-03-17 16:22:42,847 - 10100/20000, perceptual loss = 0.1148, discriminator loss = 0.3330
2024-03-17 16:23:03,603 - 10150/20000, perceptual loss = 0.1148, discriminator loss = 0.6043
2024-03-17 16:23:24,373 - 10200/20000, perceptual loss = 0.1129, discriminator loss = 0.3503
2024-03-17 16:23:45,160 - 10250/20000, perceptual loss = 0.1159, discriminator loss = 0.2850
2024-03-17 16:24:05,929 - 10300/20000, perceptual loss = 0.1146, discriminator loss = 0.4116
2024-03-17 16:24:26,701 - 10350/20000, perceptual loss = 0.1108, discriminator loss = 0.2996
2024-03-17 16:24:47,466 - 10400/20000, perceptual loss = 0.1117, discriminator loss = 0.2768
2024-03-17 16:25:08,248 - 10450/20000, perceptual loss = 0.1152, discriminator loss = 0.6749
2024-03-17 16:25:29,000 - 10500/20000, perceptual loss = 0.1139, discriminator loss = 0.4940
2024-03-17 16:25:49,778 - 10550/20000, perceptual loss = 0.1087, discriminator loss = 0.3148
2024-03-17 16:26:10,567 - 10600/20000, perceptual loss = 0.1097, discriminator loss = 0.3591
2024-03-17 16:26:31,317 - 10650/20000, perceptual loss = 0.1091, discriminator loss = 0.5400
2024-03-17 16:26:52,083 - 10700/20000, perceptual loss = 0.1128, discriminator loss = 0.3934
2024-03-17 16:27:12,863 - 10750/20000, perceptual loss = 0.1119, discriminator loss = 0.2850
2024-03-17 16:27:33,634 - 10800/20000, perceptual loss = 0.1145, discriminator loss = 0.3572
2024-03-17 16:27:54,396 - 10850/20000, perceptual loss = 0.1117, discriminator loss = 0.4298
2024-03-17 16:28:15,201 - 10900/20000, perceptual loss = 0.1134, discriminator loss = 0.2625
2024-03-17 16:28:35,958 - 10950/20000, perceptual loss = 0.1144, discriminator loss = 0.4479
2024-03-17 16:28:56,749 - 11000/20000, perceptual loss = 0.1146, discriminator loss = 0.4894
2024-03-17 16:29:17,533 - 11050/20000, perceptual loss = 0.1121, discriminator loss = 0.2355
2024-03-17 16:29:38,296 - 11100/20000, perceptual loss = 0.1177, discriminator loss = 0.3085
2024-03-17 16:29:59,046 - 11150/20000, perceptual loss = 0.1181, discriminator loss = 0.4122
2024-03-17 16:30:19,832 - 11200/20000, perceptual loss = 0.1125, discriminator loss = 0.6231
2024-03-17 16:30:40,600 - 11250/20000, perceptual loss = 0.1103, discriminator loss = 0.6390
2024-03-17 16:31:01,381 - 11300/20000, perceptual loss = 0.1138, discriminator loss = 0.3039
2024-03-17 16:31:22,165 - 11350/20000, perceptual loss = 0.1149, discriminator loss = 0.2974
2024-03-17 16:31:42,922 - 11400/20000, perceptual loss = 0.1160, discriminator loss = 0.3186
2024-03-17 16:32:03,680 - 11450/20000, perceptual loss = 0.1132, discriminator loss = 0.4972
2024-03-17 16:32:24,461 - 11500/20000, perceptual loss = 0.1157, discriminator loss = 0.2673
2024-03-17 16:32:45,251 - 11550/20000, perceptual loss = 0.1160, discriminator loss = 0.3339
2024-03-17 16:33:06,030 - 11600/20000, perceptual loss = 0.1166, discriminator loss = 0.4854
2024-03-17 16:33:26,804 - 11650/20000, perceptual loss = 0.1153, discriminator loss = 0.5311
2024-03-17 16:33:47,553 - 11700/20000, perceptual loss = 0.1098, discriminator loss = 0.4019
2024-03-17 16:34:08,323 - 11750/20000, perceptual loss = 0.1130, discriminator loss = 0.3621
2024-03-17 16:34:29,079 - 11800/20000, perceptual loss = 0.1190, discriminator loss = 0.7466
2024-03-17 16:34:49,883 - 11850/20000, perceptual loss = 0.1106, discriminator loss = 0.4202
2024-03-17 16:35:10,647 - 11900/20000, perceptual loss = 0.1161, discriminator loss = 0.2592
2024-03-17 16:35:31,415 - 11950/20000, perceptual loss = 0.1132, discriminator loss = 0.3626
2024-03-17 16:35:52,176 - 12000/20000, perceptual loss = 0.1132, discriminator loss = 0.2269
2024-03-17 16:36:12,944 - 12050/20000, perceptual loss = 0.1123, discriminator loss = 0.4595
2024-03-17 16:36:33,696 - 12100/20000, perceptual loss = 0.1122, discriminator loss = 0.8026
2024-03-17 16:36:54,458 - 12150/20000, perceptual loss = 0.1094, discriminator loss = 0.2751
2024-03-17 16:37:15,231 - 12200/20000, perceptual loss = 0.1144, discriminator loss = 0.2166
2024-03-17 16:37:35,994 - 12250/20000, perceptual loss = 0.1166, discriminator loss = 0.4791
2024-03-17 16:37:56,776 - 12300/20000, perceptual loss = 0.1095, discriminator loss = 0.5011
2024-03-17 16:38:17,535 - 12350/20000, perceptual loss = 0.1119, discriminator loss = 0.5551
2024-03-17 16:38:38,281 - 12400/20000, perceptual loss = 0.1097, discriminator loss = 0.2511
2024-03-17 16:38:59,066 - 12450/20000, perceptual loss = 0.1146, discriminator loss = 0.2402
2024-03-17 16:39:19,835 - 12500/20000, perceptual loss = 0.1143, discriminator loss = 0.8927
2024-03-17 16:39:40,625 - 12550/20000, perceptual loss = 0.1117, discriminator loss = 0.2641
2024-03-17 16:40:01,421 - 12600/20000, perceptual loss = 0.1155, discriminator loss = 0.4237
2024-03-17 16:40:22,197 - 12650/20000, perceptual loss = 0.1127, discriminator loss = 0.2997
2024-03-17 16:40:43,029 - 12700/20000, perceptual loss = 0.1118, discriminator loss = 0.5148
2024-03-17 16:41:03,804 - 12750/20000, perceptual loss = 0.1112, discriminator loss = 0.3370
2024-03-17 16:41:24,635 - 12800/20000, perceptual loss = 0.1117, discriminator loss = 0.2776
2024-03-17 16:41:45,437 - 12850/20000, perceptual loss = 0.1159, discriminator loss = 0.2305
2024-03-17 16:42:06,238 - 12900/20000, perceptual loss = 0.1124, discriminator loss = 0.3459
2024-03-17 16:42:27,076 - 12950/20000, perceptual loss = 0.1107, discriminator loss = 0.4916
2024-03-17 16:42:47,897 - 13000/20000, perceptual loss = 0.1140, discriminator loss = 0.2313
2024-03-17 16:43:08,751 - 13050/20000, perceptual loss = 0.1134, discriminator loss = 0.2571
2024-03-17 16:43:29,560 - 13100/20000, perceptual loss = 0.1143, discriminator loss = 0.3294
2024-03-17 16:43:50,397 - 13150/20000, perceptual loss = 0.1123, discriminator loss = 0.7064
2024-03-17 16:44:11,221 - 13200/20000, perceptual loss = 0.1134, discriminator loss = 0.3673
2024-03-17 16:44:32,020 - 13250/20000, perceptual loss = 0.1092, discriminator loss = 0.4625
2024-03-17 16:44:52,838 - 13300/20000, perceptual loss = 0.1141, discriminator loss = 0.2631
2024-03-17 16:45:13,647 - 13350/20000, perceptual loss = 0.1153, discriminator loss = 0.4188
2024-03-17 16:45:34,468 - 13400/20000, perceptual loss = 0.1119, discriminator loss = 0.7286
2024-03-17 16:45:55,310 - 13450/20000, perceptual loss = 0.1119, discriminator loss = 0.3146
2024-03-17 16:46:16,111 - 13500/20000, perceptual loss = 0.1120, discriminator loss = 0.4565
2024-03-17 16:46:36,943 - 13550/20000, perceptual loss = 0.1101, discriminator loss = 0.3821
2024-03-17 16:46:57,761 - 13600/20000, perceptual loss = 0.1119, discriminator loss = 0.3389
2024-03-17 16:47:18,544 - 13650/20000, perceptual loss = 0.1088, discriminator loss = 0.3077
2024-03-17 16:47:39,388 - 13700/20000, perceptual loss = 0.1107, discriminator loss = 0.2810
2024-03-17 16:48:00,202 - 13750/20000, perceptual loss = 0.1161, discriminator loss = 0.4764
2024-03-17 16:48:21,036 - 13800/20000, perceptual loss = 0.1106, discriminator loss = 0.4019
2024-03-17 16:48:41,830 - 13850/20000, perceptual loss = 0.1157, discriminator loss = 0.4380
2024-03-17 16:49:02,676 - 13900/20000, perceptual loss = 0.1079, discriminator loss = 0.2983
2024-03-17 16:49:23,493 - 13950/20000, perceptual loss = 0.1114, discriminator loss = 0.3360
2024-03-17 16:49:44,371 - 14000/20000, perceptual loss = 0.1141, discriminator loss = 0.4315
2024-03-17 16:50:05,204 - 14050/20000, perceptual loss = 0.1122, discriminator loss = 0.3350
2024-03-17 16:50:26,082 - 14100/20000, perceptual loss = 0.1137, discriminator loss = 0.3344
2024-03-17 16:50:46,918 - 14150/20000, perceptual loss = 0.1073, discriminator loss = 0.4027
2024-03-17 16:51:07,714 - 14200/20000, perceptual loss = 0.1119, discriminator loss = 0.4417
2024-03-17 16:51:28,530 - 14250/20000, perceptual loss = 0.1127, discriminator loss = 0.5502
2024-03-17 16:51:49,324 - 14300/20000, perceptual loss = 0.1123, discriminator loss = 0.4853
2024-03-17 16:52:10,136 - 14350/20000, perceptual loss = 0.1136, discriminator loss = 0.3290
2024-03-17 16:52:30,953 - 14400/20000, perceptual loss = 0.1094, discriminator loss = 0.2329
2024-03-17 16:52:51,782 - 14450/20000, perceptual loss = 0.1130, discriminator loss = 0.4908
2024-03-17 16:53:12,581 - 14500/20000, perceptual loss = 0.1140, discriminator loss = 0.2346
2024-03-17 16:53:33,379 - 14550/20000, perceptual loss = 0.1103, discriminator loss = 0.3511
2024-03-17 16:53:54,221 - 14600/20000, perceptual loss = 0.1097, discriminator loss = 0.3772
2024-03-17 16:54:15,007 - 14650/20000, perceptual loss = 0.1112, discriminator loss = 0.2139
2024-03-17 16:54:35,814 - 14700/20000, perceptual loss = 0.1154, discriminator loss = 0.3554
2024-03-17 16:54:56,624 - 14750/20000, perceptual loss = 0.1090, discriminator loss = 0.5908
2024-03-17 16:55:17,436 - 14800/20000, perceptual loss = 0.1112, discriminator loss = 0.3113
2024-03-17 16:55:38,263 - 14850/20000, perceptual loss = 0.1101, discriminator loss = 0.4269
2024-03-17 16:55:59,065 - 14900/20000, perceptual loss = 0.1138, discriminator loss = 0.3850
2024-03-17 16:56:19,907 - 14950/20000, perceptual loss = 0.1106, discriminator loss = 0.2173
2024-03-17 16:56:40,693 - 15000/20000, perceptual loss = 0.1140, discriminator loss = 0.5093
2024-03-17 16:57:01,511 - 15050/20000, perceptual loss = 0.1134, discriminator loss = 0.3973
2024-03-17 16:57:22,350 - 15100/20000, perceptual loss = 0.1077, discriminator loss = 0.1837
2024-03-17 16:57:43,139 - 15150/20000, perceptual loss = 0.1126, discriminator loss = 0.2014
2024-03-17 16:58:03,996 - 15200/20000, perceptual loss = 0.1103, discriminator loss = 0.3649
2024-03-17 16:58:24,803 - 15250/20000, perceptual loss = 0.1125, discriminator loss = 0.3459
2024-03-17 16:58:45,591 - 15300/20000, perceptual loss = 0.1109, discriminator loss = 0.3154
2024-03-17 16:59:06,403 - 15350/20000, perceptual loss = 0.1154, discriminator loss = 0.4338
2024-03-17 16:59:27,214 - 15400/20000, perceptual loss = 0.1113, discriminator loss = 0.3341
2024-03-17 16:59:48,042 - 15450/20000, perceptual loss = 0.1133, discriminator loss = 0.4062
2024-03-17 17:00:08,836 - 15500/20000, perceptual loss = 0.1079, discriminator loss = 0.3574
2024-03-17 17:00:29,661 - 15550/20000, perceptual loss = 0.1073, discriminator loss = 0.1924
2024-03-17 17:00:50,479 - 15600/20000, perceptual loss = 0.1118, discriminator loss = 0.4251
2024-03-17 17:01:11,286 - 15650/20000, perceptual loss = 0.1112, discriminator loss = 0.3687
2024-03-17 17:01:32,123 - 15700/20000, perceptual loss = 0.1105, discriminator loss = 0.1990
2024-03-17 17:01:52,901 - 15750/20000, perceptual loss = 0.1115, discriminator loss = 0.5657
2024-03-17 17:02:13,743 - 15800/20000, perceptual loss = 0.1119, discriminator loss = 0.5211
2024-03-17 17:02:34,530 - 15850/20000, perceptual loss = 0.1059, discriminator loss = 0.3271
2024-03-17 17:02:55,344 - 15900/20000, perceptual loss = 0.1117, discriminator loss = 0.2991
2024-03-17 17:03:16,172 - 15950/20000, perceptual loss = 0.1119, discriminator loss = 0.4756
2024-03-17 17:03:36,964 - 16000/20000, perceptual loss = 0.1105, discriminator loss = 0.2688
2024-03-17 17:03:57,801 - 16050/20000, perceptual loss = 0.1079, discriminator loss = 0.2542
2024-03-17 17:04:18,620 - 16100/20000, perceptual loss = 0.1107, discriminator loss = 0.2712
2024-03-17 17:04:39,438 - 16150/20000, perceptual loss = 0.1135, discriminator loss = 0.3416
2024-03-17 17:05:00,253 - 16200/20000, perceptual loss = 0.1110, discriminator loss = 0.5201
2024-03-17 17:05:21,096 - 16250/20000, perceptual loss = 0.1099, discriminator loss = 0.3510
2024-03-17 17:05:41,917 - 16300/20000, perceptual loss = 0.1126, discriminator loss = 0.2857
2024-03-17 17:06:02,720 - 16350/20000, perceptual loss = 0.1116, discriminator loss = 0.1913
2024-03-17 17:06:23,570 - 16400/20000, perceptual loss = 0.1125, discriminator loss = 0.6090
2024-03-17 17:06:44,395 - 16450/20000, perceptual loss = 0.1075, discriminator loss = 0.6041
2024-03-17 17:07:05,187 - 16500/20000, perceptual loss = 0.1086, discriminator loss = 0.5922
2024-03-17 17:07:26,082 - 16550/20000, perceptual loss = 0.1089, discriminator loss = 0.3861
2024-03-17 17:07:46,908 - 16600/20000, perceptual loss = 0.1088, discriminator loss = 0.4839
2024-03-17 17:08:07,723 - 16650/20000, perceptual loss = 0.1110, discriminator loss = 0.1404
2024-03-17 17:08:28,549 - 16700/20000, perceptual loss = 0.1115, discriminator loss = 0.2515
2024-03-17 17:08:49,387 - 16750/20000, perceptual loss = 0.1066, discriminator loss = 0.4593
2024-03-17 17:09:10,225 - 16800/20000, perceptual loss = 0.1086, discriminator loss = 0.3732
2024-03-17 17:09:31,065 - 16850/20000, perceptual loss = 0.1119, discriminator loss = 0.4703
2024-03-17 17:09:51,866 - 16900/20000, perceptual loss = 0.1109, discriminator loss = 0.2064
2024-03-17 17:10:12,693 - 16950/20000, perceptual loss = 0.1124, discriminator loss = 0.1671
2024-03-17 17:10:33,539 - 17000/20000, perceptual loss = 0.1064, discriminator loss = 0.4660
2024-03-17 17:10:54,347 - 17050/20000, perceptual loss = 0.1130, discriminator loss = 0.2923
2024-03-17 17:11:15,181 - 17100/20000, perceptual loss = 0.1107, discriminator loss = 0.2494
2024-03-17 17:11:35,999 - 17150/20000, perceptual loss = 0.1080, discriminator loss = 0.3241
2024-03-17 17:11:56,808 - 17200/20000, perceptual loss = 0.1099, discriminator loss = 0.4536
2024-03-17 17:12:17,634 - 17250/20000, perceptual loss = 0.1100, discriminator loss = 0.2701
2024-03-17 17:12:38,447 - 17300/20000, perceptual loss = 0.1093, discriminator loss = 0.2888
2024-03-17 17:12:59,259 - 17350/20000, perceptual loss = 0.1105, discriminator loss = 0.3201
2024-03-17 17:13:20,065 - 17400/20000, perceptual loss = 0.1103, discriminator loss = 0.3810
2024-03-17 17:13:40,880 - 17450/20000, perceptual loss = 0.1092, discriminator loss = 0.3418
2024-03-17 17:14:01,707 - 17500/20000, perceptual loss = 0.1118, discriminator loss = 0.4252
2024-03-17 17:14:22,528 - 17550/20000, perceptual loss = 0.1100, discriminator loss = 0.6620
2024-03-17 17:14:43,324 - 17600/20000, perceptual loss = 0.1114, discriminator loss = 0.4247
2024-03-17 17:15:04,158 - 17650/20000, perceptual loss = 0.1060, discriminator loss = 0.2095
2024-03-17 17:15:24,983 - 17700/20000, perceptual loss = 0.1074, discriminator loss = 0.3774
2024-03-17 17:15:45,803 - 17750/20000, perceptual loss = 0.1102, discriminator loss = 0.0924
2024-03-17 17:16:06,610 - 17800/20000, perceptual loss = 0.1083, discriminator loss = 0.4120
2024-03-17 17:16:27,407 - 17850/20000, perceptual loss = 0.1083, discriminator loss = 0.2523
2024-03-17 17:16:48,208 - 17900/20000, perceptual loss = 0.1117, discriminator loss = 0.2213
2024-03-17 17:17:09,052 - 17950/20000, perceptual loss = 0.1140, discriminator loss = 0.4826
2024-03-17 17:17:29,837 - 18000/20000, perceptual loss = 0.1106, discriminator loss = 0.4662
2024-03-17 17:17:50,658 - 18050/20000, perceptual loss = 0.1067, discriminator loss = 0.2573
2024-03-17 17:18:11,486 - 18100/20000, perceptual loss = 0.1096, discriminator loss = 0.1946
2024-03-17 17:18:32,398 - 18150/20000, perceptual loss = 0.1098, discriminator loss = 0.3561
2024-03-17 17:18:53,280 - 18200/20000, perceptual loss = 0.1100, discriminator loss = 0.2927
2024-03-17 17:19:14,169 - 18250/20000, perceptual loss = 0.1118, discriminator loss = 0.3218
2024-03-17 17:19:35,083 - 18300/20000, perceptual loss = 0.1117, discriminator loss = 0.4779
2024-03-17 17:19:55,963 - 18350/20000, perceptual loss = 0.1124, discriminator loss = 0.3085
2024-03-17 17:20:16,869 - 18400/20000, perceptual loss = 0.1120, discriminator loss = 0.3729
2024-03-17 17:20:37,763 - 18450/20000, perceptual loss = 0.1094, discriminator loss = 0.3086
2024-03-17 17:20:58,514 - 18500/20000, perceptual loss = 0.1069, discriminator loss = 0.4589
2024-03-17 17:21:19,352 - 18550/20000, perceptual loss = 0.1073, discriminator loss = 0.3512
2024-03-17 17:21:40,132 - 18600/20000, perceptual loss = 0.1101, discriminator loss = 0.3187
2024-03-17 17:22:00,964 - 18650/20000, perceptual loss = 0.1073, discriminator loss = 0.4233
2024-03-17 17:22:21,796 - 18700/20000, perceptual loss = 0.1091, discriminator loss = 0.3913
2024-03-17 17:22:42,640 - 18750/20000, perceptual loss = 0.1085, discriminator loss = 0.7442
2024-03-17 17:23:03,468 - 18800/20000, perceptual loss = 0.1087, discriminator loss = 0.1931
2024-03-17 17:23:24,278 - 18850/20000, perceptual loss = 0.1099, discriminator loss = 0.2973
2024-03-17 17:23:45,078 - 18900/20000, perceptual loss = 0.1090, discriminator loss = 0.3571
2024-03-17 17:24:05,904 - 18950/20000, perceptual loss = 0.1118, discriminator loss = 0.5235
2024-03-17 17:24:26,738 - 19000/20000, perceptual loss = 0.1111, discriminator loss = 0.5783
2024-03-17 17:24:47,520 - 19050/20000, perceptual loss = 0.1082, discriminator loss = 0.2046
2024-03-17 17:25:08,339 - 19100/20000, perceptual loss = 0.1093, discriminator loss = 0.2112
2024-03-17 17:25:29,148 - 19150/20000, perceptual loss = 0.1113, discriminator loss = 0.4205
2024-03-17 17:25:49,956 - 19200/20000, perceptual loss = 0.1080, discriminator loss = 0.4044
2024-03-17 17:26:10,767 - 19250/20000, perceptual loss = 0.1089, discriminator loss = 0.2571
2024-03-17 17:26:31,586 - 19300/20000, perceptual loss = 0.1096, discriminator loss = 0.3650
2024-03-17 17:26:52,382 - 19350/20000, perceptual loss = 0.1068, discriminator loss = 0.5236
2024-03-17 17:27:13,206 - 19400/20000, perceptual loss = 0.1117, discriminator loss = 0.2780
2024-03-17 17:27:34,024 - 19450/20000, perceptual loss = 0.1096, discriminator loss = 0.1315
2024-03-17 17:27:54,847 - 19500/20000, perceptual loss = 0.1122, discriminator loss = 0.2992
2024-03-17 17:28:15,641 - 19550/20000, perceptual loss = 0.1110, discriminator loss = 0.3562
2024-03-17 17:28:36,489 - 19600/20000, perceptual loss = 0.1102, discriminator loss = 0.3114
2024-03-17 17:28:57,271 - 19650/20000, perceptual loss = 0.1094, discriminator loss = 0.4586
2024-03-17 17:29:18,084 - 19700/20000, perceptual loss = 0.1077, discriminator loss = 0.6321
2024-03-17 17:29:38,905 - 19750/20000, perceptual loss = 0.1060, discriminator loss = 0.3172
2024-03-17 17:29:59,730 - 19800/20000, perceptual loss = 0.1102, discriminator loss = 0.2205
2024-03-17 17:30:20,560 - 19850/20000, perceptual loss = 0.1108, discriminator loss = 0.3377
2024-03-17 17:30:41,359 - 19900/20000, perceptual loss = 0.1078, discriminator loss = 0.3177
2024-03-17 17:31:02,187 - 19950/20000, perceptual loss = 0.1092, discriminator loss = 0.6860
2024-03-17 17:31:23,003 - 20000/20000, perceptual loss = 0.1046, discriminator loss = 0.2183
2024-03-17 17:31:24,032 - Training finished
2024-03-17 22:25:57,607 - 1/100, PSNR: 21.495201110839844
2024-03-17 22:25:57,769 - 2/100, PSNR: 25.85235595703125
2024-03-17 22:26:00,882 - 3/100, PSNR: 26.093135833740234
2024-03-17 22:26:03,391 - 4/100, PSNR: 20.48329734802246
2024-03-17 22:26:03,571 - 5/100, PSNR: 22.59723663330078
2024-03-17 22:26:03,732 - 6/100, PSNR: 21.65504264831543
2024-03-17 22:26:06,092 - 7/100, PSNR: 15.894876480102539
2024-03-17 22:26:06,274 - 8/100, PSNR: 20.444002151489258
2024-03-17 22:26:06,435 - 9/100, PSNR: 24.42971420288086
2024-03-17 22:26:06,616 - 10/100, PSNR: 21.23365592956543
2024-03-17 22:26:06,776 - 11/100, PSNR: 21.362558364868164
2024-03-17 22:26:06,957 - 12/100, PSNR: 20.031991958618164
2024-03-17 22:26:09,954 - 13/100, PSNR: 22.949186325073242
2024-03-17 22:26:10,139 - 14/100, PSNR: 21.860187530517578
2024-03-17 22:26:10,302 - 15/100, PSNR: 24.78152847290039
2024-03-17 22:26:10,463 - 16/100, PSNR: 24.615739822387695
2024-03-17 22:26:10,643 - 17/100, PSNR: 22.2221622467041
2024-03-17 22:26:10,823 - 18/100, PSNR: 20.770971298217773
2024-03-17 22:26:11,005 - 19/100, PSNR: 21.476789474487305
2024-03-17 22:26:11,166 - 20/100, PSNR: 15.80882453918457
2024-03-17 22:26:11,327 - 21/100, PSNR: 17.9058837890625
2024-03-17 22:26:14,597 - 22/100, PSNR: 21.64838409423828
2024-03-17 22:26:17,304 - 23/100, PSNR: 20.010446548461914
2024-03-17 22:26:17,466 - 24/100, PSNR: 20.310396194458008
2024-03-17 22:26:17,627 - 25/100, PSNR: 19.595327377319336
2024-03-17 22:26:17,835 - 26/100, PSNR: 18.91598892211914
2024-03-17 22:26:18,015 - 27/100, PSNR: 25.4586124420166
2024-03-17 22:26:18,177 - 28/100, PSNR: 12.824732780456543
2024-03-17 22:26:18,338 - 29/100, PSNR: 23.217456817626953
2024-03-17 22:26:20,078 - 30/100, PSNR: 19.859193801879883
2024-03-17 22:26:20,238 - 31/100, PSNR: 21.12452507019043
2024-03-17 22:26:20,399 - 32/100, PSNR: 21.089534759521484
2024-03-17 22:26:23,575 - 33/100, PSNR: 21.336210250854492
2024-03-17 22:26:23,737 - 34/100, PSNR: 19.782764434814453
2024-03-17 22:26:27,047 - 35/100, PSNR: 17.798574447631836
2024-03-17 22:26:27,238 - 36/100, PSNR: 19.306493759155273
2024-03-17 22:26:27,400 - 37/100, PSNR: 19.437259674072266
2024-03-17 22:26:27,560 - 38/100, PSNR: 29.67544937133789
2024-03-17 22:26:27,721 - 39/100, PSNR: 23.20488929748535
2024-03-17 22:26:27,881 - 40/100, PSNR: 22.589458465576172
2024-03-17 22:26:28,041 - 41/100, PSNR: 21.886547088623047
2024-03-17 22:26:28,221 - 42/100, PSNR: 23.14350700378418
2024-03-17 22:26:28,382 - 43/100, PSNR: 30.478422164916992
2024-03-17 22:26:31,238 - 44/100, PSNR: 26.15030288696289
2024-03-17 22:26:31,400 - 45/100, PSNR: 16.982372283935547
2024-03-17 22:26:34,257 - 46/100, PSNR: 17.670860290527344
2024-03-17 22:26:34,423 - 47/100, PSNR: 20.156024932861328
2024-03-17 22:26:34,604 - 48/100, PSNR: 21.39272689819336
2024-03-17 22:26:34,764 - 49/100, PSNR: 15.875578880310059
2024-03-17 22:26:34,949 - 50/100, PSNR: 22.03286361694336
2024-03-17 22:26:37,747 - 51/100, PSNR: 21.784412384033203
2024-03-17 22:26:40,153 - 52/100, PSNR: 22.670825958251953
2024-03-17 22:26:40,314 - 53/100, PSNR: 23.926959991455078
2024-03-17 22:26:42,618 - 54/100, PSNR: 19.722049713134766
2024-03-17 22:26:46,740 - 55/100, PSNR: 23.414213180541992
2024-03-17 22:26:46,902 - 56/100, PSNR: 19.0872802734375
2024-03-17 22:26:49,852 - 57/100, PSNR: 28.520401000976562
2024-03-17 22:26:50,013 - 58/100, PSNR: 21.205398559570312
2024-03-17 22:26:50,183 - 59/100, PSNR: 19.468957901000977
2024-03-17 22:26:50,367 - 60/100, PSNR: 15.524128913879395
2024-03-17 22:26:50,528 - 61/100, PSNR: 15.883360862731934
2024-03-17 22:26:50,689 - 62/100, PSNR: 26.67664909362793
2024-03-17 22:26:53,763 - 63/100, PSNR: 25.86610984802246
2024-03-17 22:26:53,924 - 64/100, PSNR: 23.101783752441406
2024-03-17 22:26:54,128 - 65/100, PSNR: 22.840856552124023
2024-03-17 22:26:54,294 - 66/100, PSNR: 18.988162994384766
2024-03-17 22:26:54,460 - 67/100, PSNR: 20.661155700683594
2024-03-17 22:26:54,621 - 68/100, PSNR: 22.501113891601562
2024-03-17 22:26:54,787 - 69/100, PSNR: 19.081300735473633
2024-03-17 22:26:58,034 - 70/100, PSNR: 20.73392105102539
2024-03-17 22:26:58,195 - 71/100, PSNR: 23.15426254272461
2024-03-17 22:26:58,356 - 72/100, PSNR: 18.504558563232422
2024-03-17 22:26:58,516 - 73/100, PSNR: 18.52422523498535
2024-03-17 22:26:58,676 - 74/100, PSNR: 23.864492416381836
2024-03-17 22:26:58,879 - 75/100, PSNR: 18.752431869506836
2024-03-17 22:26:59,040 - 76/100, PSNR: 16.77399253845215
2024-03-17 22:26:59,178 - 77/100, PSNR: 28.317611694335938
2024-03-17 22:27:02,738 - 78/100, PSNR: 23.11566162109375
2024-03-17 22:27:06,523 - 79/100, PSNR: 21.19154167175293
2024-03-17 22:27:06,689 - 80/100, PSNR: 24.425159454345703
2024-03-17 22:27:09,336 - 81/100, PSNR: 21.644365310668945
2024-03-17 22:27:09,497 - 82/100, PSNR: 22.720022201538086
2024-03-17 22:27:12,406 - 83/100, PSNR: 19.394338607788086
2024-03-17 22:27:12,567 - 84/100, PSNR: 19.81104850769043
2024-03-17 22:27:12,728 - 85/100, PSNR: 17.054738998413086
2024-03-17 22:27:12,888 - 86/100, PSNR: 25.739013671875
2024-03-17 22:27:13,049 - 87/100, PSNR: 18.5413875579834
2024-03-17 22:27:13,230 - 88/100, PSNR: 21.13103485107422
2024-03-17 22:27:13,391 - 89/100, PSNR: 20.417938232421875
2024-03-17 22:27:13,552 - 90/100, PSNR: 21.378725051879883
2024-03-17 22:27:16,959 - 91/100, PSNR: 18.969120025634766
2024-03-17 22:27:17,112 - 92/100, PSNR: 17.069364547729492
2024-03-17 22:27:17,274 - 93/100, PSNR: 25.06717872619629
2024-03-17 22:27:17,440 - 94/100, PSNR: 23.315753936767578
2024-03-17 22:27:17,593 - 95/100, PSNR: 15.544845581054688
2024-03-17 22:27:17,753 - 96/100, PSNR: 24.38007926940918
2024-03-17 22:27:17,933 - 97/100, PSNR: 15.697876930236816
2024-03-17 22:27:18,093 - 98/100, PSNR: 24.4337158203125
2024-03-17 22:27:18,254 - 99/100, PSNR: 21.29497528076172
2024-03-17 22:27:18,391 - 100/100, PSNR: 18.560264587402344
2024-03-17 22:27:18,442 - PSNR in unknown_x4_valid_dataset: 21.273679733276367
2024-03-17 22:27:19,903 - 1/100, SSIM: 0.5970839246781787
2024-03-17 22:27:21,275 - 2/100, SSIM: 0.9279918738755726
2024-03-17 22:27:22,839 - 3/100, SSIM: 0.9646771411496715
2024-03-17 22:27:24,051 - 4/100, SSIM: 0.6982194201613299
2024-03-17 22:27:25,622 - 5/100, SSIM: 0.6612486535543319
2024-03-17 22:27:26,995 - 6/100, SSIM: 0.7910411093678832
2024-03-17 22:27:28,144 - 7/100, SSIM: 0.5386936404702147
2024-03-17 22:27:29,532 - 8/100, SSIM: 0.7909499924641096
2024-03-17 22:27:30,908 - 9/100, SSIM: 0.8306452117002502
2024-03-17 22:27:32,482 - 10/100, SSIM: 0.682581682852189
2024-03-17 22:27:33,859 - 11/100, SSIM: 0.6624244595994219
2024-03-17 22:27:35,423 - 12/100, SSIM: 0.6384727808451084
2024-03-17 22:27:36,909 - 13/100, SSIM: 0.6694785342201559
2024-03-17 22:27:38,286 - 14/100, SSIM: 0.803480863506128
2024-03-17 22:27:39,685 - 15/100, SSIM: 0.8472107646832141
2024-03-17 22:27:41,054 - 16/100, SSIM: 0.7399891487990917
2024-03-17 22:27:42,646 - 17/100, SSIM: 0.8313258885898682
2024-03-17 22:27:44,199 - 18/100, SSIM: 0.7302344409642593
2024-03-17 22:27:45,569 - 19/100, SSIM: 0.6836737447772948
2024-03-17 22:27:46,963 - 20/100, SSIM: 0.5211611757663103
2024-03-17 22:27:48,338 - 21/100, SSIM: 0.6700052900719282
2024-03-17 22:27:49,988 - 22/100, SSIM: 0.7990911232497862
2024-03-17 22:27:51,293 - 23/100, SSIM: 0.7692216497026115
2024-03-17 22:27:52,673 - 24/100, SSIM: 0.7997330799923317
2024-03-17 22:27:54,051 - 25/100, SSIM: 0.6918371907964365
2024-03-17 22:27:55,607 - 26/100, SSIM: 0.6188121384937931
2024-03-17 22:27:57,188 - 27/100, SSIM: 0.7618086644360939
2024-03-17 22:27:58,560 - 28/100, SSIM: 0.5743730805412862
2024-03-17 22:27:59,935 - 29/100, SSIM: 0.848613997662216
2024-03-17 22:28:00,776 - 30/100, SSIM: 0.661431134099502
2024-03-17 22:28:02,148 - 31/100, SSIM: 0.7604867006616985
2024-03-17 22:28:03,543 - 32/100, SSIM: 0.7030688561754641
2024-03-17 22:28:05,125 - 33/100, SSIM: 0.6535218049846485
2024-03-17 22:28:06,502 - 34/100, SSIM: 0.6729080892685373
2024-03-17 22:28:08,222 - 35/100, SSIM: 0.460439665869464
2024-03-17 22:28:09,779 - 36/100, SSIM: 0.6889587675055163
2024-03-17 22:28:11,150 - 37/100, SSIM: 0.6973563223096931
2024-03-17 22:28:12,535 - 38/100, SSIM: 0.9149044433289739
2024-03-17 22:28:13,913 - 39/100, SSIM: 0.5519108665852342
2024-03-17 22:28:15,301 - 40/100, SSIM: 0.6242631272574428
2024-03-17 22:28:16,677 - 41/100, SSIM: 0.7170635096120047
2024-03-17 22:28:18,070 - 42/100, SSIM: 0.6448431998986339
2024-03-17 22:28:19,451 - 43/100, SSIM: 0.921924586490644
2024-03-17 22:28:20,908 - 44/100, SSIM: 0.9277171339861537
2024-03-17 22:28:22,285 - 45/100, SSIM: 0.48961191245620095
2024-03-17 22:28:23,702 - 46/100, SSIM: 0.585926901875542
2024-03-17 22:28:25,144 - 47/100, SSIM: 0.5932472147581876
2024-03-17 22:28:26,730 - 48/100, SSIM: 0.7728872823306767
2024-03-17 22:28:28,103 - 49/100, SSIM: 0.6396400281737603
2024-03-17 22:28:29,478 - 50/100, SSIM: 0.7398213390899012
2024-03-17 22:28:30,846 - 51/100, SSIM: 0.8540702668217923
2024-03-17 22:28:32,014 - 52/100, SSIM: 0.4261896966790449
2024-03-17 22:28:33,392 - 53/100, SSIM: 0.8624642880571262
2024-03-17 22:28:34,488 - 54/100, SSIM: 0.7380121530080536
2024-03-17 22:28:36,573 - 55/100, SSIM: 0.6612079126526811
2024-03-17 22:28:37,947 - 56/100, SSIM: 0.5501193097992363
2024-03-17 22:28:39,408 - 57/100, SSIM: 0.9456208895207545
2024-03-17 22:28:40,784 - 58/100, SSIM: 0.6018227115912568
2024-03-17 22:28:42,183 - 59/100, SSIM: 0.7359070675844424
2024-03-17 22:28:43,745 - 60/100, SSIM: 0.5222464761647521
2024-03-17 22:28:45,118 - 61/100, SSIM: 0.41505666222855203
2024-03-17 22:28:46,496 - 62/100, SSIM: 0.9288135744185825
2024-03-17 22:28:48,092 - 63/100, SSIM: 0.8155756418225918
2024-03-17 22:28:49,473 - 64/100, SSIM: 0.5998936532649982
2024-03-17 22:28:51,034 - 65/100, SSIM: 0.6993981292775371
2024-03-17 22:28:52,468 - 66/100, SSIM: 0.6732574822289003
2024-03-17 22:28:53,908 - 67/100, SSIM: 0.7607914739160043
2024-03-17 22:28:55,287 - 68/100, SSIM: 0.10360570716369702
2024-03-17 22:28:56,732 - 69/100, SSIM: 0.6581765005128712
2024-03-17 22:28:58,339 - 70/100, SSIM: 0.7409567677303336
2024-03-17 22:28:59,716 - 71/100, SSIM: 0.7952860514785652
2024-03-17 22:29:01,144 - 72/100, SSIM: 0.6045483270767975
2024-03-17 22:29:02,532 - 73/100, SSIM: 0.6565004386834156
2024-03-17 22:29:03,917 - 74/100, SSIM: 0.8565979827730487
2024-03-17 22:29:05,498 - 75/100, SSIM: 0.6218658881466484
2024-03-17 22:29:06,898 - 76/100, SSIM: 0.3297886420401147
2024-03-17 22:29:08,065 - 77/100, SSIM: 0.8901358193030745
2024-03-17 22:29:09,826 - 78/100, SSIM: 0.7119004343696475
2024-03-17 22:29:11,734 - 79/100, SSIM: 0.7504594227137587
2024-03-17 22:29:13,178 - 80/100, SSIM: 0.7746892087547921
2024-03-17 22:29:14,469 - 81/100, SSIM: 0.7438050529687606
2024-03-17 22:29:15,849 - 82/100, SSIM: 0.8819921747998811
2024-03-17 22:29:17,266 - 83/100, SSIM: 0.5368321702069103
2024-03-17 22:29:18,641 - 84/100, SSIM: 0.7623000769285913
2024-03-17 22:29:20,023 - 85/100, SSIM: 0.5150239150765046
2024-03-17 22:29:21,401 - 86/100, SSIM: 0.8740845605043464
2024-03-17 22:29:22,783 - 87/100, SSIM: 0.6893721263668232
2024-03-17 22:29:24,167 - 88/100, SSIM: 0.7711321360494974
2024-03-17 22:29:25,551 - 89/100, SSIM: 0.8434868349607977
2024-03-17 22:29:26,956 - 90/100, SSIM: 0.7094380823829737
2024-03-17 22:29:28,732 - 91/100, SSIM: 0.7024968948909317
2024-03-17 22:29:30,043 - 92/100, SSIM: 0.6984039390739653
2024-03-17 22:29:31,419 - 93/100, SSIM: 0.7812856180059301
2024-03-17 22:29:32,860 - 94/100, SSIM: 0.7954328821628419
2024-03-17 22:29:34,172 - 95/100, SSIM: 0.3696961350503022
2024-03-17 22:29:35,547 - 96/100, SSIM: 0.8137471494270732
2024-03-17 22:29:36,940 - 97/100, SSIM: 0.5242351696041663
2024-03-17 22:29:38,316 - 98/100, SSIM: 0.9488887474296355
2024-03-17 22:29:39,703 - 99/100, SSIM: 0.8726050950087327
2024-03-17 22:29:40,871 - 100/100, SSIM: 0.6563998395992805
2024-03-17 22:29:40,987 - SSIM in unknown_x4_valid_dataset: 0.7034163073396996
2024-03-19 11:02:58,568 - 1/14, PSNR: 13.486042022705078
2024-03-19 11:02:59,141 - 2/14, PSNR: 16.481813430786133
2024-03-19 11:02:59,593 - 3/14, PSNR: 12.653727531433105
2024-03-19 11:02:59,859 - 4/14, PSNR: 14.247273445129395
2024-03-19 11:03:00,111 - 5/14, PSNR: 11.894762992858887
2024-03-19 11:03:00,345 - 6/14, PSNR: 20.519678115844727
2024-03-19 11:03:00,704 - 7/14, PSNR: 15.03087329864502
2024-03-19 11:03:00,762 - 8/14, PSNR: 17.637813568115234
2024-03-19 11:03:00,824 - 9/14, PSNR: 19.476932525634766
2024-03-19 11:03:00,886 - 10/14, PSNR: 14.94560718536377
2024-03-19 11:03:01,485 - 11/14, PSNR: 16.65751075744629
2024-03-19 11:03:01,547 - 12/14, PSNR: 19.648836135864258
2024-03-19 11:03:02,091 - 13/14, PSNR: 13.245147705078125
2024-03-19 11:03:02,503 - 14/14, PSNR: 12.72813606262207
2024-03-19 11:03:02,512 - PSNR in unknown_x4_valid_dataset: 15.61815357208252
2024-03-19 11:03:02,710 - 1/14, SSIM: 0.4149984932995658
2024-03-19 11:03:02,950 - 2/14, SSIM: 0.5743331158418594
2024-03-19 11:03:03,145 - 3/14, SSIM: 0.15313349395235518
2024-03-19 11:03:03,248 - 4/14, SSIM: 0.15212327559680808
2024-03-19 11:03:03,343 - 5/14, SSIM: 0.32489618569608314
2024-03-19 11:03:03,434 - 6/14, SSIM: 0.642216042437657
2024-03-19 11:03:03,569 - 7/14, SSIM: 0.5858465357300126
2024-03-19 11:03:03,672 - 8/14, SSIM: 0.6303507565078514
2024-03-19 11:03:03,870 - 9/14, SSIM: 0.8740684293692589
2024-03-19 11:03:04,065 - 10/14, SSIM: 0.2734157620974754
2024-03-19 11:03:04,315 - 11/14, SSIM: 0.8194387790948073
2024-03-19 11:03:04,509 - 12/14, SSIM: 0.8740023641099584
2024-03-19 11:03:04,720 - 13/14, SSIM: 0.638760905900131
2024-03-19 11:03:04,875 - 14/14, SSIM: 0.5311848998812965
2024-03-19 11:03:04,887 - SSIM in unknown_x4_valid_dataset: 0.53491207425108
